Log file open, 01/14/20 13:52:30
LogWindows: Failed to load 'aqProf.dll' (GetLastError=126)
LogWindows: File 'aqProf.dll' does not exist
LogWindows: Failed to load 'VtuneApi.dll' (GetLastError=126)
LogWindows: File 'VtuneApi.dll' does not exist
LogWindows: Failed to load 'VtuneApi32e.dll' (GetLastError=126)
LogWindows: File 'VtuneApi32e.dll' does not exist
LogConsoleResponse: Display: Failed to find resolution value strings in scalability ini. Falling back to default.
LogInit: Display: Running engine for game: TopShooter
LogPakFile: Registered encryption key '00000000000000000000000000000000': 0 pak files mounted, 0 remain pending
LogPlatformFile: Not using cached read wrapper
LogTaskGraph: Started task graph with 5 named threads and 14 total threads with 3 sets of task threads.
LogStats: Stats thread started at 0.162073
LogD3D11RHI: Loaded GFSDK_Aftermath_Lib.x64.dll
LogICUInternationalization: ICU TimeZone Detection - Raw Offset: +1:00, Platform Override: ''
LogPluginManager: Mounting plugin Paper2D
LogPluginManager: Mounting plugin AISupport
LogPluginManager: Mounting plugin LightPropagationVolume
LogPluginManager: Mounting plugin ActorLayerUtilities
LogPluginManager: Mounting plugin AnimationSharing
LogPluginManager: Mounting plugin CLionSourceCodeAccess
LogPluginManager: Mounting plugin CodeLiteSourceCodeAccess
LogPluginManager: Mounting plugin GitSourceControl
LogPluginManager: Mounting plugin KDevelopSourceCodeAccess
LogPluginManager: Mounting plugin NullSourceCodeAccess
LogPluginManager: Mounting plugin PerforceSourceControl
LogPluginManager: Mounting plugin SubversionSourceControl
LogPluginManager: Mounting plugin UObjectPlugin
LogPluginManager: Mounting plugin VisualStudioCodeSourceCodeAccess
LogPluginManager: Mounting plugin VisualStudioSourceCodeAccess
LogPluginManager: Mounting plugin XCodeSourceCodeAccess
LogPluginManager: Mounting plugin AssetManagerEditor
LogPluginManager: Mounting plugin CryptoKeys
LogPluginManager: Mounting plugin DataValidation
LogPluginManager: Mounting plugin FacialAnimation
LogPluginManager: Mounting plugin GameplayTagsEditor
LogPluginManager: Mounting plugin MacGraphicsSwitching
LogPluginManager: Mounting plugin MaterialAnalyzer
LogPluginManager: Mounting plugin MobileLauncherProfileWizard
LogPluginManager: Mounting plugin PluginBrowser
LogPluginManager: Mounting plugin SpeedTreeImporter
LogPluginManager: Mounting plugin DatasmithContent
LogPluginManager: Mounting plugin VariantManagerContent
LogPluginManager: Mounting plugin AlembicImporter
LogPluginManager: Mounting plugin AppleImageUtils
LogPluginManager: Mounting plugin AppleVision
LogPluginManager: Mounting plugin BackChannel
LogPluginManager: Mounting plugin CharacterAI
LogPluginManager: Mounting plugin GeometryCache
LogPluginManager: Mounting plugin HTML5Networking
LogPluginManager: Mounting plugin ProxyLODPlugin
LogPluginManager: Mounting plugin SkeletalReduction
LogPluginManager: Mounting plugin MagicLeap
LogPluginManager: Mounting plugin MagicLeapMedia
LogPluginManager: Mounting plugin AndroidMedia
LogPluginManager: Mounting plugin AvfMedia
LogPluginManager: Mounting plugin ImgMedia
LogPluginManager: Mounting plugin LinearTimecode
LogPluginManager: Mounting plugin MediaCompositing
LogPluginManager: Mounting plugin MediaPlayerEditor
LogPluginManager: Mounting plugin WebMMedia
LogPluginManager: Mounting plugin WmfMedia
LogPluginManager: Mounting plugin TcpMessaging
LogPluginManager: Mounting plugin UdpMessaging
LogPluginManager: Mounting plugin ActorSequence
LogPluginManager: Mounting plugin LevelSequenceEditor
LogPluginManager: Mounting plugin MatineeToLevelSequence
LogPluginManager: Mounting plugin NetcodeUnitTest
LogPluginManager: Mounting plugin NUTUnrealEngine4
LogPluginManager: Mounting plugin OnlineSubsystemGooglePlay
LogPluginManager: Mounting plugin OnlineSubsystemIOS
LogPluginManager: Mounting plugin OnlineSubsystem
LogPluginManager: Mounting plugin OnlineSubsystemNull
LogPluginManager: Mounting plugin OnlineSubsystemUtils
LogPluginManager: Mounting plugin LauncherChunkInstaller
LogPluginManager: Mounting plugin AndroidDeviceProfileSelector
LogPluginManager: Mounting plugin AndroidMoviePlayer
LogPluginManager: Mounting plugin AndroidPermission
LogPluginManager: Mounting plugin AppleMoviePlayer
LogPluginManager: Mounting plugin ArchVisCharacter
LogPluginManager: Mounting plugin AudioCapture
LogPluginManager: Mounting plugin CableComponent
LogPluginManager: Mounting plugin CustomMeshComponent
LogPluginManager: Mounting plugin EditableMesh
LogPluginManager: Mounting plugin ExampleDeviceProfileSelector
LogPluginManager: Mounting plugin Firebase
LogPluginManager: Mounting plugin GoogleCloudMessaging
LogPluginManager: Mounting plugin IOSDeviceProfileSelector
LogPluginManager: Mounting plugin LinuxDeviceProfileSelector
LogPluginManager: Mounting plugin LocationServicesBPLibrary
LogPluginManager: Mounting plugin MobilePatchingUtils
LogPluginManager: Mounting plugin OculusVR
LogPluginManager: Mounting plugin PhysXVehicles
LogPluginManager: Mounting plugin ProceduralMeshComponent
LogPluginManager: Mounting plugin RuntimePhysXCooking
LogPluginManager: Mounting plugin SignificanceManager
LogPluginManager: Mounting plugin SteamVR
LogPluginManager: Mounting plugin WebMMoviePlayer
LogPluginManager: Mounting plugin WindowsMoviePlayer
LogInit: Using libcurl 7.55.1-DEV
LogInit:  - built for x86_64-pc-win32
LogInit:  - supports SSL with OpenSSL/1.1.1
LogInit:  - supports HTTP deflate (compression) using libz 1.2.8
LogInit:  - other features:
LogInit:      CURL_VERSION_SSL
LogInit:      CURL_VERSION_LIBZ
LogInit:      CURL_VERSION_IPV6
LogInit:      CURL_VERSION_ASYNCHDNS
LogInit:      CURL_VERSION_LARGEFILE
LogInit:      CURL_VERSION_IDN
LogInit:  CurlRequestOptions (configurable via config and command line):
LogInit:  - bVerifyPeer = true  - Libcurl will verify peer certificate
LogInit:  - bUseHttpProxy = false  - Libcurl will NOT use HTTP proxy
LogInit:  - bDontReuseConnections = false  - Libcurl will reuse connections
LogInit:  - MaxHostConnections = 16  - Libcurl will limit the number of connections to a host
LogInit:  - LocalHostAddr = Default
LogInit:  - BufferSize = 65536
LogInit: WinSock: version 1.1 (2.2), MaxSocks=32767, MaxUdp=65467
LogInit: Build: ++UE4+Release-4.22-CL-7053642
LogInit: Engine Version: 4.22.3-7053642+++UE4+Release-4.22
LogInit: Compatible Engine Version: 4.22.0-5660361+++UE4+Release-4.22
LogInit: Net CL: 5660361
LogInit: OS: Windows 8.1 (), CPU: Intel(R) Core(TM) i5-4690K CPU @ 3.50GHz, GPU: NVIDIA GeForce GTX 970
LogInit: Compiled (64-bit): Jun 18 2019 03:09:11
LogInit: Compiled with Visual C++: 19.16.27025.01
LogInit: Build Configuration: Development
LogInit: Branch Name: ++UE4+Release-4.22
LogInit: Command Line: 
LogInit: Base Directory: D:/Program Files (x86)/Epic Games/UE_4.22/Engine/Binaries/Win64/
LogInit: Installed Engine Build: 1
LogDevObjectVersion: Number of dev versions registered: 23
LogDevObjectVersion:   Dev-Blueprints (B0D832E4-1F89-4F0D-ACCF-7EB736FD4AA2): 10
LogDevObjectVersion:   Dev-Build (E1C64328-A22C-4D53-A36C-8E866417BD8C): 0
LogDevObjectVersion:   Dev-Core (375EC13C-06E4-48FB-B500-84F0262A717E): 3
LogDevObjectVersion:   Dev-Editor (E4B068ED-F494-42E9-A231-DA0B2E46BB41): 30
LogDevObjectVersion:   Dev-Framework (CFFC743F-43B0-4480-9391-14DF171D2073): 35
LogDevObjectVersion:   Dev-Mobile (B02B49B5-BB20-44E9-A304-32B752E40360): 2
LogDevObjectVersion:   Dev-Networking (A4E4105C-59A1-49B5-A7C5-40C4547EDFEE): 0
LogDevObjectVersion:   Dev-Online (39C831C9-5AE6-47DC-9A44-9C173E1C8E7C): 0
LogDevObjectVersion:   Dev-Physics (78F01B33-EBEA-4F98-B9B4-84EACCB95AA2): 0
LogDevObjectVersion:   Dev-Platform (6631380F-2D4D-43E0-8009-CF276956A95A): 0
LogDevObjectVersion:   Dev-Rendering (12F88B9F-8875-4AFC-A67C-D90C383ABD29): 28
LogDevObjectVersion:   Dev-Sequencer (7B5AE74C-D270-4C10-A958-57980B212A5A): 11
LogDevObjectVersion:   Dev-VR (D7296918-1DD6-4BDD-9DE2-64A83CC13884): 2
LogDevObjectVersion:   Dev-LoadTimes (C2A15278-BFE7-4AFE-6C17-90FF531DF755): 1
LogDevObjectVersion:   Private-Geometry (6EACA3D4-40EC-4CC1-B786-8BED09428FC5): 3
LogDevObjectVersion:   Dev-AnimPhys (29E575DD-E0A3-4627-9D10-D276232CDCEA): 17
LogDevObjectVersion:   Dev-Anim (AF43A65D-7FD3-4947-9873-3E8ED9C1BB05): 2
LogDevObjectVersion:   Dev-ReflectionCapture (6B266CEC-1EC7-4B8F-A30B-E4D90942FC07): 1
LogDevObjectVersion:   Dev-Automation (0DF73D61-A23F-47EA-B727-89E90C41499A): 1
LogDevObjectVersion:   FortniteMain (601D1886-AC64-4F84-AA16-D3DE0DEAC7D6): 25
LogDevObjectVersion:   Dev-Enterprise (9DFFBCD6-494F-0158-E221-12823C92A888): 6
LogDevObjectVersion:   Dev-Niagara (F2AED0AC-9AFE-416F-8664-AA7FFA26D6FC): 1
LogDevObjectVersion:   Dev-Destruction (174F1F0B-B4C6-45A5-B13F-2EE8D0FB917D): 2
LogInit: Presizing for max 16777216 objects, including 0 objects not considered by GC, pre-allocating 0 bytes for permanent pool.
LogInit: Object subsystem initialized
LogConfig: Setting CVar [[con.DebugEarlyDefault:1]]
LogConfig: Setting CVar [[r.setres:1280x720]]
[2020.01.14-12.52.30:410][  0]LogConfig: Setting CVar [[r.VSync:0]]
[2020.01.14-12.52.30:410][  0]LogConfig: Setting CVar [[r.RHICmdBypass:0]]
[2020.01.14-12.52.30:410][  0]LogConfig: Applying CVar settings from Section [/Script/Engine.RendererSettings] File [D:/GitHub/PruebaNovarama/TopShooter/Saved/Config/Windows/Engine.ini]
[2020.01.14-12.52.30:410][  0]LogConfig: Setting CVar [[r.GPUCrashDebugging:0]]
[2020.01.14-12.52.30:410][  0]LogConfig: Applying CVar settings from Section [/Script/Engine.RendererOverrideSettings] File [D:/GitHub/PruebaNovarama/TopShooter/Saved/Config/Windows/Engine.ini]
[2020.01.14-12.52.30:410][  0]LogConfig: Applying CVar settings from Section [/Script/Engine.StreamingSettings] File [D:/GitHub/PruebaNovarama/TopShooter/Saved/Config/Windows/Engine.ini]
[2020.01.14-12.52.30:410][  0]LogConfig: Setting CVar [[s.MinBulkDataSizeForAsyncLoading:131072]]
[2020.01.14-12.52.30:410][  0]LogConfig: Setting CVar [[s.AsyncLoadingThreadEnabled:0]]
[2020.01.14-12.52.30:410][  0]LogConfig: Setting CVar [[s.EventDrivenLoaderEnabled:1]]
[2020.01.14-12.52.30:410][  0]LogConfig: Setting CVar [[s.WarnIfTimeLimitExceeded:0]]
[2020.01.14-12.52.30:410][  0]LogConfig: Setting CVar [[s.TimeLimitExceededMultiplier:1.5]]
[2020.01.14-12.52.30:410][  0]LogConfig: Setting CVar [[s.TimeLimitExceededMinTime:0.005]]
[2020.01.14-12.52.30:411][  0]LogConfig: Setting CVar [[s.UseBackgroundLevelStreaming:1]]
[2020.01.14-12.52.30:411][  0]LogConfig: Setting CVar [[s.PriorityAsyncLoadingExtraTime:15.0]]
[2020.01.14-12.52.30:411][  0]LogConfig: Setting CVar [[s.LevelStreamingActorsUpdateTimeLimit:5.0]]
[2020.01.14-12.52.30:411][  0]LogConfig: Setting CVar [[s.PriorityLevelStreamingActorsUpdateExtraTime:5.0]]
[2020.01.14-12.52.30:411][  0]LogConfig: Setting CVar [[s.LevelStreamingComponentsRegistrationGranularity:10]]
[2020.01.14-12.52.30:411][  0]LogConfig: Setting CVar [[s.UnregisterComponentsTimeLimit:1.0]]
[2020.01.14-12.52.30:411][  0]LogConfig: Setting CVar [[s.LevelStreamingComponentsUnregistrationGranularity:5]]
[2020.01.14-12.52.30:411][  0]LogConfig: Applying CVar settings from Section [/Script/Engine.GarbageCollectionSettings] File [D:/GitHub/PruebaNovarama/TopShooter/Saved/Config/Windows/Engine.ini]
[2020.01.14-12.52.30:411][  0]LogConfig: Setting CVar [[gc.MaxObjectsNotConsideredByGC:1]]
[2020.01.14-12.52.30:411][  0]LogConfig: Setting CVar [[gc.SizeOfPermanentObjectPool:0]]
[2020.01.14-12.52.30:411][  0]LogConfig: Setting CVar [[gc.FlushStreamingOnGC:0]]
[2020.01.14-12.52.30:411][  0]LogConfig: Setting CVar [[gc.NumRetriesBeforeForcingGC:10]]
[2020.01.14-12.52.30:411][  0]LogConfig: Setting CVar [[gc.AllowParallelGC:1]]
[2020.01.14-12.52.30:411][  0]LogConfig: Setting CVar [[gc.TimeBetweenPurgingPendingKillObjects:61.1]]
[2020.01.14-12.52.30:411][  0]LogConfig: Setting CVar [[gc.MaxObjectsInEditor:16777216]]
[2020.01.14-12.52.30:411][  0]LogConfig: Setting CVar [[gc.IncrementalBeginDestroyEnabled:1]]
[2020.01.14-12.52.30:411][  0]LogConfig: Setting CVar [[gc.CreateGCClusters:1]]
[2020.01.14-12.52.30:411][  0]LogConfig: Setting CVar [[gc.MinGCClusterSize:5]]
[2020.01.14-12.52.30:411][  0]LogConfig: Setting CVar [[gc.ActorClusteringEnabled:0]]
[2020.01.14-12.52.30:411][  0]LogConfig: Setting CVar [[gc.BlueprintClusteringEnabled:0]]
[2020.01.14-12.52.30:411][  0]LogConfig: Setting CVar [[gc.UseDisregardForGCOnDedicatedServers:0]]
[2020.01.14-12.52.30:411][  0]LogConfig: Applying CVar settings from Section [/Script/Engine.NetworkSettings] File [D:/GitHub/PruebaNovarama/TopShooter/Saved/Config/Windows/Engine.ini]
[2020.01.14-12.52.30:411][  0]LogConfig: Applying CVar settings from Section [/Script/UnrealEd.CookerSettings] File [D:/GitHub/PruebaNovarama/TopShooter/Saved/Config/Windows/Engine.ini]
[2020.01.14-12.52.30:412][  0]LogConfig: Applying CVar settings from Section [ViewDistanceQuality@3] File [D:/GitHub/PruebaNovarama/TopShooter/Saved/Config/Windows/Scalability.ini]
[2020.01.14-12.52.30:412][  0]LogConfig: Setting CVar [[r.SkeletalMeshLODBias:0]]
[2020.01.14-12.52.30:412][  0]LogConfig: Setting CVar [[r.ViewDistanceScale:1.0]]
[2020.01.14-12.52.30:412][  0]LogConfig: Applying CVar settings from Section [AntiAliasingQuality@3] File [D:/GitHub/PruebaNovarama/TopShooter/Saved/Config/Windows/Scalability.ini]
[2020.01.14-12.52.30:412][  0]LogConfig: Setting CVar [[r.PostProcessAAQuality:4]]
[2020.01.14-12.52.30:412][  0]LogConfig: Applying CVar settings from Section [ShadowQuality@3] File [D:/GitHub/PruebaNovarama/TopShooter/Saved/Config/Windows/Scalability.ini]
[2020.01.14-12.52.30:412][  0]LogConfig: Setting CVar [[r.LightFunctionQuality:1]]
[2020.01.14-12.52.30:412][  0]LogConfig: Setting CVar [[r.ShadowQuality:5]]
[2020.01.14-12.52.30:412][  0]LogConfig: Setting CVar [[r.Shadow.CSM.MaxCascades:10]]
[2020.01.14-12.52.30:412][  0]LogConfig: Setting CVar [[r.Shadow.MaxResolution:2048]]
[2020.01.14-12.52.30:412][  0]LogConfig: Setting CVar [[r.Shadow.MaxCSMResolution:2048]]
[2020.01.14-12.52.30:412][  0]LogConfig: Setting CVar [[r.Shadow.RadiusThreshold:0.01]]
[2020.01.14-12.52.30:412][  0]LogConfig: Setting CVar [[r.Shadow.DistanceScale:1.0]]
[2020.01.14-12.52.30:412][  0]LogConfig: Setting CVar [[r.Shadow.CSM.TransitionScale:1.0]]
[2020.01.14-12.52.30:412][  0]LogConfig: Setting CVar [[r.Shadow.PreShadowResolutionFactor:1.0]]
[2020.01.14-12.52.30:412][  0]LogConfig: Setting CVar [[r.DistanceFieldShadowing:1]]
[2020.01.14-12.52.30:412][  0]LogConfig: Setting CVar [[r.DistanceFieldAO:1]]
[2020.01.14-12.52.30:412][  0]LogConfig: Setting CVar [[r.AOQuality:2]]
[2020.01.14-12.52.30:412][  0]LogConfig: Setting CVar [[r.VolumetricFog:1]]
[2020.01.14-12.52.30:412][  0]LogConfig: Setting CVar [[r.VolumetricFog.GridPixelSize:8]]
[2020.01.14-12.52.30:412][  0]LogConfig: Setting CVar [[r.VolumetricFog.GridSizeZ:128]]
[2020.01.14-12.52.30:412][  0]LogConfig: Setting CVar [[r.VolumetricFog.HistoryMissSupersampleCount:4]]
[2020.01.14-12.52.30:413][  0]LogConfig: Setting CVar [[r.LightMaxDrawDistanceScale:1]]
[2020.01.14-12.52.30:413][  0]LogConfig: Setting CVar [[r.CapsuleShadows:1]]
[2020.01.14-12.52.30:413][  0]LogConfig: Applying CVar settings from Section [PostProcessQuality@3] File [D:/GitHub/PruebaNovarama/TopShooter/Saved/Config/Windows/Scalability.ini]
[2020.01.14-12.52.30:413][  0]LogConfig: Setting CVar [[r.MotionBlurQuality:4]]
[2020.01.14-12.52.30:413][  0]LogConfig: Setting CVar [[r.AmbientOcclusionMipLevelFactor:0.4]]
[2020.01.14-12.52.30:413][  0]LogConfig: Setting CVar [[r.AmbientOcclusionMaxQuality:100]]
[2020.01.14-12.52.30:413][  0]LogConfig: Setting CVar [[r.AmbientOcclusionLevels:-1]]
[2020.01.14-12.52.30:413][  0]LogConfig: Setting CVar [[r.AmbientOcclusionRadiusScale:1.0]]
[2020.01.14-12.52.30:413][  0]LogConfig: Setting CVar [[r.DepthOfFieldQuality:2]]
[2020.01.14-12.52.30:413][  0]LogConfig: Setting CVar [[r.RenderTargetPoolMin:400]]
[2020.01.14-12.52.30:413][  0]LogConfig: Setting CVar [[r.LensFlareQuality:2]]
[2020.01.14-12.52.30:413][  0]LogConfig: Setting CVar [[r.SceneColorFringeQuality:1]]
[2020.01.14-12.52.30:413][  0]LogConfig: Setting CVar [[r.EyeAdaptationQuality:2]]
[2020.01.14-12.52.30:413][  0]LogConfig: Setting CVar [[r.BloomQuality:5]]
[2020.01.14-12.52.30:413][  0]LogConfig: Setting CVar [[r.FastBlurThreshold:100]]
[2020.01.14-12.52.30:413][  0]LogConfig: Setting CVar [[r.Upscale.Quality:3]]
[2020.01.14-12.52.30:413][  0]LogConfig: Setting CVar [[r.Tonemapper.GrainQuantization:1]]
[2020.01.14-12.52.30:413][  0]LogConfig: Setting CVar [[r.LightShaftQuality:1]]
[2020.01.14-12.52.30:413][  0]LogConfig: Setting CVar [[r.Filter.SizeScale:1]]
[2020.01.14-12.52.30:413][  0]LogConfig: Setting CVar [[r.Tonemapper.Quality:5]]
[2020.01.14-12.52.30:413][  0]LogConfig: Setting CVar [[r.DOF.Gather.AccumulatorQuality:1        ; higher gathering accumulator quality]]
[2020.01.14-12.52.30:413][  0]LogConfig: Setting CVar [[r.DOF.Gather.PostfilterMethod:1          ; Median3x3 postfilering method]]
[2020.01.14-12.52.30:413][  0]LogConfig: Setting CVar [[r.DOF.Gather.EnableBokehSettings:0       ; no bokeh simulation when gathering]]
[2020.01.14-12.52.30:413][  0]LogConfig: Setting CVar [[r.DOF.Gather.RingCount:4                 ; medium number of samples when gathering]]
[2020.01.14-12.52.30:413][  0]LogConfig: Setting CVar [[r.DOF.Scatter.ForegroundCompositing:1    ; additive foreground scattering]]
[2020.01.14-12.52.30:413][  0]LogConfig: Setting CVar [[r.DOF.Scatter.BackgroundCompositing:2    ; additive background scattering]]
[2020.01.14-12.52.30:413][  0]LogConfig: Setting CVar [[r.DOF.Scatter.EnableBokehSettings:1      ; bokeh simulation when scattering]]
[2020.01.14-12.52.30:413][  0]LogConfig: Setting CVar [[r.DOF.Scatter.MaxSpriteRatio:0.1         ; only a maximum of 10% of scattered bokeh]]
[2020.01.14-12.52.30:413][  0]LogConfig: Setting CVar [[r.DOF.Recombine.Quality:1                ; cheap slight out of focus]]
[2020.01.14-12.52.30:413][  0]LogConfig: Setting CVar [[r.DOF.Recombine.EnableBokehSettings:0    ; no bokeh simulation on slight out of focus]]
[2020.01.14-12.52.30:413][  0]LogConfig: Setting CVar [[r.DOF.TemporalAAQuality:1                ; more stable temporal accumulation]]
[2020.01.14-12.52.30:413][  0]LogConfig: Setting CVar [[r.DOF.Kernel.MaxForegroundRadius:0.025]]
[2020.01.14-12.52.30:413][  0]LogConfig: Setting CVar [[r.DOF.Kernel.MaxBackgroundRadius:0.025]]
[2020.01.14-12.52.30:413][  0]LogConfig: Applying CVar settings from Section [TextureQuality@3] File [D:/GitHub/PruebaNovarama/TopShooter/Saved/Config/Windows/Scalability.ini]
[2020.01.14-12.52.30:413][  0]LogConfig: Setting CVar [[r.Streaming.MipBias:0]]
[2020.01.14-12.52.30:413][  0]LogConfig: Setting CVar [[r.Streaming.AmortizeCPUToGPUCopy:0]]
[2020.01.14-12.52.30:413][  0]LogConfig: Setting CVar [[r.Streaming.MaxNumTexturesToStreamPerFrame:0]]
[2020.01.14-12.52.30:413][  0]LogConfig: Setting CVar [[r.Streaming.Boost:1]]
[2020.01.14-12.52.30:413][  0]LogConfig: Setting CVar [[r.MaxAnisotropy:8]]
[2020.01.14-12.52.30:413][  0]LogConfig: Setting CVar [[r.Streaming.LimitPoolSizeToVRAM:0]]
[2020.01.14-12.52.30:413][  0]LogConfig: Setting CVar [[r.Streaming.PoolSize:1000]]
[2020.01.14-12.52.30:413][  0]LogConfig: Setting CVar [[r.Streaming.MaxEffectiveScreenSize:0]]
[2020.01.14-12.52.30:413][  0]LogConfig: Applying CVar settings from Section [EffectsQuality@3] File [D:/GitHub/PruebaNovarama/TopShooter/Saved/Config/Windows/Scalability.ini]
[2020.01.14-12.52.30:413][  0]LogConfig: Setting CVar [[r.TranslucencyLightingVolumeDim:64]]
[2020.01.14-12.52.30:413][  0]LogConfig: Setting CVar [[r.RefractionQuality:2]]
[2020.01.14-12.52.30:413][  0]LogConfig: Setting CVar [[r.SSR.Quality:3]]
[2020.01.14-12.52.30:413][  0]LogConfig: Setting CVar [[r.SceneColorFormat:4]]
[2020.01.14-12.52.30:413][  0]LogConfig: Setting CVar [[r.DetailMode:2]]
[2020.01.14-12.52.30:413][  0]LogConfig: Setting CVar [[r.TranslucencyVolumeBlur:1]]
[2020.01.14-12.52.30:413][  0]LogConfig: Setting CVar [[r.MaterialQualityLevel:1 ; High quality]]
[2020.01.14-12.52.30:413][  0]LogConfig: Setting CVar [[r.SSS.Scale:1]]
[2020.01.14-12.52.30:413][  0]LogConfig: Setting CVar [[r.SSS.SampleSet:2]]
[2020.01.14-12.52.30:413][  0]LogConfig: Setting CVar [[r.SSS.Quality:1]]
[2020.01.14-12.52.30:413][  0]LogConfig: Setting CVar [[r.SSS.HalfRes:1]]
[2020.01.14-12.52.30:413][  0]LogConfig: Setting CVar [[r.EmitterSpawnRateScale:1.0]]
[2020.01.14-12.52.30:413][  0]LogConfig: Setting CVar [[r.ParticleLightQuality:2]]
[2020.01.14-12.52.30:413][  0]LogConfig: Applying CVar settings from Section [FoliageQuality@3] File [D:/GitHub/PruebaNovarama/TopShooter/Saved/Config/Windows/Scalability.ini]
[2020.01.14-12.52.30:413][  0]LogConfig: Setting CVar [[foliage.DensityScale:1.0]]
[2020.01.14-12.52.30:413][  0]LogConfig: Setting CVar [[grass.DensityScale:1.0]]
[2020.01.14-12.52.30:413][  0]LogInit: Selected Device Profile: [Windows]
[2020.01.14-12.52.30:413][  0]LogInit: Applying CVar settings loaded from the selected device profile: [Windows]
[2020.01.14-12.52.30:425][  0]LogHAL: Display: Platform has ~ 16 GB [17119150080 / 17179869184 / 16], which maps to Larger [LargestMinGB=32, LargerMinGB=12, DefaultMinGB=8, SmallerMinGB=6, SmallestMinGB=0)
[2020.01.14-12.52.30:426][  0]LogConfig: Setting CVar [[r.Vulkan.UseRealUBs:0		; Required until we fix HLR fall-out]]
[2020.01.14-12.52.30:426][  0]LogInit: Going up to parent DeviceProfile []
[2020.01.14-12.52.30:426][  0]LogConfig: Applying CVar settings from Section [ViewDistanceQuality@3] File [D:/GitHub/PruebaNovarama/TopShooter/Saved/Config/Windows/Scalability.ini]
[2020.01.14-12.52.30:426][  0]LogConfig: Setting CVar [[r.SkeletalMeshLODBias:0]]
[2020.01.14-12.52.30:426][  0]LogConfig: Setting CVar [[r.ViewDistanceScale:1.0]]
[2020.01.14-12.52.30:426][  0]LogConfig: Applying CVar settings from Section [AntiAliasingQuality@3] File [D:/GitHub/PruebaNovarama/TopShooter/Saved/Config/Windows/Scalability.ini]
[2020.01.14-12.52.30:426][  0]LogConfig: Setting CVar [[r.PostProcessAAQuality:4]]
[2020.01.14-12.52.30:426][  0]LogConfig: Applying CVar settings from Section [ShadowQuality@3] File [D:/GitHub/PruebaNovarama/TopShooter/Saved/Config/Windows/Scalability.ini]
[2020.01.14-12.52.30:426][  0]LogConfig: Setting CVar [[r.LightFunctionQuality:1]]
[2020.01.14-12.52.30:426][  0]LogConfig: Setting CVar [[r.ShadowQuality:5]]
[2020.01.14-12.52.30:426][  0]LogConfig: Setting CVar [[r.Shadow.CSM.MaxCascades:10]]
[2020.01.14-12.52.30:426][  0]LogConfig: Setting CVar [[r.Shadow.MaxResolution:2048]]
[2020.01.14-12.52.30:426][  0]LogConfig: Setting CVar [[r.Shadow.MaxCSMResolution:2048]]
[2020.01.14-12.52.30:426][  0]LogConfig: Setting CVar [[r.Shadow.RadiusThreshold:0.01]]
[2020.01.14-12.52.30:426][  0]LogConfig: Setting CVar [[r.Shadow.DistanceScale:1.0]]
[2020.01.14-12.52.30:426][  0]LogConfig: Setting CVar [[r.Shadow.CSM.TransitionScale:1.0]]
[2020.01.14-12.52.30:426][  0]LogConfig: Setting CVar [[r.Shadow.PreShadowResolutionFactor:1.0]]
[2020.01.14-12.52.30:426][  0]LogConfig: Setting CVar [[r.DistanceFieldShadowing:1]]
[2020.01.14-12.52.30:426][  0]LogConfig: Setting CVar [[r.DistanceFieldAO:1]]
[2020.01.14-12.52.30:426][  0]LogConfig: Setting CVar [[r.AOQuality:2]]
[2020.01.14-12.52.30:426][  0]LogConfig: Setting CVar [[r.VolumetricFog:1]]
[2020.01.14-12.52.30:426][  0]LogConfig: Setting CVar [[r.VolumetricFog.GridPixelSize:8]]
[2020.01.14-12.52.30:426][  0]LogConfig: Setting CVar [[r.VolumetricFog.GridSizeZ:128]]
[2020.01.14-12.52.30:426][  0]LogConfig: Setting CVar [[r.VolumetricFog.HistoryMissSupersampleCount:4]]
[2020.01.14-12.52.30:426][  0]LogConfig: Setting CVar [[r.LightMaxDrawDistanceScale:1]]
[2020.01.14-12.52.30:426][  0]LogConfig: Setting CVar [[r.CapsuleShadows:1]]
[2020.01.14-12.52.30:426][  0]LogConfig: Applying CVar settings from Section [PostProcessQuality@3] File [D:/GitHub/PruebaNovarama/TopShooter/Saved/Config/Windows/Scalability.ini]
[2020.01.14-12.52.30:426][  0]LogConfig: Setting CVar [[r.MotionBlurQuality:4]]
[2020.01.14-12.52.30:426][  0]LogConfig: Setting CVar [[r.AmbientOcclusionMipLevelFactor:0.4]]
[2020.01.14-12.52.30:426][  0]LogConfig: Setting CVar [[r.AmbientOcclusionMaxQuality:100]]
[2020.01.14-12.52.30:426][  0]LogConfig: Setting CVar [[r.AmbientOcclusionLevels:-1]]
[2020.01.14-12.52.30:426][  0]LogConfig: Setting CVar [[r.AmbientOcclusionRadiusScale:1.0]]
[2020.01.14-12.52.30:426][  0]LogConfig: Setting CVar [[r.DepthOfFieldQuality:2]]
[2020.01.14-12.52.30:426][  0]LogConfig: Setting CVar [[r.RenderTargetPoolMin:400]]
[2020.01.14-12.52.30:426][  0]LogConfig: Setting CVar [[r.LensFlareQuality:2]]
[2020.01.14-12.52.30:426][  0]LogConfig: Setting CVar [[r.SceneColorFringeQuality:1]]
[2020.01.14-12.52.30:426][  0]LogConfig: Setting CVar [[r.EyeAdaptationQuality:2]]
[2020.01.14-12.52.30:426][  0]LogConfig: Setting CVar [[r.BloomQuality:5]]
[2020.01.14-12.52.30:426][  0]LogConfig: Setting CVar [[r.FastBlurThreshold:100]]
[2020.01.14-12.52.30:426][  0]LogConfig: Setting CVar [[r.Upscale.Quality:3]]
[2020.01.14-12.52.30:426][  0]LogConfig: Setting CVar [[r.Tonemapper.GrainQuantization:1]]
[2020.01.14-12.52.30:426][  0]LogConfig: Setting CVar [[r.LightShaftQuality:1]]
[2020.01.14-12.52.30:426][  0]LogConfig: Setting CVar [[r.Filter.SizeScale:1]]
[2020.01.14-12.52.30:426][  0]LogConfig: Setting CVar [[r.Tonemapper.Quality:5]]
[2020.01.14-12.52.30:426][  0]LogConfig: Setting CVar [[r.DOF.Gather.AccumulatorQuality:1        ; higher gathering accumulator quality]]
[2020.01.14-12.52.30:426][  0]LogConfig: Setting CVar [[r.DOF.Gather.PostfilterMethod:1          ; Median3x3 postfilering method]]
[2020.01.14-12.52.30:426][  0]LogConfig: Setting CVar [[r.DOF.Gather.EnableBokehSettings:0       ; no bokeh simulation when gathering]]
[2020.01.14-12.52.30:426][  0]LogConfig: Setting CVar [[r.DOF.Gather.RingCount:4                 ; medium number of samples when gathering]]
[2020.01.14-12.52.30:426][  0]LogConfig: Setting CVar [[r.DOF.Scatter.ForegroundCompositing:1    ; additive foreground scattering]]
[2020.01.14-12.52.30:426][  0]LogConfig: Setting CVar [[r.DOF.Scatter.BackgroundCompositing:2    ; additive background scattering]]
[2020.01.14-12.52.30:426][  0]LogConfig: Setting CVar [[r.DOF.Scatter.EnableBokehSettings:1      ; bokeh simulation when scattering]]
[2020.01.14-12.52.30:426][  0]LogConfig: Setting CVar [[r.DOF.Scatter.MaxSpriteRatio:0.1         ; only a maximum of 10% of scattered bokeh]]
[2020.01.14-12.52.30:426][  0]LogConfig: Setting CVar [[r.DOF.Recombine.Quality:1                ; cheap slight out of focus]]
[2020.01.14-12.52.30:426][  0]LogConfig: Setting CVar [[r.DOF.Recombine.EnableBokehSettings:0    ; no bokeh simulation on slight out of focus]]
[2020.01.14-12.52.30:426][  0]LogConfig: Setting CVar [[r.DOF.TemporalAAQuality:1                ; more stable temporal accumulation]]
[2020.01.14-12.52.30:426][  0]LogConfig: Setting CVar [[r.DOF.Kernel.MaxForegroundRadius:0.025]]
[2020.01.14-12.52.30:426][  0]LogConfig: Setting CVar [[r.DOF.Kernel.MaxBackgroundRadius:0.025]]
[2020.01.14-12.52.30:426][  0]LogConfig: Applying CVar settings from Section [TextureQuality@3] File [D:/GitHub/PruebaNovarama/TopShooter/Saved/Config/Windows/Scalability.ini]
[2020.01.14-12.52.30:426][  0]LogConfig: Setting CVar [[r.Streaming.MipBias:0]]
[2020.01.14-12.52.30:426][  0]LogConfig: Setting CVar [[r.Streaming.AmortizeCPUToGPUCopy:0]]
[2020.01.14-12.52.30:426][  0]LogConfig: Setting CVar [[r.Streaming.MaxNumTexturesToStreamPerFrame:0]]
[2020.01.14-12.52.30:426][  0]LogConfig: Setting CVar [[r.Streaming.Boost:1]]
[2020.01.14-12.52.30:426][  0]LogConfig: Setting CVar [[r.MaxAnisotropy:8]]
[2020.01.14-12.52.30:426][  0]LogConfig: Setting CVar [[r.Streaming.LimitPoolSizeToVRAM:0]]
[2020.01.14-12.52.30:426][  0]LogConfig: Setting CVar [[r.Streaming.PoolSize:1000]]
[2020.01.14-12.52.30:426][  0]LogConfig: Setting CVar [[r.Streaming.MaxEffectiveScreenSize:0]]
[2020.01.14-12.52.30:426][  0]LogConfig: Applying CVar settings from Section [EffectsQuality@3] File [D:/GitHub/PruebaNovarama/TopShooter/Saved/Config/Windows/Scalability.ini]
[2020.01.14-12.52.30:426][  0]LogConfig: Setting CVar [[r.TranslucencyLightingVolumeDim:64]]
[2020.01.14-12.52.30:426][  0]LogConfig: Setting CVar [[r.RefractionQuality:2]]
[2020.01.14-12.52.30:426][  0]LogConfig: Setting CVar [[r.SSR.Quality:3]]
[2020.01.14-12.52.30:426][  0]LogConfig: Setting CVar [[r.SceneColorFormat:4]]
[2020.01.14-12.52.30:426][  0]LogConfig: Setting CVar [[r.DetailMode:2]]
[2020.01.14-12.52.30:426][  0]LogConfig: Setting CVar [[r.TranslucencyVolumeBlur:1]]
[2020.01.14-12.52.30:426][  0]LogConfig: Setting CVar [[r.MaterialQualityLevel:1 ; High quality]]
[2020.01.14-12.52.30:426][  0]LogConfig: Setting CVar [[r.SSS.Scale:1]]
[2020.01.14-12.52.30:426][  0]LogConfig: Setting CVar [[r.SSS.SampleSet:2]]
[2020.01.14-12.52.30:426][  0]LogConfig: Setting CVar [[r.SSS.Quality:1]]
[2020.01.14-12.52.30:426][  0]LogConfig: Setting CVar [[r.SSS.HalfRes:1]]
[2020.01.14-12.52.30:426][  0]LogConfig: Setting CVar [[r.EmitterSpawnRateScale:1.0]]
[2020.01.14-12.52.30:426][  0]LogConfig: Setting CVar [[r.ParticleLightQuality:2]]
[2020.01.14-12.52.30:426][  0]LogConfig: Applying CVar settings from Section [FoliageQuality@3] File [D:/GitHub/PruebaNovarama/TopShooter/Saved/Config/Windows/Scalability.ini]
[2020.01.14-12.52.30:426][  0]LogConfig: Setting CVar [[foliage.DensityScale:1.0]]
[2020.01.14-12.52.30:426][  0]LogConfig: Setting CVar [[grass.DensityScale:1.0]]
[2020.01.14-12.52.30:426][  0]LogConfig: Applying CVar settings from Section [Startup] File [../../../Engine/Config/ConsoleVariables.ini]
[2020.01.14-12.52.30:427][  0]LogConfig: Setting CVar [[net.UseAdaptiveNetUpdateFrequency:0]]
[2020.01.14-12.52.30:427][  0]LogConfig: Setting CVar [[p.chaos.AllowCreatePhysxBodies:1]]
[2020.01.14-12.52.30:427][  0]LogConfig: Applying CVar settings from Section [ConsoleVariables] File [D:/GitHub/PruebaNovarama/TopShooter/Saved/Config/Windows/Engine.ini]
[2020.01.14-12.52.30:427][  0]LogInit: Computer: DAVIDMASTERRACE
[2020.01.14-12.52.30:427][  0]LogInit: User: David
[2020.01.14-12.52.30:427][  0]LogInit: CPU Page size=4096, Cores=4
[2020.01.14-12.52.30:427][  0]LogInit: High frequency timer resolution =3.415995 MHz
[2020.01.14-12.52.30:427][  0]LogMemory: Memory total: Physical=15.9GB (16GB approx)
[2020.01.14-12.52.30:427][  0]LogMemory: Platform Memory Stats for Windows
[2020.01.14-12.52.30:427][  0]LogMemory: Process Physical Memory: 95.14 MB used, 95.14 MB peak
[2020.01.14-12.52.30:427][  0]LogMemory: Process Virtual Memory: 90.10 MB used, 90.10 MB peak
[2020.01.14-12.52.30:427][  0]LogMemory: Physical Memory: 9710.41 MB used,  6615.68 MB free, 16326.09 MB total
[2020.01.14-12.52.30:427][  0]LogMemory: Virtual Memory: 493.45 MB used,  134217232.00 MB free, 134217728.00 MB total
[2020.01.14-12.52.30:443][  0]LogInit: Overriding language with editor language configuration option (en).
[2020.01.14-12.52.30:443][  0]LogInit: Overriding locale with editor locale configuration option (en).
[2020.01.14-12.52.30:592][  0]LogInit: Setting process to per monitor DPI aware
[2020.01.14-12.52.30:615][  0]LogSlate: New Slate User Created.  User Index 0, Is Virtual User: 0
[2020.01.14-12.52.30:615][  0]LogSlate: Slate User Registered.  User Index 0, Is Virtual User: 0
[2020.01.14-12.52.30:743][  0]LogHMD: Failed to initialize OpenVR with code 110
[2020.01.14-12.52.30:743][  0]LogD3D11RHI: D3D11 adapters:
[2020.01.14-12.52.30:782][  0]LogD3D11RHI:    0. 'NVIDIA GeForce GTX 970' (Feature Level 11_0)
[2020.01.14-12.52.30:783][  0]LogD3D11RHI:       3992/0/8163 MB DedicatedVideo/DedicatedSystem/SharedSystem, Outputs:1, VendorId:0x10de
[2020.01.14-12.52.30:783][  0]LogD3D11RHI:    1. 'Microsoft Basic Render Driver' (Feature Level 11_0)
[2020.01.14-12.52.30:784][  0]LogD3D11RHI:       0/0/256 MB DedicatedVideo/DedicatedSystem/SharedSystem, Outputs:0, VendorId:0x1414
[2020.01.14-12.52.30:784][  0]LogD3D11RHI: Chosen D3D11 Adapter: 0
[2020.01.14-12.52.30:788][  0]LogD3D11RHI: Creating new Direct3DDevice
[2020.01.14-12.52.30:788][  0]LogD3D11RHI:     GPU DeviceId: 0x13c2 (for the marketing name, search the web for "GPU Device Id")
[2020.01.14-12.52.30:788][  0]LogWindows: EnumDisplayDevices:
[2020.01.14-12.52.30:788][  0]LogWindows:    0. 'NVIDIA GeForce GTX 970' (P:1 D:1)
[2020.01.14-12.52.30:788][  0]LogWindows:    1. 'NVIDIA GeForce GTX 970' (P:0 D:0)
[2020.01.14-12.52.30:788][  0]LogWindows:    2. 'NVIDIA GeForce GTX 970' (P:0 D:0)
[2020.01.14-12.52.30:788][  0]LogWindows:    3. 'NVIDIA GeForce GTX 970' (P:0 D:0)
[2020.01.14-12.52.30:788][  0]LogWindows: DebugString: FoundDriverCount:4 
[2020.01.14-12.52.30:788][  0]LogD3D11RHI:     Adapter Name: NVIDIA GeForce GTX 970
[2020.01.14-12.52.30:788][  0]LogD3D11RHI:   Driver Version: 440.97 (internal:26.21.14.4097, unified:440.97)
[2020.01.14-12.52.30:788][  0]LogD3D11RHI:      Driver Date: 10-16-2019
[2020.01.14-12.52.30:788][  0]LogRHI: Texture pool is 2794 MB (70% of 3992 MB)
[2020.01.14-12.52.30:806][  0]LogD3D11RHI: Async texture creation enabled
[2020.01.14-12.52.30:809][  0]LogRendererCore: FGlobalReadBuffer::InitRHI
[2020.01.14-12.52.30:810][  0]LogRendererCore: FGlobalReadBuffer::InitRHI
[2020.01.14-12.52.30:810][  0]LogRendererCore: FGlobalReadBuffer::InitRHI
[2020.01.14-12.52.30:823][  0]LogD3D11RHI: GPU Timing Frequency: 1000.000000 (Debug: 2 2)
[2020.01.14-12.52.31:021][  0]LogTemp: Display: Module 'AllDesktopTargetPlatform' loaded TargetPlatform 'AllDesktop'
[2020.01.14-12.52.31:032][  0]LogTemp: Display: Module 'MacClientTargetPlatform' loaded TargetPlatform 'MacClient'
[2020.01.14-12.52.31:044][  0]LogTemp: Display: Module 'MacNoEditorTargetPlatform' loaded TargetPlatform 'MacNoEditor'
[2020.01.14-12.52.31:056][  0]LogTemp: Display: Module 'MacServerTargetPlatform' loaded TargetPlatform 'MacServer'
[2020.01.14-12.52.31:067][  0]LogTemp: Display: Module 'MacTargetPlatform' loaded TargetPlatform 'Mac'
[2020.01.14-12.52.31:079][  0]LogTemp: Display: Module 'WindowsClientTargetPlatform' loaded TargetPlatform 'WindowsClient'
[2020.01.14-12.52.31:092][  0]LogTemp: Display: Module 'WindowsNoEditorTargetPlatform' loaded TargetPlatform 'WindowsNoEditor'
[2020.01.14-12.52.31:104][  0]LogTemp: Display: Module 'WindowsServerTargetPlatform' loaded TargetPlatform 'WindowsServer'
[2020.01.14-12.52.31:109][  0]LogTemp: Display: Module 'WindowsTargetPlatform' loaded TargetPlatform 'Windows'
[2020.01.14-12.52.31:186][  0]LogTemp: Display: Module 'AndroidTargetPlatform' loaded TargetPlatform 'Android'
[2020.01.14-12.52.31:186][  0]LogTemp: Display: Module 'AndroidTargetPlatform' loaded TargetPlatform 'Android_ASTC'
[2020.01.14-12.52.31:186][  0]LogTemp: Display: Module 'AndroidTargetPlatform' loaded TargetPlatform 'Android_ATC'
[2020.01.14-12.52.31:186][  0]LogTemp: Display: Module 'AndroidTargetPlatform' loaded TargetPlatform 'Android_DXT'
[2020.01.14-12.52.31:186][  0]LogTemp: Display: Module 'AndroidTargetPlatform' loaded TargetPlatform 'Android_ETC1'
[2020.01.14-12.52.31:186][  0]LogTemp: Display: Module 'AndroidTargetPlatform' loaded TargetPlatform 'Android_ETC1a'
[2020.01.14-12.52.31:186][  0]LogTemp: Display: Module 'AndroidTargetPlatform' loaded TargetPlatform 'Android_ETC2'
[2020.01.14-12.52.31:186][  0]LogTemp: Display: Module 'AndroidTargetPlatform' loaded TargetPlatform 'Android_PVRTC'
[2020.01.14-12.52.31:186][  0]LogTemp: Display: Module 'AndroidTargetPlatform' loaded TargetPlatform 'AndroidClient'
[2020.01.14-12.52.31:186][  0]LogTemp: Display: Module 'AndroidTargetPlatform' loaded TargetPlatform 'Android_ASTCClient'
[2020.01.14-12.52.31:186][  0]LogTemp: Display: Module 'AndroidTargetPlatform' loaded TargetPlatform 'Android_ATCClient'
[2020.01.14-12.52.31:186][  0]LogTemp: Display: Module 'AndroidTargetPlatform' loaded TargetPlatform 'Android_DXTClient'
[2020.01.14-12.52.31:186][  0]LogTemp: Display: Module 'AndroidTargetPlatform' loaded TargetPlatform 'Android_ETC1Client'
[2020.01.14-12.52.31:186][  0]LogTemp: Display: Module 'AndroidTargetPlatform' loaded TargetPlatform 'Android_ETC1aClient'
[2020.01.14-12.52.31:186][  0]LogTemp: Display: Module 'AndroidTargetPlatform' loaded TargetPlatform 'Android_ETC2Client'
[2020.01.14-12.52.31:186][  0]LogTemp: Display: Module 'AndroidTargetPlatform' loaded TargetPlatform 'Android_PVRTCClient'
[2020.01.14-12.52.31:186][  0]LogTemp: Display: Module 'AndroidTargetPlatform' loaded TargetPlatform 'Android_Multi'
[2020.01.14-12.52.31:186][  0]LogTemp: Display: Module 'AndroidTargetPlatform' loaded TargetPlatform 'Android_MultiClient'
[2020.01.14-12.52.31:187][  0]LogTemp: Display: Module 'HTML5TargetPlatform' loaded TargetPlatform 'HTML5'
[2020.01.14-12.52.31:233][  0]LogTemp: Display: Module 'IOSTargetPlatform' loaded TargetPlatform 'IOSClient'
[2020.01.14-12.52.31:233][  0]LogTemp: Display: Module 'IOSTargetPlatform' loaded TargetPlatform 'IOS'
[2020.01.14-12.52.31:255][  0]LogTemp: Display: Module 'TVOSTargetPlatform' loaded TargetPlatform 'TVOSClient'
[2020.01.14-12.52.31:255][  0]LogTemp: Display: Module 'TVOSTargetPlatform' loaded TargetPlatform 'TVOS'
[2020.01.14-12.52.31:266][  0]LogTemp: Display: Module 'LinuxClientTargetPlatform' loaded TargetPlatform 'LinuxClient'
[2020.01.14-12.52.31:277][  0]LogTemp: Display: Module 'LinuxNoEditorTargetPlatform' loaded TargetPlatform 'LinuxNoEditor'
[2020.01.14-12.52.31:289][  0]LogTemp: Display: Module 'LinuxServerTargetPlatform' loaded TargetPlatform 'LinuxServer'
[2020.01.14-12.52.31:301][  0]LogTemp: Display: Module 'LinuxTargetPlatform' loaded TargetPlatform 'Linux'
[2020.01.14-12.52.31:343][  0]LogTemp: Display: Module 'LuminTargetPlatform' loaded TargetPlatform 'Lumin'
[2020.01.14-12.52.31:343][  0]LogTemp: Display: Module 'LuminTargetPlatform' loaded TargetPlatform 'LuminClient'
[2020.01.14-12.52.31:343][  0]LogTargetPlatformManager: Display: Building Assets For Windows
[2020.01.14-12.52.31:349][  0]LogAudioDebug: Display: Lib vorbis DLL was dynamically loaded.
[2020.01.14-12.52.31:380][  0]LogShaderCompilers: Guid format shader working directory is -4 characters bigger than the processId version (../../../../../../GitHub/PruebaNovarama/TopShooter/Intermediate/Shaders/WorkingDirectory/3384/).
[2020.01.14-12.52.31:380][  0]LogShaderCompilers: Cleaned the shader compiler working directory 'C:/Users/David/AppData/Local/Temp/UnrealShaderWorkingDir/685A5E884CADAFBA62E0BDAC95AEB99E/'.
[2020.01.14-12.52.31:381][  0]LogXGEController: Cannot use XGE Controller as Incredibuild is not installed on this machine.
[2020.01.14-12.52.31:382][  0]LogShaderCompilers: Cannot use XGE Shader Compiler as Incredibuild is not installed on this machine.
[2020.01.14-12.52.31:382][  0]LogShaderCompilers: Display: Using Local Shader Compiler.
[2020.01.14-12.52.31:916][  0]LogDerivedDataCache: Display: Max Cache Size: 512 MB
[2020.01.14-12.52.31:982][  0]LogDerivedDataCache: Loaded boot cache 0.07s 71MB C:/Users/David/AppData/Local/UnrealEngine/4.22/DerivedDataCache/Boot.ddc.
[2020.01.14-12.52.31:992][  0]LogDerivedDataCache: Display: Loaded Boot cache: C:/Users/David/AppData/Local/UnrealEngine/4.22/DerivedDataCache/Boot.ddc
[2020.01.14-12.52.31:992][  0]LogDerivedDataCache: FDerivedDataBackendGraph:  Pak pak cache file ../../../../../../GitHub/PruebaNovarama/TopShooter/DerivedDataCache/DDC.ddp not found, will not use a pak cache.
[2020.01.14-12.52.31:992][  0]LogDerivedDataCache: Unable to find inner node Pak for hierarchical cache Hierarchy.
[2020.01.14-12.52.31:992][  0]LogDerivedDataCache: FDerivedDataBackendGraph:  CompressedPak pak cache file ../../../../../../GitHub/PruebaNovarama/TopShooter/DerivedDataCache/Compressed.ddp not found, will not use a pak cache.
[2020.01.14-12.52.31:992][  0]LogDerivedDataCache: Unable to find inner node CompressedPak for hierarchical cache Hierarchy.
[2020.01.14-12.52.32:004][  0]LogDerivedDataCache: Display: Pak cache opened for reading ../../../Engine/DerivedDataCache/Compressed.ddp.
[2020.01.14-12.52.32:004][  0]LogDerivedDataCache: FDerivedDataBackendGraph:  EnterprisePak pak cache file ../../../Enterprise/DerivedDataCache/Compressed.ddp not found, will not use a pak cache.
[2020.01.14-12.52.32:004][  0]LogDerivedDataCache: Unable to find inner node EnterprisePak for hierarchical cache Hierarchy.
[2020.01.14-12.52.32:016][  0]LogDerivedDataCache: Using Local data cache path C:/Users/David/AppData/Local/UnrealEngine/Common/DerivedDataCache: Writable
[2020.01.14-12.52.32:016][  0]LogDerivedDataCache: Shared data cache path not found in *engine.ini, will not use an Shared cache.
[2020.01.14-12.52.32:016][  0]LogDerivedDataCache: Unable to find inner node Shared for hierarchical cache Hierarchy.
[2020.01.14-12.52.32:037][  0]LogMaterial: Verifying Global Shaders for PCD3D_SM5
[2020.01.14-12.52.32:038][  0]LogSlate: Using FreeType 2.6.0
[2020.01.14-12.52.32:039][  0]LogSlate: SlateFontServices - WITH_FREETYPE: 1, WITH_HARFBUZZ: 1
[2020.01.14-12.52.32:115][  0]LogAssetRegistry: FAssetRegistry took 0.0327 seconds to start up
[2020.01.14-12.52.32:406][  0]LogInit: Selected Device Profile: [Windows]
[2020.01.14-12.52.32:447][  0]LogMeshReduction: Using QuadricMeshReduction for automatic static mesh reduction
[2020.01.14-12.52.32:447][  0]LogMeshReduction: Using SimplygonMeshReduction for automatic skeletal mesh reduction
[2020.01.14-12.52.32:447][  0]LogMeshReduction: Using ProxyLODMeshReduction for automatic mesh merging
[2020.01.14-12.52.32:447][  0]LogMeshReduction: No distributed automatic mesh merging module available
[2020.01.14-12.52.32:447][  0]LogMeshMerging: No distributed automatic mesh merging module available
[2020.01.14-12.52.32:532][  0]LogNetVersion: TopShooter 1.0.0, NetCL: 5660361, EngineNetVer: 10, GameNetVer: 0 (Checksum: 1688279238)
[2020.01.14-12.52.32:891][  0]LogPackageLocalizationCache: Processed 10 localized package path(s) for 1 prioritized culture(s) in 0.036808 seconds
[2020.01.14-12.52.32:899][  0]LogUObjectArray: 42205 objects as part of root set at end of initial load.
[2020.01.14-12.52.32:899][  0]LogUObjectAllocator: 7325032 out of 0 bytes used by permanent object pool.
[2020.01.14-12.52.32:899][  0]LogUObjectArray: CloseDisregardForGC: 0/0 objects in disregard for GC pool
[2020.01.14-12.52.33:564][  0]LogTcpMessaging: Initializing TcpMessaging bridge
[2020.01.14-12.52.33:577][  0]LogUdpMessaging: Initializing bridge on interface 0.0.0.0:0 to multicast group 230.0.0.1:6666.
[2020.01.14-12.52.34:448][  0]SourceControl: Source control is disabled
[2020.01.14-12.52.34:448][  0]SourceControl: Source control is disabled
[2020.01.14-12.52.34:449][  0]SourceControl: Source control is disabled
[2020.01.14-12.52.34:450][  0]SourceControl: Source control is disabled
[2020.01.14-12.52.34:504][  0]LogAndroidPermission: UAndroidPermissionCallbackProxy::GetInstance
[2020.01.14-12.52.34:610][  0]LogOcInput: OculusInput pre-init called
[2020.01.14-12.52.35:274][  0]LogEngine: Initializing Engine...
[2020.01.14-12.52.35:275][  0]LogHMD: Failed to initialize OpenVR with code 110
[2020.01.14-12.52.35:277][  0]LogStats: UGameplayTagsManager::InitializeManager -  0.000 s
[2020.01.14-12.52.35:560][  0]LogInit: Initializing FReadOnlyCVARCache
[2020.01.14-12.52.35:578][  0]LogAIModule: Creating AISystem for world Untitled
[2020.01.14-12.52.35:602][  0]LogInit: XAudio2 using 'Speakers (Realtek High Definition Audio)' : 2 channels at 48 kHz using 32 bits per sample (channel mask 0x3)
[2020.01.14-12.52.35:610][  0]LogInit: FAudioDevice initialized.
[2020.01.14-12.52.35:610][  0]LogNetVersion: Set ProjectVersion to 1.0.0.0. Version Checksum will be recalculated on next use.
[2020.01.14-12.52.35:683][  0]LogDerivedDataCache: Saved boot cache 0.07s 75MB C:/Users/David/AppData/Local/UnrealEngine/4.22/DerivedDataCache/Boot.ddc.
[2020.01.14-12.52.35:696][  0]LogInit: Texture streaming: Enabled
[2020.01.14-12.52.35:707][  0]LogEngineSessionManager: EngineSessionManager initialized
[2020.01.14-12.52.35:724][  0]LogInit: Transaction tracking system initialized
[2020.01.14-12.52.35:740][  0]BlueprintLog: New page: Editor Load
[2020.01.14-12.52.35:795][  0]LocalizationService: Localization service is disabled
[2020.01.14-12.52.35:890][  0]LogLinker: Warning: Can't find file '/Game/ThirdPersonBP/ThirdPersonOverview'
[2020.01.14-12.52.35:890][  0]LogLinker: Warning: Can't find file '/Game/ThirdPersonBP/ThirdPersonOverview'
[2020.01.14-12.52.35:890][  0]LogUObjectGlobals: Warning: Failed to find object 'Class /Game/ThirdPersonBP/ThirdPersonOverview.ThirdPersonOverview_C'
[2020.01.14-12.52.36:068][  0]LogFileCache: Scanning file cache for directory 'D:/GitHub/PruebaNovarama/TopShooter/Content/' took 0.02s
[2020.01.14-12.52.36:068][  0]LogCook: Display: Max memory allowance for cook 16384mb min free memory 0mb
[2020.01.14-12.52.36:068][  0]LogCook: Display: Mobile HDR setting 1
[2020.01.14-12.52.36:206][  0]SourceControl: Source control is disabled
[2020.01.14-12.52.36:206][  0]Cmd: MAP LOAD FILE="../../../../../../GitHub/PruebaNovarama/TopShooter/Content/TopDownCPP/Maps/TopDownExampleMap.umap" TEMPLATE=0 SHOWPROGRESS=1 FEATURELEVEL=3
[2020.01.14-12.52.36:210][  0]LightingResults: New page: Lighting Build
[2020.01.14-12.52.36:212][  0]MapCheck: New page: Map Check
[2020.01.14-12.52.36:212][  0]LightingResults: New page: Lighting Build
[2020.01.14-12.52.36:235][  0]LogUObjectHash: Compacting FUObjectHashTables data took   2.04ms
[2020.01.14-12.52.36:394][  0]LogAIModule: Creating AISystem for world TopDownExampleMap
[2020.01.14-12.52.36:399][  0]LogEditorServer: Finished looking for orphan Actors (0.000 secs)
[2020.01.14-12.52.36:421][  0]LogUObjectHash: Compacting FUObjectHashTables data took   2.06ms
[2020.01.14-12.52.36:421][  0]Cmd: MAP CHECKDEP NOCLEARLOG
[2020.01.14-12.52.36:421][  0]MapCheck: Map check complete: 0 Error(s), 0 Warning(s), took 0.087ms to complete.
[2020.01.14-12.52.36:421][  0]LogFileHelpers: Loading map 'TopDownExampleMap' took 0.215
[2020.01.14-12.52.36:517][  0]LogSlate: Updating window title bar state: overlay mode, drag disabled, window buttons hidden, title bar hidden
[2020.01.14-12.52.36:524][  0]LogSlate: Updating window title bar state: overlay mode, drag disabled, window buttons hidden, title bar hidden
[2020.01.14-12.52.36:532][  0]LogSlate: Updating window title bar state: overlay mode, drag disabled, window buttons hidden, title bar hidden
[2020.01.14-12.52.36:540][  0]LogSlate: Updating window title bar state: overlay mode, drag disabled, window buttons hidden, title bar hidden
[2020.01.14-12.52.36:548][  0]LogCollectionManager: Loaded 0 collections in 0.000821 seconds
[2020.01.14-12.52.36:574][  0]LogFileCache: Scanning file cache for directory 'D:/GitHub/PruebaNovarama/TopShooter/Saved/Collections/' took 0.01s
[2020.01.14-12.52.36:574][  0]LogFileCache: Scanning file cache for directory 'D:/GitHub/PruebaNovarama/TopShooter/Content/Developers/David/Collections/' took 0.01s
[2020.01.14-12.52.36:574][  0]LogFileCache: Scanning file cache for directory 'D:/GitHub/PruebaNovarama/TopShooter/Content/Collections/' took 0.00s
[2020.01.14-12.52.36:574][  0]LogCollectionManager: Rebuilt the GUID cache for 0 collections in 0.000000 seconds
[2020.01.14-12.52.36:582][  0]LogContentBrowser: Native class hierarchy populated in 0.0082 seconds. Added 2737 classes and 661 folders.
[2020.01.14-12.52.36:587][  0]LogContentBrowser: Native class hierarchy updated for 'WidgetCarousel' in 0.0004 seconds. Added 0 classes and 0 folders.
[2020.01.14-12.52.36:591][  0]LogPakFile: Registered encryption key '00000000000000000000000000000000': 0 pak files mounted, 0 remain pending
[2020.01.14-12.52.36:597][  0]LogPakFile: Registered encryption key '00000000000000000000000000000000': 0 pak files mounted, 0 remain pending
[2020.01.14-12.52.36:610][  0]LogPakFile: Registered encryption key '00000000000000000000000000000000': 0 pak files mounted, 0 remain pending
[2020.01.14-12.52.36:615][  0]LogPakFile: Registered encryption key '00000000000000000000000000000000': 0 pak files mounted, 0 remain pending
[2020.01.14-12.52.36:619][  0]LogPakFile: Registered encryption key '00000000000000000000000000000000': 0 pak files mounted, 0 remain pending
[2020.01.14-12.52.36:624][  0]LogPakFile: Registered encryption key '00000000000000000000000000000000': 0 pak files mounted, 0 remain pending
[2020.01.14-12.52.36:629][  0]LogPakFile: Registered encryption key '00000000000000000000000000000000': 0 pak files mounted, 0 remain pending
[2020.01.14-12.52.36:633][  0]LogPakFile: Registered encryption key '00000000000000000000000000000000': 0 pak files mounted, 0 remain pending
[2020.01.14-12.52.36:640][  0]LogPakFile: Registered encryption key '00000000000000000000000000000000': 0 pak files mounted, 0 remain pending
[2020.01.14-12.52.36:646][  0]LogPakFile: Registered encryption key '00000000000000000000000000000000': 0 pak files mounted, 0 remain pending
[2020.01.14-12.52.36:651][  0]LogPakFile: Registered encryption key '00000000000000000000000000000000': 0 pak files mounted, 0 remain pending
[2020.01.14-12.52.36:655][  0]LogPakFile: Registered encryption key '00000000000000000000000000000000': 0 pak files mounted, 0 remain pending
[2020.01.14-12.52.36:660][  0]LogPakFile: Registered encryption key '00000000000000000000000000000000': 0 pak files mounted, 0 remain pending
[2020.01.14-12.52.36:664][  0]LogPakFile: Registered encryption key '00000000000000000000000000000000': 0 pak files mounted, 0 remain pending
[2020.01.14-12.52.36:669][  0]LogPakFile: Registered encryption key '00000000000000000000000000000000': 0 pak files mounted, 0 remain pending
[2020.01.14-12.52.36:674][  0]LogPakFile: Registered encryption key '00000000000000000000000000000000': 0 pak files mounted, 0 remain pending
[2020.01.14-12.52.36:699][  0]LogPakFile: Registered encryption key '00000000000000000000000000000000': 0 pak files mounted, 0 remain pending
[2020.01.14-12.52.36:704][  0]LogPakFile: Registered encryption key '00000000000000000000000000000000': 0 pak files mounted, 0 remain pending
[2020.01.14-12.52.36:710][  0]LogPakFile: Registered encryption key '00000000000000000000000000000000': 0 pak files mounted, 0 remain pending
[2020.01.14-12.52.36:715][  0]LogPakFile: Registered encryption key '00000000000000000000000000000000': 0 pak files mounted, 0 remain pending
[2020.01.14-12.52.36:720][  0]LogPakFile: Registered encryption key '00000000000000000000000000000000': 0 pak files mounted, 0 remain pending
[2020.01.14-12.52.36:724][  0]LogPakFile: Registered encryption key '00000000000000000000000000000000': 0 pak files mounted, 0 remain pending
[2020.01.14-12.52.36:729][  0]LogPakFile: Registered encryption key '00000000000000000000000000000000': 0 pak files mounted, 0 remain pending
[2020.01.14-12.52.36:734][  0]LogPakFile: Registered encryption key '00000000000000000000000000000000': 0 pak files mounted, 0 remain pending
[2020.01.14-12.52.36:738][  0]LogPakFile: Registered encryption key '00000000000000000000000000000000': 0 pak files mounted, 0 remain pending
[2020.01.14-12.52.36:743][  0]LogPakFile: Registered encryption key '00000000000000000000000000000000': 0 pak files mounted, 0 remain pending
[2020.01.14-12.52.36:850][  0]LogContentBrowser: Native class hierarchy updated for 'AddContentDialog' in 0.0003 seconds. Added 0 classes and 0 folders.
[2020.01.14-12.52.36:895][  0]LogContentBrowser: Native class hierarchy updated for 'SceneOutliner' in 0.0004 seconds. Added 1 classes and 2 folders.
[2020.01.14-12.52.36:967][  0]LogContentBrowser: Native class hierarchy updated for 'WorldBrowser' in 0.0005 seconds. Added 2 classes and 3 folders.
[2020.01.14-12.52.37:030][  0]LogSlate: Took 0.000121 seconds to synchronously load lazily loaded font '../../../Engine/Content/Slate/Fonts/Roboto-Regular.ttf' (155K)
[2020.01.14-12.52.37:032][  0]LogSlate: Took 0.000137 seconds to synchronously load lazily loaded font '../../../Engine/Content/Slate/Fonts/Roboto-Bold.ttf' (160K)
[2020.01.14-12.52.37:044][  0]LogSlate: Took 0.006859 seconds to synchronously load lazily loaded font '../../../Engine/Content/Editor/Slate/Fonts/FontAwesome.ttf' (139K)
[2020.01.14-12.52.37:237][  0]LogRenderer: Reallocating scene render targets to support 1208x572 Format 10 NumSamples 1 (Frame:1).
[2020.01.14-12.52.37:437][  0]LogContentBrowser: Native class hierarchy updated for 'HierarchicalLODOutliner' in 0.0009 seconds. Added 0 classes and 0 folders.
[2020.01.14-12.52.37:437][  0]LogLoad: (Engine Initialization) Total time: 8.07 seconds
[2020.01.14-12.52.37:437][  0]LogLoad: (Engine Initialization) Total Blueprint compile time: 0.00 seconds
[2020.01.14-12.52.37:488][  0]LogAssetRegistry: Asset discovery search completed in 5.3951 seconds
[2020.01.14-12.52.37:490][  0]LogCollectionManager: Rebuilt the object cache for 0 collections in 0.000000 seconds (found 0 objects)
[2020.01.14-12.52.37:490][  0]LogCollectionManager: Fixed up redirectors for 0 collections in 0.000039 seconds (updated 0 objects)
[2020.01.14-12.52.37:490][  0]LogContentStreaming: Texture pool size now 1000 MB
[2020.01.14-12.52.37:523][  0]LogSlate: Took 0.004487 seconds to synchronously load lazily loaded font '../../../Engine/Content/Slate/Fonts/Roboto-Light.ttf' (167K)
[2020.01.14-12.52.38:125][  2]LogActor: Warning: BP_Rifle_C /Engine/Transient.World_2:PersistentLevel.BP_Rifle_C_0 has natively added scene component(s), but none of them were set as the actor's RootComponent - picking one arbitrarily
[2020.01.14-12.52.38:467][ 34]LogSlate: Took 0.000158 seconds to synchronously load lazily loaded font '../../../Engine/Content/Slate/Fonts/Roboto-Light.ttf' (167K)
[2020.01.14-12.52.39:498][138]LogSlate: FSceneViewport::OnFocusLost() reason 0
[2020.01.14-12.52.39:651][155]LogAssetEditorManager: Opening Asset editor for Blueprint /Game/TopDownCPP/Blueprints/BP_IceShoot.BP_IceShoot
[2020.01.14-12.52.40:071][155]LogContentBrowser: Native class hierarchy updated for 'BlueprintGraph' in 0.0006 seconds. Added 121 classes and 0 folders.
[2020.01.14-12.52.42:168][296]LogSlate: Window 'BP_IceShoot' being destroyed
[2020.01.14-12.52.42:236][296]LogAssetEditorManager: Opening Asset editor for Blueprint /Game/TopDownCPP/Blueprints/BP_IceShoot.BP_IceShoot
[2020.01.14-12.52.42:539][296]LogSlate: Took 0.005280 seconds to synchronously load lazily loaded font '../../../Engine/Content/Slate/Fonts/Roboto-BoldCondensed.ttf' (158K)
[2020.01.14-12.52.43:305][372]LogSlate: Took 0.004485 seconds to synchronously load lazily loaded font '../../../Engine/Content/Slate/Fonts/Roboto-Italic.ttf' (157K)
[2020.01.14-12.52.43:854][423]LogRenderer: Reallocating scene render targets to support 1208x676 Format 10 NumSamples 1 (Frame:1).
[2020.01.14-12.52.46:699][731]LogUObjectHash: Compacting FUObjectHashTables data took   3.14ms
[2020.01.14-12.52.47:806][731]LogSlate: Window 'Delete Assets' being destroyed
[2020.01.14-12.52.47:923][731]LogUObjectHash: Compacting FUObjectHashTables data took   1.85ms
[2020.01.14-12.52.47:958][731]LogUObjectHash: Compacting FUObjectHashTables data took   1.68ms
[2020.01.14-12.52.47:987][731]LogUObjectHash: Compacting FUObjectHashTables data took   0.81ms
[2020.01.14-12.53.08:912][352]LogSlate: Window 'BP_IceShoot' being destroyed
[2020.01.14-12.53.08:914][352]LogSlate: Window 'BP_IceShoot' being destroyed
[2020.01.14-12.53.10:558][537]LogUObjectHash: Compacting FUObjectHashTables data took   2.57ms
[2020.01.14-12.53.11:408][537]LogSlate: Window 'Delete Assets' being destroyed
[2020.01.14-12.53.11:485][537]LogUObjectHash: Compacting FUObjectHashTables data took   2.50ms
[2020.01.14-12.53.11:517][537]LogUObjectHash: Compacting FUObjectHashTables data took   2.17ms
[2020.01.14-12.53.11:545][537]LogUObjectHash: Compacting FUObjectHashTables data took   0.70ms
[2020.01.14-12.53.21:633][721]LogAssetEditorManager: Opening Asset editor for Blueprint /Game/TopDownCPP/Blueprints/BP_IceBullet.BP_IceBullet
[2020.01.14-12.53.21:907][721]LogSlate: Window 'Add Blueprint Class' being destroyed
[2020.01.14-12.54.19:370][612]LogHotReload: New module detected: UE4Editor-TopShooter-0068.dll
[2020.01.14-12.54.20:062][615]LogHotReload: Starting Hot-Reload from IDE
[2020.01.14-12.54.20:126][615]LogUObjectHash: Compacting FUObjectHashTables data took   2.11ms
[2020.01.14-12.54.20:126][615]LogBlueprintActionDatabase: Requesting refresh due to module change: TopShooter (unloaded)
[2020.01.14-12.54.20:156][615]LogHotReload: Re-instancing Bullets after hot-reload.
[2020.01.14-12.54.20:413][615]LogBlueprintActionDatabase: Requesting refresh due to module change: TopShooter (loaded)
[2020.01.14-12.54.20:414][615]LogContentBrowser: Native class hierarchy updated for 'TopShooter' in 0.0004 seconds. Added 5 classes and 2 folders.
[2020.01.14-12.54.20:417][615]Display: HotReload successful (1 functions remapped  0 scriptstructs remapped)
[2020.01.14-12.54.20:536][615]LogUObjectHash: Compacting FUObjectHashTables data took   2.79ms
[2020.01.14-12.54.20:536][615]LogBlueprintActionDatabase: Requesting refresh due to hot reload
[2020.01.14-12.54.20:553][615]LogContentBrowser: Native class hierarchy populated in 0.0096 seconds. Added 2740 classes and 666 folders.
[2020.01.14-12.54.20:555][615]Display: HotReload took  0.5s.
[2020.01.14-12.55.40:562][895]LogSlate: FSceneViewport::OnFocusLost() reason 0
[2020.01.14-12.55.48:905][740]LogSlate: FSceneViewport::OnFocusLost() reason 0
[2020.01.14-12.55.48:980][748]BlueprintLog: New page: Compile BP_IceBullet
[2020.01.14-12.55.49:212][748]LogUObjectHash: Compacting FUObjectHashTables data took   5.98ms
[2020.01.14-12.55.55:054][391]Cmd: OBJ SAVEPACKAGE PACKAGE="/Game/TopDownCPP/Blueprints/BP_IceBullet" FILE="../../../../../../GitHub/PruebaNovarama/TopShooter/Content/TopDownCPP/Blueprints/BP_IceBullet.uasset" SILENT=true
[2020.01.14-12.55.55:069][391]LogSavePackage: Moving '../../../../../../GitHub/PruebaNovarama/TopShooter/Saved/BP_IceBulletC7AA997B4F55014D4C4F86881E22A2E5.tmp' to '../../../../../../GitHub/PruebaNovarama/TopShooter/Content/TopDownCPP/Blueprints/BP_IceBullet.uasset'
[2020.01.14-12.56.03:129][212]LogSlate: FSceneViewport::OnFocusLost() reason 0
[2020.01.14-12.56.03:172][217]LogTemp: Repeating last play command: Selected Viewport
[2020.01.14-12.56.03:191][217]LogBlueprintUserMessages: Early PlayInEditor Detection: Level '/Game/TopDownCPP/Maps/TopDownExampleMap.TopDownExampleMap:PersistentLevel' has LevelScriptBlueprint '/Game/TopDownCPP/Maps/TopDownExampleMap.TopDownExampleMap:PersistentLevel.TopDownExampleMap' with GeneratedClass '/Game/TopDownCPP/Maps/TopDownExampleMap.TopDownExampleMap_C' with ClassGeneratedBy '/Game/TopDownCPP/Maps/TopDownExampleMap.TopDownExampleMap:PersistentLevel.TopDownExampleMap'
[2020.01.14-12.56.03:198][217]LogPlayLevel: PlayLevel: No blueprints needed recompiling
[2020.01.14-12.56.03:198][217]PIE: New page: PIE session: TopDownExampleMap (Jan 14, 2020, 2:56:03 PM)
[2020.01.14-12.56.03:210][217]LogPlayLevel: Creating play world package: /Game/TopDownCPP/Maps/UEDPIE_0_TopDownExampleMap
[2020.01.14-12.56.03:226][217]LogPlayLevel: PIE: StaticDuplicateObject took: (0.016112s)
[2020.01.14-12.56.03:227][217]LogAIModule: Creating AISystem for world TopDownExampleMap
[2020.01.14-12.56.03:227][217]LogPlayLevel: PIE: World Init took: (0.001014s)
[2020.01.14-12.56.03:227][217]LogPlayLevel: PIE: Created PIE world by copying editor world from /Game/TopDownCPP/Maps/TopDownExampleMap.TopDownExampleMap to /Game/TopDownCPP/Maps/UEDPIE_0_TopDownExampleMap.TopDownExampleMap (0.017441s)
[2020.01.14-12.56.03:261][217]LogUObjectHash: Compacting FUObjectHashTables data took   3.30ms
[2020.01.14-12.56.03:279][217]LogInit: XAudio2 using 'Speakers (Realtek High Definition Audio)' : 2 channels at 48 kHz using 32 bits per sample (channel mask 0x3)
[2020.01.14-12.56.03:287][217]LogInit: FAudioDevice initialized.
[2020.01.14-12.56.03:326][217]LogLoad: Game class is 'TopShooterGameMode'
[2020.01.14-12.56.03:328][217]LogWorld: Bringing World /Game/TopDownCPP/Maps/UEDPIE_0_TopDownExampleMap.TopDownExampleMap up for play (max tick rate 0) at 2020.01.14-13.56.03
[2020.01.14-12.56.03:328][217]LogWorld: Bringing up level for play took: 0.001320
[2020.01.14-12.56.03:352][217]LogBlueprintActionDatabase: Requesting refresh due to module change: Voice (loaded)
[2020.01.14-12.56.03:354][217]LogBlueprintActionDatabase: Requesting refresh due to module change: MovieSceneCapture (loaded)
[2020.01.14-12.56.03:354][217]LogContentBrowser: Native class hierarchy updated for 'MovieSceneCapture' in 0.0004 seconds. Added 20 classes and 0 folders.
[2020.01.14-12.56.03:356][217]LogActor: Warning: BP_Rifle_C /Game/TopDownCPP/Maps/UEDPIE_0_TopDownExampleMap.TopDownExampleMap:PersistentLevel.BP_Rifle_C_0 has natively added scene component(s), but none of them were set as the actor's RootComponent - picking one arbitrarily
[2020.01.14-12.56.03:357][217]PIE: Play in editor start time for /Game/TopDownCPP/Maps/UEDPIE_0_TopDownExampleMap 0.573
[2020.01.14-12.56.03:357][217]LogBlueprintUserMessages: Late PlayInEditor Detection: Level '/Game/TopDownCPP/Maps/TopDownExampleMap.TopDownExampleMap:PersistentLevel' has LevelScriptBlueprint '/Game/TopDownCPP/Maps/TopDownExampleMap.TopDownExampleMap:PersistentLevel.TopDownExampleMap' with GeneratedClass '/Game/TopDownCPP/Maps/TopDownExampleMap.TopDownExampleMap_C' with ClassGeneratedBy '/Game/TopDownCPP/Maps/TopDownExampleMap.TopDownExampleMap:PersistentLevel.TopDownExampleMap'
[2020.01.14-12.56.04:868][340]LogBlueprintUserMessages: Early EndPlayMap Detection: Level '/Game/TopDownCPP/Maps/TopDownExampleMap.TopDownExampleMap:PersistentLevel' has LevelScriptBlueprint '/Game/TopDownCPP/Maps/TopDownExampleMap.TopDownExampleMap:PersistentLevel.TopDownExampleMap' with GeneratedClass '/Game/TopDownCPP/Maps/TopDownExampleMap.TopDownExampleMap_C' with ClassGeneratedBy '/Game/TopDownCPP/Maps/TopDownExampleMap.TopDownExampleMap:PersistentLevel.TopDownExampleMap'
[2020.01.14-12.56.04:868][340]LogSlate: Updating window title bar state: overlay mode, drag disabled, window buttons hidden, title bar hidden
[2020.01.14-12.56.04:900][340]LogPlayLevel: Display: Shutting down PIE online subsystems
[2020.01.14-12.56.04:901][340]LogBlueprintUserMessages: Late EndPlayMap Detection: Level '/Game/TopDownCPP/Maps/TopDownExampleMap.TopDownExampleMap:PersistentLevel' has LevelScriptBlueprint '/Game/TopDownCPP/Maps/TopDownExampleMap.TopDownExampleMap:PersistentLevel.TopDownExampleMap' with GeneratedClass '/Game/TopDownCPP/Maps/TopDownExampleMap.TopDownExampleMap_C' with ClassGeneratedBy '/Game/TopDownCPP/Maps/TopDownExampleMap.TopDownExampleMap:PersistentLevel.TopDownExampleMap'
[2020.01.14-12.56.04:950][340]LogSlate: Updating window title bar state: overlay mode, drag disabled, window buttons hidden, title bar hidden
[2020.01.14-12.56.04:987][340]LogUObjectHash: Compacting FUObjectHashTables data took   5.83ms
[2020.01.14-12.56.05:015][341]LogPlayLevel: Display: Destroying online subsystem :Context_7
[2020.01.14-12.56.12:510][138]LogEditorViewport: Clicking on Actor (LMB): StaticMeshActor (Floor)
[2020.01.14-12.56.13:076][196]LogEditorViewport: Clicking on Actor (LMB): StaticMeshActor (Floor)
[2020.01.14-12.56.13:519][245]LogEditorViewport: Clicking on Actor (LMB): BP_IceBullet_C (BP_IceBullet)
[2020.01.14-12.56.15:120][431]Cmd: DELETE
[2020.01.14-12.56.15:120][431]Cmd: ACTOR DELETE
[2020.01.14-12.56.15:331][431]LogEditorActor: Deleted Actor: BP_IceBullet_C
[2020.01.14-12.56.15:387][431]LogUObjectHash: Compacting FUObjectHashTables data took   3.39ms
[2020.01.14-12.56.15:387][431]LogEditorActor: Deleted 1 Actors (0.137 secs)
[2020.01.14-12.56.15:767][466]LogSlate: FSceneViewport::OnFocusLost() reason 0
[2020.01.14-12.56.15:841][471]LogUObjectHash: Compacting FUObjectHashTables data took   0.80ms
[2020.01.14-12.56.16:442][471]LogSlate: Window 'Save Content' being destroyed
[2020.01.14-12.56.16:490][471]LogUObjectHash: Compacting FUObjectHashTables data took   0.79ms
[2020.01.14-12.56.16:690][471]LogSavePackage: Moving '../../../../../../GitHub/PruebaNovarama/TopShooter/Saved/TopDownExampleMap5AAB6BA14834DC319EA240B3EA38372E.tmp' to '../../../../../../GitHub/PruebaNovarama/TopShooter/Content/TopDownCPP/Maps/TopDownExampleMap.umap'
[2020.01.14-12.56.16:749][471]LogFileHelpers: Saving map 'TopDownExampleMap' took 0.294
[2020.01.14-12.56.28:603][581]BlueprintLog: New page: Compile BP_IceBullet
[2020.01.14-12.56.28:795][581]LogUObjectHash: Compacting FUObjectHashTables data took   3.29ms
[2020.01.14-12.56.29:171][623]Cmd: OBJ SAVEPACKAGE PACKAGE="/Game/TopDownCPP/Blueprints/BP_IceBullet" FILE="../../../../../../GitHub/PruebaNovarama/TopShooter/Content/TopDownCPP/Blueprints/BP_IceBullet.uasset" SILENT=true
[2020.01.14-12.56.29:190][623]LogSavePackage: Moving '../../../../../../GitHub/PruebaNovarama/TopShooter/Saved/BP_IceBullet0D759E214DFF8522B2F4E48A5F46B19F.tmp' to '../../../../../../GitHub/PruebaNovarama/TopShooter/Content/TopDownCPP/Blueprints/BP_IceBullet.uasset'
[2020.01.14-12.56.32:371][988]LogSlate: FSceneViewport::OnFocusLost() reason 0
[2020.01.14-12.56.32:412][993]LogTemp: Repeating last play command: Selected Viewport
[2020.01.14-12.56.32:428][993]LogBlueprintUserMessages: Early PlayInEditor Detection: Level '/Game/TopDownCPP/Maps/TopDownExampleMap.TopDownExampleMap:PersistentLevel' has LevelScriptBlueprint '/Game/TopDownCPP/Maps/TopDownExampleMap.TopDownExampleMap:PersistentLevel.TopDownExampleMap' with GeneratedClass '/Game/TopDownCPP/Maps/TopDownExampleMap.TopDownExampleMap_C' with ClassGeneratedBy '/Game/TopDownCPP/Maps/TopDownExampleMap.TopDownExampleMap:PersistentLevel.TopDownExampleMap'
[2020.01.14-12.56.32:428][993]LogPlayLevel: PlayLevel: No blueprints needed recompiling
[2020.01.14-12.56.32:429][993]PIE: New page: PIE session: TopDownExampleMap (Jan 14, 2020, 2:56:32 PM)
[2020.01.14-12.56.32:429][993]LogPlayLevel: Creating play world package: /Game/TopDownCPP/Maps/UEDPIE_0_TopDownExampleMap
[2020.01.14-12.56.32:446][993]LogPlayLevel: PIE: StaticDuplicateObject took: (0.017601s)
[2020.01.14-12.56.32:447][993]LogAIModule: Creating AISystem for world TopDownExampleMap
[2020.01.14-12.56.32:447][993]LogPlayLevel: PIE: World Init took: (0.000783s)
[2020.01.14-12.56.32:447][993]LogPlayLevel: PIE: Created PIE world by copying editor world from /Game/TopDownCPP/Maps/TopDownExampleMap.TopDownExampleMap to /Game/TopDownCPP/Maps/UEDPIE_0_TopDownExampleMap.TopDownExampleMap (0.018622s)
[2020.01.14-12.56.32:482][993]LogUObjectHash: Compacting FUObjectHashTables data took   3.03ms
[2020.01.14-12.56.32:500][993]LogInit: XAudio2 using 'Speakers (Realtek High Definition Audio)' : 2 channels at 48 kHz using 32 bits per sample (channel mask 0x3)
[2020.01.14-12.56.32:507][993]LogInit: FAudioDevice initialized.
[2020.01.14-12.56.32:533][993]LogLoad: Game class is 'TopShooterGameMode'
[2020.01.14-12.56.32:534][993]LogWorld: Bringing World /Game/TopDownCPP/Maps/UEDPIE_0_TopDownExampleMap.TopDownExampleMap up for play (max tick rate 0) at 2020.01.14-13.56.32
[2020.01.14-12.56.32:534][993]LogWorld: Bringing up level for play took: 0.001143
[2020.01.14-12.56.32:548][993]LogActor: Warning: BP_Rifle_C /Game/TopDownCPP/Maps/UEDPIE_0_TopDownExampleMap.TopDownExampleMap:PersistentLevel.BP_Rifle_C_0 has natively added scene component(s), but none of them were set as the actor's RootComponent - picking one arbitrarily
[2020.01.14-12.56.32:548][993]PIE: Play in editor start time for /Game/TopDownCPP/Maps/UEDPIE_0_TopDownExampleMap -0.235
[2020.01.14-12.56.32:548][993]LogBlueprintUserMessages: Late PlayInEditor Detection: Level '/Game/TopDownCPP/Maps/TopDownExampleMap.TopDownExampleMap:PersistentLevel' has LevelScriptBlueprint '/Game/TopDownCPP/Maps/TopDownExampleMap.TopDownExampleMap:PersistentLevel.TopDownExampleMap' with GeneratedClass '/Game/TopDownCPP/Maps/TopDownExampleMap.TopDownExampleMap_C' with ClassGeneratedBy '/Game/TopDownCPP/Maps/TopDownExampleMap.TopDownExampleMap:PersistentLevel.TopDownExampleMap'
[2020.01.14-12.56.33:929][155]LogBlueprintUserMessages: Early EndPlayMap Detection: Level '/Game/TopDownCPP/Maps/TopDownExampleMap.TopDownExampleMap:PersistentLevel' has LevelScriptBlueprint '/Game/TopDownCPP/Maps/TopDownExampleMap.TopDownExampleMap:PersistentLevel.TopDownExampleMap' with GeneratedClass '/Game/TopDownCPP/Maps/TopDownExampleMap.TopDownExampleMap_C' with ClassGeneratedBy '/Game/TopDownCPP/Maps/TopDownExampleMap.TopDownExampleMap:PersistentLevel.TopDownExampleMap'
[2020.01.14-12.56.33:929][155]LogSlate: Updating window title bar state: overlay mode, drag disabled, window buttons hidden, title bar hidden
[2020.01.14-12.56.33:959][155]LogPlayLevel: Display: Shutting down PIE online subsystems
[2020.01.14-12.56.33:959][155]LogBlueprintUserMessages: Late EndPlayMap Detection: Level '/Game/TopDownCPP/Maps/TopDownExampleMap.TopDownExampleMap:PersistentLevel' has LevelScriptBlueprint '/Game/TopDownCPP/Maps/TopDownExampleMap.TopDownExampleMap:PersistentLevel.TopDownExampleMap' with GeneratedClass '/Game/TopDownCPP/Maps/TopDownExampleMap.TopDownExampleMap_C' with ClassGeneratedBy '/Game/TopDownCPP/Maps/TopDownExampleMap.TopDownExampleMap:PersistentLevel.TopDownExampleMap'
[2020.01.14-12.56.33:996][155]LogSlate: Updating window title bar state: overlay mode, drag disabled, window buttons hidden, title bar hidden
[2020.01.14-12.56.34:001][155]LogUObjectHash: Compacting FUObjectHashTables data took   2.59ms
[2020.01.14-12.56.34:034][157]LogPlayLevel: Display: Destroying online subsystem :Context_9
[2020.01.14-12.56.44:750][440]LogEditorViewport: Clicking on Actor (LMB): StaticMeshActor (Floor)
[2020.01.14-12.56.45:209][490]LogEditorViewport: Clicking on Component (LMB): StaticMeshComponent (StaticMeshComponent0)
[2020.01.14-12.56.45:624][534]LogEditorViewport: Clicking on Component (LMB): StaticMeshComponent (StaticMeshComponent0)
[2020.01.14-12.56.46:031][581]LogEditorViewport: Clicking on Component (LMB): StaticMeshComponent (StaticMeshComponent0)
[2020.01.14-12.56.46:338][616]LogEditorViewport: Clicking on Component (LMB): StaticMeshComponent (StaticMeshComponent0)
[2020.01.14-12.56.46:611][647]LogEditorViewport: Clicking on Component (LMB): StaticMeshComponent (StaticMeshComponent0)
[2020.01.14-12.56.46:967][688]LogEditorViewport: Clicking on Component (LMB): StaticMeshComponent (StaticMeshComponent0)
[2020.01.14-12.56.50:335][ 47]LogEditorViewport: Clicking on Actor (LMB): BP_IceBullet_C (BP_IceBullet)
[2020.01.14-12.56.51:384][166]Cmd: DELETE
[2020.01.14-12.56.51:384][166]Cmd: ACTOR DELETE
[2020.01.14-12.56.51:386][166]LogEditorActor: Deleted Actor: BP_IceBullet_C
[2020.01.14-12.56.51:420][166]LogUObjectHash: Compacting FUObjectHashTables data took   0.82ms
[2020.01.14-12.56.51:420][166]LogEditorActor: Deleted 1 Actors (0.036 secs)
[2020.01.14-12.56.53:395][267]LogSlate: FSceneViewport::OnFocusLost() reason 2
[2020.01.14-12.57.02:603][119]LogEditorTransaction: Undo Set Scale
[2020.01.14-12.57.02:621][119]LogOutputDevice: Warning: 

Script Stack (0 frames):

