Log file open, 01/15/20 15:42:36
LogWindows: Failed to load 'aqProf.dll' (GetLastError=126)
LogWindows: File 'aqProf.dll' does not exist
LogWindows: Failed to load 'VtuneApi.dll' (GetLastError=126)
LogWindows: File 'VtuneApi.dll' does not exist
LogWindows: Failed to load 'VtuneApi32e.dll' (GetLastError=126)
LogWindows: File 'VtuneApi32e.dll' does not exist
LogConsoleResponse: Display: Failed to find resolution value strings in scalability ini. Falling back to default.
LogInit: Display: Running engine for game: TopShooter
LogPakFile: Registered encryption key '00000000000000000000000000000000': 0 pak files mounted, 0 remain pending
LogPlatformFile: Not using cached read wrapper
LogTaskGraph: Started task graph with 5 named threads and 14 total threads with 3 sets of task threads.
LogStats: Stats thread started at 0.161600
LogD3D11RHI: Loaded GFSDK_Aftermath_Lib.x64.dll
LogICUInternationalization: ICU TimeZone Detection - Raw Offset: +1:00, Platform Override: ''
LogPluginManager: Mounting plugin Paper2D
LogPluginManager: Mounting plugin AISupport
LogPluginManager: Mounting plugin LightPropagationVolume
LogPluginManager: Mounting plugin ActorLayerUtilities
LogPluginManager: Mounting plugin AnimationSharing
LogPluginManager: Mounting plugin CLionSourceCodeAccess
LogPluginManager: Mounting plugin CodeLiteSourceCodeAccess
LogPluginManager: Mounting plugin GitSourceControl
LogPluginManager: Mounting plugin KDevelopSourceCodeAccess
LogPluginManager: Mounting plugin NullSourceCodeAccess
LogPluginManager: Mounting plugin PerforceSourceControl
LogPluginManager: Mounting plugin SubversionSourceControl
LogPluginManager: Mounting plugin UObjectPlugin
LogPluginManager: Mounting plugin VisualStudioCodeSourceCodeAccess
LogPluginManager: Mounting plugin VisualStudioSourceCodeAccess
LogPluginManager: Mounting plugin XCodeSourceCodeAccess
LogPluginManager: Mounting plugin AssetManagerEditor
LogPluginManager: Mounting plugin CryptoKeys
LogPluginManager: Mounting plugin DataValidation
LogPluginManager: Mounting plugin FacialAnimation
LogPluginManager: Mounting plugin GameplayTagsEditor
LogPluginManager: Mounting plugin MacGraphicsSwitching
LogPluginManager: Mounting plugin MaterialAnalyzer
LogPluginManager: Mounting plugin MobileLauncherProfileWizard
LogPluginManager: Mounting plugin PluginBrowser
LogPluginManager: Mounting plugin SpeedTreeImporter
LogPluginManager: Mounting plugin DatasmithContent
LogPluginManager: Mounting plugin VariantManagerContent
LogPluginManager: Mounting plugin AlembicImporter
LogPluginManager: Mounting plugin AppleImageUtils
LogPluginManager: Mounting plugin AppleVision
LogPluginManager: Mounting plugin BackChannel
LogPluginManager: Mounting plugin CharacterAI
LogPluginManager: Mounting plugin GeometryCache
LogPluginManager: Mounting plugin HTML5Networking
LogPluginManager: Mounting plugin ProxyLODPlugin
LogPluginManager: Mounting plugin SkeletalReduction
LogPluginManager: Mounting plugin MagicLeap
LogPluginManager: Mounting plugin MagicLeapMedia
LogPluginManager: Mounting plugin AndroidMedia
LogPluginManager: Mounting plugin AvfMedia
LogPluginManager: Mounting plugin ImgMedia
LogPluginManager: Mounting plugin LinearTimecode
LogPluginManager: Mounting plugin MediaCompositing
LogPluginManager: Mounting plugin MediaPlayerEditor
LogPluginManager: Mounting plugin WebMMedia
LogPluginManager: Mounting plugin WmfMedia
LogPluginManager: Mounting plugin TcpMessaging
LogPluginManager: Mounting plugin UdpMessaging
LogPluginManager: Mounting plugin ActorSequence
LogPluginManager: Mounting plugin LevelSequenceEditor
LogPluginManager: Mounting plugin MatineeToLevelSequence
LogPluginManager: Mounting plugin NetcodeUnitTest
LogPluginManager: Mounting plugin NUTUnrealEngine4
LogPluginManager: Mounting plugin OnlineSubsystemGooglePlay
LogPluginManager: Mounting plugin OnlineSubsystemIOS
LogPluginManager: Mounting plugin OnlineSubsystem
LogPluginManager: Mounting plugin OnlineSubsystemNull
LogPluginManager: Mounting plugin OnlineSubsystemUtils
LogPluginManager: Mounting plugin LauncherChunkInstaller
LogPluginManager: Mounting plugin AndroidDeviceProfileSelector
LogPluginManager: Mounting plugin AndroidMoviePlayer
LogPluginManager: Mounting plugin AndroidPermission
LogPluginManager: Mounting plugin AppleMoviePlayer
LogPluginManager: Mounting plugin ArchVisCharacter
LogPluginManager: Mounting plugin AudioCapture
LogPluginManager: Mounting plugin CableComponent
LogPluginManager: Mounting plugin CustomMeshComponent
LogPluginManager: Mounting plugin EditableMesh
LogPluginManager: Mounting plugin ExampleDeviceProfileSelector
LogPluginManager: Mounting plugin Firebase
LogPluginManager: Mounting plugin GoogleCloudMessaging
LogPluginManager: Mounting plugin IOSDeviceProfileSelector
LogPluginManager: Mounting plugin LinuxDeviceProfileSelector
LogPluginManager: Mounting plugin LocationServicesBPLibrary
LogPluginManager: Mounting plugin MobilePatchingUtils
LogPluginManager: Mounting plugin OculusVR
LogPluginManager: Mounting plugin PhysXVehicles
LogPluginManager: Mounting plugin ProceduralMeshComponent
LogPluginManager: Mounting plugin RuntimePhysXCooking
LogPluginManager: Mounting plugin SignificanceManager
LogPluginManager: Mounting plugin SteamVR
LogPluginManager: Mounting plugin WebMMoviePlayer
LogPluginManager: Mounting plugin WindowsMoviePlayer
LogInit: Using libcurl 7.55.1-DEV
LogInit:  - built for x86_64-pc-win32
LogInit:  - supports SSL with OpenSSL/1.1.1
LogInit:  - supports HTTP deflate (compression) using libz 1.2.8
LogInit:  - other features:
LogInit:      CURL_VERSION_SSL
LogInit:      CURL_VERSION_LIBZ
LogInit:      CURL_VERSION_IPV6
LogInit:      CURL_VERSION_ASYNCHDNS
LogInit:      CURL_VERSION_LARGEFILE
LogInit:      CURL_VERSION_IDN
LogInit:  CurlRequestOptions (configurable via config and command line):
LogInit:  - bVerifyPeer = true  - Libcurl will verify peer certificate
LogInit:  - bUseHttpProxy = false  - Libcurl will NOT use HTTP proxy
LogInit:  - bDontReuseConnections = false  - Libcurl will reuse connections
LogInit:  - MaxHostConnections = 16  - Libcurl will limit the number of connections to a host
LogInit:  - LocalHostAddr = Default
LogInit:  - BufferSize = 65536
LogInit: WinSock: version 1.1 (2.2), MaxSocks=32767, MaxUdp=65467
LogInit: Build: ++UE4+Release-4.22-CL-7053642
LogInit: Engine Version: 4.22.3-7053642+++UE4+Release-4.22
LogInit: Compatible Engine Version: 4.22.0-5660361+++UE4+Release-4.22
LogInit: Net CL: 5660361
LogInit: OS: Windows 8.1 (), CPU: Intel(R) Core(TM) i5-4690K CPU @ 3.50GHz, GPU: NVIDIA GeForce GTX 970
LogInit: Compiled (64-bit): Jun 18 2019 03:09:11
LogInit: Compiled with Visual C++: 19.16.27025.01
LogInit: Build Configuration: Development
LogInit: Branch Name: ++UE4+Release-4.22
LogInit: Command Line: 
LogInit: Base Directory: D:/Program Files (x86)/Epic Games/UE_4.22/Engine/Binaries/Win64/
LogInit: Installed Engine Build: 1
LogDevObjectVersion: Number of dev versions registered: 23
LogDevObjectVersion:   Dev-Blueprints (B0D832E4-1F89-4F0D-ACCF-7EB736FD4AA2): 10
LogDevObjectVersion:   Dev-Build (E1C64328-A22C-4D53-A36C-8E866417BD8C): 0
LogDevObjectVersion:   Dev-Core (375EC13C-06E4-48FB-B500-84F0262A717E): 3
LogDevObjectVersion:   Dev-Editor (E4B068ED-F494-42E9-A231-DA0B2E46BB41): 30
LogDevObjectVersion:   Dev-Framework (CFFC743F-43B0-4480-9391-14DF171D2073): 35
LogDevObjectVersion:   Dev-Mobile (B02B49B5-BB20-44E9-A304-32B752E40360): 2
LogDevObjectVersion:   Dev-Networking (A4E4105C-59A1-49B5-A7C5-40C4547EDFEE): 0
LogDevObjectVersion:   Dev-Online (39C831C9-5AE6-47DC-9A44-9C173E1C8E7C): 0
LogDevObjectVersion:   Dev-Physics (78F01B33-EBEA-4F98-B9B4-84EACCB95AA2): 0
LogDevObjectVersion:   Dev-Platform (6631380F-2D4D-43E0-8009-CF276956A95A): 0
LogDevObjectVersion:   Dev-Rendering (12F88B9F-8875-4AFC-A67C-D90C383ABD29): 28
LogDevObjectVersion:   Dev-Sequencer (7B5AE74C-D270-4C10-A958-57980B212A5A): 11
LogDevObjectVersion:   Dev-VR (D7296918-1DD6-4BDD-9DE2-64A83CC13884): 2
LogDevObjectVersion:   Dev-LoadTimes (C2A15278-BFE7-4AFE-6C17-90FF531DF755): 1
LogDevObjectVersion:   Private-Geometry (6EACA3D4-40EC-4CC1-B786-8BED09428FC5): 3
LogDevObjectVersion:   Dev-AnimPhys (29E575DD-E0A3-4627-9D10-D276232CDCEA): 17
LogDevObjectVersion:   Dev-Anim (AF43A65D-7FD3-4947-9873-3E8ED9C1BB05): 2
LogDevObjectVersion:   Dev-ReflectionCapture (6B266CEC-1EC7-4B8F-A30B-E4D90942FC07): 1
LogDevObjectVersion:   Dev-Automation (0DF73D61-A23F-47EA-B727-89E90C41499A): 1
LogDevObjectVersion:   FortniteMain (601D1886-AC64-4F84-AA16-D3DE0DEAC7D6): 25
LogDevObjectVersion:   Dev-Enterprise (9DFFBCD6-494F-0158-E221-12823C92A888): 6
LogDevObjectVersion:   Dev-Niagara (F2AED0AC-9AFE-416F-8664-AA7FFA26D6FC): 1
LogDevObjectVersion:   Dev-Destruction (174F1F0B-B4C6-45A5-B13F-2EE8D0FB917D): 2
LogInit: Presizing for max 16777216 objects, including 0 objects not considered by GC, pre-allocating 0 bytes for permanent pool.
LogInit: Object subsystem initialized
LogConfig: Setting CVar [[con.DebugEarlyDefault:1]]
LogConfig: Setting CVar [[r.setres:1280x720]]
[2020.01.15-14.42.36:273][  0]LogConfig: Setting CVar [[r.VSync:0]]
[2020.01.15-14.42.36:273][  0]LogConfig: Setting CVar [[r.RHICmdBypass:0]]
[2020.01.15-14.42.36:273][  0]LogConfig: Applying CVar settings from Section [/Script/Engine.RendererSettings] File [D:/GitHub/PruebaNovarama/TopShooter/Saved/Config/Windows/Engine.ini]
[2020.01.15-14.42.36:273][  0]LogConfig: Setting CVar [[r.GPUCrashDebugging:0]]
[2020.01.15-14.42.36:273][  0]LogConfig: Applying CVar settings from Section [/Script/Engine.RendererOverrideSettings] File [D:/GitHub/PruebaNovarama/TopShooter/Saved/Config/Windows/Engine.ini]
[2020.01.15-14.42.36:273][  0]LogConfig: Applying CVar settings from Section [/Script/Engine.StreamingSettings] File [D:/GitHub/PruebaNovarama/TopShooter/Saved/Config/Windows/Engine.ini]
[2020.01.15-14.42.36:273][  0]LogConfig: Setting CVar [[s.MinBulkDataSizeForAsyncLoading:131072]]
[2020.01.15-14.42.36:273][  0]LogConfig: Setting CVar [[s.AsyncLoadingThreadEnabled:0]]
[2020.01.15-14.42.36:273][  0]LogConfig: Setting CVar [[s.EventDrivenLoaderEnabled:1]]
[2020.01.15-14.42.36:273][  0]LogConfig: Setting CVar [[s.WarnIfTimeLimitExceeded:0]]
[2020.01.15-14.42.36:273][  0]LogConfig: Setting CVar [[s.TimeLimitExceededMultiplier:1.5]]
[2020.01.15-14.42.36:273][  0]LogConfig: Setting CVar [[s.TimeLimitExceededMinTime:0.005]]
[2020.01.15-14.42.36:273][  0]LogConfig: Setting CVar [[s.UseBackgroundLevelStreaming:1]]
[2020.01.15-14.42.36:273][  0]LogConfig: Setting CVar [[s.PriorityAsyncLoadingExtraTime:15.0]]
[2020.01.15-14.42.36:273][  0]LogConfig: Setting CVar [[s.LevelStreamingActorsUpdateTimeLimit:5.0]]
[2020.01.15-14.42.36:274][  0]LogConfig: Setting CVar [[s.PriorityLevelStreamingActorsUpdateExtraTime:5.0]]
[2020.01.15-14.42.36:274][  0]LogConfig: Setting CVar [[s.LevelStreamingComponentsRegistrationGranularity:10]]
[2020.01.15-14.42.36:274][  0]LogConfig: Setting CVar [[s.UnregisterComponentsTimeLimit:1.0]]
[2020.01.15-14.42.36:274][  0]LogConfig: Setting CVar [[s.LevelStreamingComponentsUnregistrationGranularity:5]]
[2020.01.15-14.42.36:274][  0]LogConfig: Applying CVar settings from Section [/Script/Engine.GarbageCollectionSettings] File [D:/GitHub/PruebaNovarama/TopShooter/Saved/Config/Windows/Engine.ini]
[2020.01.15-14.42.36:274][  0]LogConfig: Setting CVar [[gc.MaxObjectsNotConsideredByGC:1]]
[2020.01.15-14.42.36:274][  0]LogConfig: Setting CVar [[gc.SizeOfPermanentObjectPool:0]]
[2020.01.15-14.42.36:274][  0]LogConfig: Setting CVar [[gc.FlushStreamingOnGC:0]]
[2020.01.15-14.42.36:274][  0]LogConfig: Setting CVar [[gc.NumRetriesBeforeForcingGC:10]]
[2020.01.15-14.42.36:274][  0]LogConfig: Setting CVar [[gc.AllowParallelGC:1]]
[2020.01.15-14.42.36:274][  0]LogConfig: Setting CVar [[gc.TimeBetweenPurgingPendingKillObjects:61.1]]
[2020.01.15-14.42.36:274][  0]LogConfig: Setting CVar [[gc.MaxObjectsInEditor:16777216]]
[2020.01.15-14.42.36:274][  0]LogConfig: Setting CVar [[gc.IncrementalBeginDestroyEnabled:1]]
[2020.01.15-14.42.36:274][  0]LogConfig: Setting CVar [[gc.CreateGCClusters:1]]
[2020.01.15-14.42.36:274][  0]LogConfig: Setting CVar [[gc.MinGCClusterSize:5]]
[2020.01.15-14.42.36:274][  0]LogConfig: Setting CVar [[gc.ActorClusteringEnabled:0]]
[2020.01.15-14.42.36:274][  0]LogConfig: Setting CVar [[gc.BlueprintClusteringEnabled:0]]
[2020.01.15-14.42.36:274][  0]LogConfig: Setting CVar [[gc.UseDisregardForGCOnDedicatedServers:0]]
[2020.01.15-14.42.36:274][  0]LogConfig: Applying CVar settings from Section [/Script/Engine.NetworkSettings] File [D:/GitHub/PruebaNovarama/TopShooter/Saved/Config/Windows/Engine.ini]
[2020.01.15-14.42.36:274][  0]LogConfig: Applying CVar settings from Section [/Script/UnrealEd.CookerSettings] File [D:/GitHub/PruebaNovarama/TopShooter/Saved/Config/Windows/Engine.ini]
[2020.01.15-14.42.36:275][  0]LogConfig: Applying CVar settings from Section [ViewDistanceQuality@3] File [D:/GitHub/PruebaNovarama/TopShooter/Saved/Config/Windows/Scalability.ini]
[2020.01.15-14.42.36:275][  0]LogConfig: Setting CVar [[r.SkeletalMeshLODBias:0]]
[2020.01.15-14.42.36:275][  0]LogConfig: Setting CVar [[r.ViewDistanceScale:1.0]]
[2020.01.15-14.42.36:275][  0]LogConfig: Applying CVar settings from Section [AntiAliasingQuality@3] File [D:/GitHub/PruebaNovarama/TopShooter/Saved/Config/Windows/Scalability.ini]
[2020.01.15-14.42.36:275][  0]LogConfig: Setting CVar [[r.PostProcessAAQuality:4]]
[2020.01.15-14.42.36:275][  0]LogConfig: Applying CVar settings from Section [ShadowQuality@3] File [D:/GitHub/PruebaNovarama/TopShooter/Saved/Config/Windows/Scalability.ini]
[2020.01.15-14.42.36:275][  0]LogConfig: Setting CVar [[r.LightFunctionQuality:1]]
[2020.01.15-14.42.36:275][  0]LogConfig: Setting CVar [[r.ShadowQuality:5]]
[2020.01.15-14.42.36:275][  0]LogConfig: Setting CVar [[r.Shadow.CSM.MaxCascades:10]]
[2020.01.15-14.42.36:275][  0]LogConfig: Setting CVar [[r.Shadow.MaxResolution:2048]]
[2020.01.15-14.42.36:275][  0]LogConfig: Setting CVar [[r.Shadow.MaxCSMResolution:2048]]
[2020.01.15-14.42.36:275][  0]LogConfig: Setting CVar [[r.Shadow.RadiusThreshold:0.01]]
[2020.01.15-14.42.36:275][  0]LogConfig: Setting CVar [[r.Shadow.DistanceScale:1.0]]
[2020.01.15-14.42.36:275][  0]LogConfig: Setting CVar [[r.Shadow.CSM.TransitionScale:1.0]]
[2020.01.15-14.42.36:275][  0]LogConfig: Setting CVar [[r.Shadow.PreShadowResolutionFactor:1.0]]
[2020.01.15-14.42.36:275][  0]LogConfig: Setting CVar [[r.DistanceFieldShadowing:1]]
[2020.01.15-14.42.36:275][  0]LogConfig: Setting CVar [[r.DistanceFieldAO:1]]
[2020.01.15-14.42.36:275][  0]LogConfig: Setting CVar [[r.AOQuality:2]]
[2020.01.15-14.42.36:275][  0]LogConfig: Setting CVar [[r.VolumetricFog:1]]
[2020.01.15-14.42.36:275][  0]LogConfig: Setting CVar [[r.VolumetricFog.GridPixelSize:8]]
[2020.01.15-14.42.36:275][  0]LogConfig: Setting CVar [[r.VolumetricFog.GridSizeZ:128]]
[2020.01.15-14.42.36:275][  0]LogConfig: Setting CVar [[r.VolumetricFog.HistoryMissSupersampleCount:4]]
[2020.01.15-14.42.36:275][  0]LogConfig: Setting CVar [[r.LightMaxDrawDistanceScale:1]]
[2020.01.15-14.42.36:276][  0]LogConfig: Setting CVar [[r.CapsuleShadows:1]]
[2020.01.15-14.42.36:276][  0]LogConfig: Applying CVar settings from Section [PostProcessQuality@3] File [D:/GitHub/PruebaNovarama/TopShooter/Saved/Config/Windows/Scalability.ini]
[2020.01.15-14.42.36:276][  0]LogConfig: Setting CVar [[r.MotionBlurQuality:4]]
[2020.01.15-14.42.36:276][  0]LogConfig: Setting CVar [[r.AmbientOcclusionMipLevelFactor:0.4]]
[2020.01.15-14.42.36:276][  0]LogConfig: Setting CVar [[r.AmbientOcclusionMaxQuality:100]]
[2020.01.15-14.42.36:276][  0]LogConfig: Setting CVar [[r.AmbientOcclusionLevels:-1]]
[2020.01.15-14.42.36:276][  0]LogConfig: Setting CVar [[r.AmbientOcclusionRadiusScale:1.0]]
[2020.01.15-14.42.36:276][  0]LogConfig: Setting CVar [[r.DepthOfFieldQuality:2]]
[2020.01.15-14.42.36:276][  0]LogConfig: Setting CVar [[r.RenderTargetPoolMin:400]]
[2020.01.15-14.42.36:276][  0]LogConfig: Setting CVar [[r.LensFlareQuality:2]]
[2020.01.15-14.42.36:276][  0]LogConfig: Setting CVar [[r.SceneColorFringeQuality:1]]
[2020.01.15-14.42.36:276][  0]LogConfig: Setting CVar [[r.EyeAdaptationQuality:2]]
[2020.01.15-14.42.36:276][  0]LogConfig: Setting CVar [[r.BloomQuality:5]]
[2020.01.15-14.42.36:276][  0]LogConfig: Setting CVar [[r.FastBlurThreshold:100]]
[2020.01.15-14.42.36:276][  0]LogConfig: Setting CVar [[r.Upscale.Quality:3]]
[2020.01.15-14.42.36:276][  0]LogConfig: Setting CVar [[r.Tonemapper.GrainQuantization:1]]
[2020.01.15-14.42.36:276][  0]LogConfig: Setting CVar [[r.LightShaftQuality:1]]
[2020.01.15-14.42.36:276][  0]LogConfig: Setting CVar [[r.Filter.SizeScale:1]]
[2020.01.15-14.42.36:276][  0]LogConfig: Setting CVar [[r.Tonemapper.Quality:5]]
[2020.01.15-14.42.36:276][  0]LogConfig: Setting CVar [[r.DOF.Gather.AccumulatorQuality:1        ; higher gathering accumulator quality]]
[2020.01.15-14.42.36:276][  0]LogConfig: Setting CVar [[r.DOF.Gather.PostfilterMethod:1          ; Median3x3 postfilering method]]
[2020.01.15-14.42.36:276][  0]LogConfig: Setting CVar [[r.DOF.Gather.EnableBokehSettings:0       ; no bokeh simulation when gathering]]
[2020.01.15-14.42.36:276][  0]LogConfig: Setting CVar [[r.DOF.Gather.RingCount:4                 ; medium number of samples when gathering]]
[2020.01.15-14.42.36:276][  0]LogConfig: Setting CVar [[r.DOF.Scatter.ForegroundCompositing:1    ; additive foreground scattering]]
[2020.01.15-14.42.36:276][  0]LogConfig: Setting CVar [[r.DOF.Scatter.BackgroundCompositing:2    ; additive background scattering]]
[2020.01.15-14.42.36:276][  0]LogConfig: Setting CVar [[r.DOF.Scatter.EnableBokehSettings:1      ; bokeh simulation when scattering]]
[2020.01.15-14.42.36:276][  0]LogConfig: Setting CVar [[r.DOF.Scatter.MaxSpriteRatio:0.1         ; only a maximum of 10% of scattered bokeh]]
[2020.01.15-14.42.36:276][  0]LogConfig: Setting CVar [[r.DOF.Recombine.Quality:1                ; cheap slight out of focus]]
[2020.01.15-14.42.36:276][  0]LogConfig: Setting CVar [[r.DOF.Recombine.EnableBokehSettings:0    ; no bokeh simulation on slight out of focus]]
[2020.01.15-14.42.36:276][  0]LogConfig: Setting CVar [[r.DOF.TemporalAAQuality:1                ; more stable temporal accumulation]]
[2020.01.15-14.42.36:276][  0]LogConfig: Setting CVar [[r.DOF.Kernel.MaxForegroundRadius:0.025]]
[2020.01.15-14.42.36:276][  0]LogConfig: Setting CVar [[r.DOF.Kernel.MaxBackgroundRadius:0.025]]
[2020.01.15-14.42.36:276][  0]LogConfig: Applying CVar settings from Section [TextureQuality@3] File [D:/GitHub/PruebaNovarama/TopShooter/Saved/Config/Windows/Scalability.ini]
[2020.01.15-14.42.36:276][  0]LogConfig: Setting CVar [[r.Streaming.MipBias:0]]
[2020.01.15-14.42.36:276][  0]LogConfig: Setting CVar [[r.Streaming.AmortizeCPUToGPUCopy:0]]
[2020.01.15-14.42.36:276][  0]LogConfig: Setting CVar [[r.Streaming.MaxNumTexturesToStreamPerFrame:0]]
[2020.01.15-14.42.36:276][  0]LogConfig: Setting CVar [[r.Streaming.Boost:1]]
[2020.01.15-14.42.36:276][  0]LogConfig: Setting CVar [[r.MaxAnisotropy:8]]
[2020.01.15-14.42.36:276][  0]LogConfig: Setting CVar [[r.Streaming.LimitPoolSizeToVRAM:0]]
[2020.01.15-14.42.36:276][  0]LogConfig: Setting CVar [[r.Streaming.PoolSize:1000]]
[2020.01.15-14.42.36:276][  0]LogConfig: Setting CVar [[r.Streaming.MaxEffectiveScreenSize:0]]
[2020.01.15-14.42.36:276][  0]LogConfig: Applying CVar settings from Section [EffectsQuality@3] File [D:/GitHub/PruebaNovarama/TopShooter/Saved/Config/Windows/Scalability.ini]
[2020.01.15-14.42.36:276][  0]LogConfig: Setting CVar [[r.TranslucencyLightingVolumeDim:64]]
[2020.01.15-14.42.36:276][  0]LogConfig: Setting CVar [[r.RefractionQuality:2]]
[2020.01.15-14.42.36:276][  0]LogConfig: Setting CVar [[r.SSR.Quality:3]]
[2020.01.15-14.42.36:276][  0]LogConfig: Setting CVar [[r.SceneColorFormat:4]]
[2020.01.15-14.42.36:276][  0]LogConfig: Setting CVar [[r.DetailMode:2]]
[2020.01.15-14.42.36:276][  0]LogConfig: Setting CVar [[r.TranslucencyVolumeBlur:1]]
[2020.01.15-14.42.36:276][  0]LogConfig: Setting CVar [[r.MaterialQualityLevel:1 ; High quality]]
[2020.01.15-14.42.36:276][  0]LogConfig: Setting CVar [[r.SSS.Scale:1]]
[2020.01.15-14.42.36:276][  0]LogConfig: Setting CVar [[r.SSS.SampleSet:2]]
[2020.01.15-14.42.36:276][  0]LogConfig: Setting CVar [[r.SSS.Quality:1]]
[2020.01.15-14.42.36:276][  0]LogConfig: Setting CVar [[r.SSS.HalfRes:1]]
[2020.01.15-14.42.36:276][  0]LogConfig: Setting CVar [[r.EmitterSpawnRateScale:1.0]]
[2020.01.15-14.42.36:276][  0]LogConfig: Setting CVar [[r.ParticleLightQuality:2]]
[2020.01.15-14.42.36:276][  0]LogConfig: Applying CVar settings from Section [FoliageQuality@3] File [D:/GitHub/PruebaNovarama/TopShooter/Saved/Config/Windows/Scalability.ini]
[2020.01.15-14.42.36:276][  0]LogConfig: Setting CVar [[foliage.DensityScale:1.0]]
[2020.01.15-14.42.36:276][  0]LogConfig: Setting CVar [[grass.DensityScale:1.0]]
[2020.01.15-14.42.36:276][  0]LogInit: Selected Device Profile: [Windows]
[2020.01.15-14.42.36:276][  0]LogInit: Applying CVar settings loaded from the selected device profile: [Windows]
[2020.01.15-14.42.36:288][  0]LogHAL: Display: Platform has ~ 16 GB [17119150080 / 17179869184 / 16], which maps to Larger [LargestMinGB=32, LargerMinGB=12, DefaultMinGB=8, SmallerMinGB=6, SmallestMinGB=0)
[2020.01.15-14.42.36:288][  0]LogConfig: Setting CVar [[r.Vulkan.UseRealUBs:0		; Required until we fix HLR fall-out]]
[2020.01.15-14.42.36:288][  0]LogInit: Going up to parent DeviceProfile []
[2020.01.15-14.42.36:288][  0]LogConfig: Applying CVar settings from Section [ViewDistanceQuality@3] File [D:/GitHub/PruebaNovarama/TopShooter/Saved/Config/Windows/Scalability.ini]
[2020.01.15-14.42.36:288][  0]LogConfig: Setting CVar [[r.SkeletalMeshLODBias:0]]
[2020.01.15-14.42.36:288][  0]LogConfig: Setting CVar [[r.ViewDistanceScale:1.0]]
[2020.01.15-14.42.36:288][  0]LogConfig: Applying CVar settings from Section [AntiAliasingQuality@3] File [D:/GitHub/PruebaNovarama/TopShooter/Saved/Config/Windows/Scalability.ini]
[2020.01.15-14.42.36:288][  0]LogConfig: Setting CVar [[r.PostProcessAAQuality:4]]
[2020.01.15-14.42.36:288][  0]LogConfig: Applying CVar settings from Section [ShadowQuality@3] File [D:/GitHub/PruebaNovarama/TopShooter/Saved/Config/Windows/Scalability.ini]
[2020.01.15-14.42.36:288][  0]LogConfig: Setting CVar [[r.LightFunctionQuality:1]]
[2020.01.15-14.42.36:288][  0]LogConfig: Setting CVar [[r.ShadowQuality:5]]
[2020.01.15-14.42.36:288][  0]LogConfig: Setting CVar [[r.Shadow.CSM.MaxCascades:10]]
[2020.01.15-14.42.36:288][  0]LogConfig: Setting CVar [[r.Shadow.MaxResolution:2048]]
[2020.01.15-14.42.36:288][  0]LogConfig: Setting CVar [[r.Shadow.MaxCSMResolution:2048]]
[2020.01.15-14.42.36:288][  0]LogConfig: Setting CVar [[r.Shadow.RadiusThreshold:0.01]]
[2020.01.15-14.42.36:288][  0]LogConfig: Setting CVar [[r.Shadow.DistanceScale:1.0]]
[2020.01.15-14.42.36:288][  0]LogConfig: Setting CVar [[r.Shadow.CSM.TransitionScale:1.0]]
[2020.01.15-14.42.36:288][  0]LogConfig: Setting CVar [[r.Shadow.PreShadowResolutionFactor:1.0]]
[2020.01.15-14.42.36:288][  0]LogConfig: Setting CVar [[r.DistanceFieldShadowing:1]]
[2020.01.15-14.42.36:288][  0]LogConfig: Setting CVar [[r.DistanceFieldAO:1]]
[2020.01.15-14.42.36:288][  0]LogConfig: Setting CVar [[r.AOQuality:2]]
[2020.01.15-14.42.36:288][  0]LogConfig: Setting CVar [[r.VolumetricFog:1]]
[2020.01.15-14.42.36:288][  0]LogConfig: Setting CVar [[r.VolumetricFog.GridPixelSize:8]]
[2020.01.15-14.42.36:288][  0]LogConfig: Setting CVar [[r.VolumetricFog.GridSizeZ:128]]
[2020.01.15-14.42.36:288][  0]LogConfig: Setting CVar [[r.VolumetricFog.HistoryMissSupersampleCount:4]]
[2020.01.15-14.42.36:288][  0]LogConfig: Setting CVar [[r.LightMaxDrawDistanceScale:1]]
[2020.01.15-14.42.36:288][  0]LogConfig: Setting CVar [[r.CapsuleShadows:1]]
[2020.01.15-14.42.36:288][  0]LogConfig: Applying CVar settings from Section [PostProcessQuality@3] File [D:/GitHub/PruebaNovarama/TopShooter/Saved/Config/Windows/Scalability.ini]
[2020.01.15-14.42.36:289][  0]LogConfig: Setting CVar [[r.MotionBlurQuality:4]]
[2020.01.15-14.42.36:289][  0]LogConfig: Setting CVar [[r.AmbientOcclusionMipLevelFactor:0.4]]
[2020.01.15-14.42.36:289][  0]LogConfig: Setting CVar [[r.AmbientOcclusionMaxQuality:100]]
[2020.01.15-14.42.36:289][  0]LogConfig: Setting CVar [[r.AmbientOcclusionLevels:-1]]
[2020.01.15-14.42.36:289][  0]LogConfig: Setting CVar [[r.AmbientOcclusionRadiusScale:1.0]]
[2020.01.15-14.42.36:289][  0]LogConfig: Setting CVar [[r.DepthOfFieldQuality:2]]
[2020.01.15-14.42.36:289][  0]LogConfig: Setting CVar [[r.RenderTargetPoolMin:400]]
[2020.01.15-14.42.36:289][  0]LogConfig: Setting CVar [[r.LensFlareQuality:2]]
[2020.01.15-14.42.36:289][  0]LogConfig: Setting CVar [[r.SceneColorFringeQuality:1]]
[2020.01.15-14.42.36:289][  0]LogConfig: Setting CVar [[r.EyeAdaptationQuality:2]]
[2020.01.15-14.42.36:289][  0]LogConfig: Setting CVar [[r.BloomQuality:5]]
[2020.01.15-14.42.36:289][  0]LogConfig: Setting CVar [[r.FastBlurThreshold:100]]
[2020.01.15-14.42.36:289][  0]LogConfig: Setting CVar [[r.Upscale.Quality:3]]
[2020.01.15-14.42.36:289][  0]LogConfig: Setting CVar [[r.Tonemapper.GrainQuantization:1]]
[2020.01.15-14.42.36:289][  0]LogConfig: Setting CVar [[r.LightShaftQuality:1]]
[2020.01.15-14.42.36:289][  0]LogConfig: Setting CVar [[r.Filter.SizeScale:1]]
[2020.01.15-14.42.36:289][  0]LogConfig: Setting CVar [[r.Tonemapper.Quality:5]]
[2020.01.15-14.42.36:289][  0]LogConfig: Setting CVar [[r.DOF.Gather.AccumulatorQuality:1        ; higher gathering accumulator quality]]
[2020.01.15-14.42.36:289][  0]LogConfig: Setting CVar [[r.DOF.Gather.PostfilterMethod:1          ; Median3x3 postfilering method]]
[2020.01.15-14.42.36:289][  0]LogConfig: Setting CVar [[r.DOF.Gather.EnableBokehSettings:0       ; no bokeh simulation when gathering]]
[2020.01.15-14.42.36:289][  0]LogConfig: Setting CVar [[r.DOF.Gather.RingCount:4                 ; medium number of samples when gathering]]
[2020.01.15-14.42.36:289][  0]LogConfig: Setting CVar [[r.DOF.Scatter.ForegroundCompositing:1    ; additive foreground scattering]]
[2020.01.15-14.42.36:289][  0]LogConfig: Setting CVar [[r.DOF.Scatter.BackgroundCompositing:2    ; additive background scattering]]
[2020.01.15-14.42.36:289][  0]LogConfig: Setting CVar [[r.DOF.Scatter.EnableBokehSettings:1      ; bokeh simulation when scattering]]
[2020.01.15-14.42.36:289][  0]LogConfig: Setting CVar [[r.DOF.Scatter.MaxSpriteRatio:0.1         ; only a maximum of 10% of scattered bokeh]]
[2020.01.15-14.42.36:289][  0]LogConfig: Setting CVar [[r.DOF.Recombine.Quality:1                ; cheap slight out of focus]]
[2020.01.15-14.42.36:289][  0]LogConfig: Setting CVar [[r.DOF.Recombine.EnableBokehSettings:0    ; no bokeh simulation on slight out of focus]]
[2020.01.15-14.42.36:289][  0]LogConfig: Setting CVar [[r.DOF.TemporalAAQuality:1                ; more stable temporal accumulation]]
[2020.01.15-14.42.36:289][  0]LogConfig: Setting CVar [[r.DOF.Kernel.MaxForegroundRadius:0.025]]
[2020.01.15-14.42.36:289][  0]LogConfig: Setting CVar [[r.DOF.Kernel.MaxBackgroundRadius:0.025]]
[2020.01.15-14.42.36:289][  0]LogConfig: Applying CVar settings from Section [TextureQuality@3] File [D:/GitHub/PruebaNovarama/TopShooter/Saved/Config/Windows/Scalability.ini]
[2020.01.15-14.42.36:289][  0]LogConfig: Setting CVar [[r.Streaming.MipBias:0]]
[2020.01.15-14.42.36:289][  0]LogConfig: Setting CVar [[r.Streaming.AmortizeCPUToGPUCopy:0]]
[2020.01.15-14.42.36:289][  0]LogConfig: Setting CVar [[r.Streaming.MaxNumTexturesToStreamPerFrame:0]]
[2020.01.15-14.42.36:289][  0]LogConfig: Setting CVar [[r.Streaming.Boost:1]]
[2020.01.15-14.42.36:289][  0]LogConfig: Setting CVar [[r.MaxAnisotropy:8]]
[2020.01.15-14.42.36:289][  0]LogConfig: Setting CVar [[r.Streaming.LimitPoolSizeToVRAM:0]]
[2020.01.15-14.42.36:289][  0]LogConfig: Setting CVar [[r.Streaming.PoolSize:1000]]
[2020.01.15-14.42.36:289][  0]LogConfig: Setting CVar [[r.Streaming.MaxEffectiveScreenSize:0]]
[2020.01.15-14.42.36:289][  0]LogConfig: Applying CVar settings from Section [EffectsQuality@3] File [D:/GitHub/PruebaNovarama/TopShooter/Saved/Config/Windows/Scalability.ini]
[2020.01.15-14.42.36:289][  0]LogConfig: Setting CVar [[r.TranslucencyLightingVolumeDim:64]]
[2020.01.15-14.42.36:289][  0]LogConfig: Setting CVar [[r.RefractionQuality:2]]
[2020.01.15-14.42.36:289][  0]LogConfig: Setting CVar [[r.SSR.Quality:3]]
[2020.01.15-14.42.36:289][  0]LogConfig: Setting CVar [[r.SceneColorFormat:4]]
[2020.01.15-14.42.36:289][  0]LogConfig: Setting CVar [[r.DetailMode:2]]
[2020.01.15-14.42.36:289][  0]LogConfig: Setting CVar [[r.TranslucencyVolumeBlur:1]]
[2020.01.15-14.42.36:289][  0]LogConfig: Setting CVar [[r.MaterialQualityLevel:1 ; High quality]]
[2020.01.15-14.42.36:289][  0]LogConfig: Setting CVar [[r.SSS.Scale:1]]
[2020.01.15-14.42.36:289][  0]LogConfig: Setting CVar [[r.SSS.SampleSet:2]]
[2020.01.15-14.42.36:289][  0]LogConfig: Setting CVar [[r.SSS.Quality:1]]
[2020.01.15-14.42.36:289][  0]LogConfig: Setting CVar [[r.SSS.HalfRes:1]]
[2020.01.15-14.42.36:289][  0]LogConfig: Setting CVar [[r.EmitterSpawnRateScale:1.0]]
[2020.01.15-14.42.36:289][  0]LogConfig: Setting CVar [[r.ParticleLightQuality:2]]
[2020.01.15-14.42.36:289][  0]LogConfig: Applying CVar settings from Section [FoliageQuality@3] File [D:/GitHub/PruebaNovarama/TopShooter/Saved/Config/Windows/Scalability.ini]
[2020.01.15-14.42.36:289][  0]LogConfig: Setting CVar [[foliage.DensityScale:1.0]]
[2020.01.15-14.42.36:289][  0]LogConfig: Setting CVar [[grass.DensityScale:1.0]]
[2020.01.15-14.42.36:289][  0]LogConfig: Applying CVar settings from Section [Startup] File [../../../Engine/Config/ConsoleVariables.ini]
[2020.01.15-14.42.36:289][  0]LogConfig: Setting CVar [[net.UseAdaptiveNetUpdateFrequency:0]]
[2020.01.15-14.42.36:289][  0]LogConfig: Setting CVar [[p.chaos.AllowCreatePhysxBodies:1]]
[2020.01.15-14.42.36:289][  0]LogConfig: Applying CVar settings from Section [ConsoleVariables] File [D:/GitHub/PruebaNovarama/TopShooter/Saved/Config/Windows/Engine.ini]
[2020.01.15-14.42.36:289][  0]LogInit: Computer: DAVIDMASTERRACE
[2020.01.15-14.42.36:289][  0]LogInit: User: David
[2020.01.15-14.42.36:289][  0]LogInit: CPU Page size=4096, Cores=4
[2020.01.15-14.42.36:289][  0]LogInit: High frequency timer resolution =3.415994 MHz
[2020.01.15-14.42.36:290][  0]LogMemory: Memory total: Physical=15.9GB (16GB approx)
[2020.01.15-14.42.36:290][  0]LogMemory: Platform Memory Stats for Windows
[2020.01.15-14.42.36:290][  0]LogMemory: Process Physical Memory: 95.69 MB used, 95.69 MB peak
[2020.01.15-14.42.36:290][  0]LogMemory: Process Virtual Memory: 94.09 MB used, 94.09 MB peak
[2020.01.15-14.42.36:290][  0]LogMemory: Physical Memory: 6518.34 MB used,  9807.76 MB free, 16326.09 MB total
[2020.01.15-14.42.36:290][  0]LogMemory: Virtual Memory: 497.45 MB used,  134217232.00 MB free, 134217728.00 MB total
[2020.01.15-14.42.36:305][  0]LogInit: Overriding language with editor language configuration option (en).
[2020.01.15-14.42.36:305][  0]LogInit: Overriding locale with editor locale configuration option (en).
[2020.01.15-14.42.36:447][  0]LogInit: Setting process to per monitor DPI aware
[2020.01.15-14.42.36:465][  0]LogSlate: New Slate User Created.  User Index 0, Is Virtual User: 0
[2020.01.15-14.42.36:465][  0]LogSlate: Slate User Registered.  User Index 0, Is Virtual User: 0
[2020.01.15-14.42.36:595][  0]LogHMD: Failed to initialize OpenVR with code 110
[2020.01.15-14.42.36:595][  0]LogD3D11RHI: D3D11 adapters:
[2020.01.15-14.42.36:630][  0]LogD3D11RHI:    0. 'NVIDIA GeForce GTX 970' (Feature Level 11_0)
[2020.01.15-14.42.36:630][  0]LogD3D11RHI:       3992/0/8163 MB DedicatedVideo/DedicatedSystem/SharedSystem, Outputs:1, VendorId:0x10de
[2020.01.15-14.42.36:631][  0]LogD3D11RHI:    1. 'Microsoft Basic Render Driver' (Feature Level 11_0)
[2020.01.15-14.42.36:631][  0]LogD3D11RHI:       0/0/256 MB DedicatedVideo/DedicatedSystem/SharedSystem, Outputs:0, VendorId:0x1414
[2020.01.15-14.42.36:631][  0]LogD3D11RHI: Chosen D3D11 Adapter: 0
[2020.01.15-14.42.36:635][  0]LogD3D11RHI: Creating new Direct3DDevice
[2020.01.15-14.42.36:635][  0]LogD3D11RHI:     GPU DeviceId: 0x13c2 (for the marketing name, search the web for "GPU Device Id")
[2020.01.15-14.42.36:635][  0]LogWindows: EnumDisplayDevices:
[2020.01.15-14.42.36:635][  0]LogWindows:    0. 'NVIDIA GeForce GTX 970' (P:1 D:1)
[2020.01.15-14.42.36:635][  0]LogWindows:    1. 'NVIDIA GeForce GTX 970' (P:0 D:0)
[2020.01.15-14.42.36:635][  0]LogWindows:    2. 'NVIDIA GeForce GTX 970' (P:0 D:0)
[2020.01.15-14.42.36:635][  0]LogWindows:    3. 'NVIDIA GeForce GTX 970' (P:0 D:0)
[2020.01.15-14.42.36:635][  0]LogWindows: DebugString: FoundDriverCount:4 
[2020.01.15-14.42.36:635][  0]LogD3D11RHI:     Adapter Name: NVIDIA GeForce GTX 970
[2020.01.15-14.42.36:635][  0]LogD3D11RHI:   Driver Version: 440.97 (internal:26.21.14.4097, unified:440.97)
[2020.01.15-14.42.36:635][  0]LogD3D11RHI:      Driver Date: 10-16-2019
[2020.01.15-14.42.36:635][  0]LogRHI: Texture pool is 2794 MB (70% of 3992 MB)
[2020.01.15-14.42.36:652][  0]LogD3D11RHI: Async texture creation enabled
[2020.01.15-14.42.36:655][  0]LogRendererCore: FGlobalReadBuffer::InitRHI
[2020.01.15-14.42.36:655][  0]LogRendererCore: FGlobalReadBuffer::InitRHI
[2020.01.15-14.42.36:655][  0]LogRendererCore: FGlobalReadBuffer::InitRHI
[2020.01.15-14.42.36:669][  0]LogD3D11RHI: GPU Timing Frequency: 1000.000000 (Debug: 2 2)
[2020.01.15-14.42.36:858][  0]LogTemp: Display: Module 'AllDesktopTargetPlatform' loaded TargetPlatform 'AllDesktop'
[2020.01.15-14.42.36:871][  0]LogTemp: Display: Module 'MacClientTargetPlatform' loaded TargetPlatform 'MacClient'
[2020.01.15-14.42.36:883][  0]LogTemp: Display: Module 'MacNoEditorTargetPlatform' loaded TargetPlatform 'MacNoEditor'
[2020.01.15-14.42.36:895][  0]LogTemp: Display: Module 'MacServerTargetPlatform' loaded TargetPlatform 'MacServer'
[2020.01.15-14.42.36:907][  0]LogTemp: Display: Module 'MacTargetPlatform' loaded TargetPlatform 'Mac'
[2020.01.15-14.42.36:919][  0]LogTemp: Display: Module 'WindowsClientTargetPlatform' loaded TargetPlatform 'WindowsClient'
[2020.01.15-14.42.36:931][  0]LogTemp: Display: Module 'WindowsNoEditorTargetPlatform' loaded TargetPlatform 'WindowsNoEditor'
[2020.01.15-14.42.36:943][  0]LogTemp: Display: Module 'WindowsServerTargetPlatform' loaded TargetPlatform 'WindowsServer'
[2020.01.15-14.42.36:948][  0]LogTemp: Display: Module 'WindowsTargetPlatform' loaded TargetPlatform 'Windows'
[2020.01.15-14.42.37:022][  0]LogTemp: Display: Module 'AndroidTargetPlatform' loaded TargetPlatform 'Android'
[2020.01.15-14.42.37:022][  0]LogTemp: Display: Module 'AndroidTargetPlatform' loaded TargetPlatform 'Android_ASTC'
[2020.01.15-14.42.37:022][  0]LogTemp: Display: Module 'AndroidTargetPlatform' loaded TargetPlatform 'Android_ATC'
[2020.01.15-14.42.37:022][  0]LogTemp: Display: Module 'AndroidTargetPlatform' loaded TargetPlatform 'Android_DXT'
[2020.01.15-14.42.37:022][  0]LogTemp: Display: Module 'AndroidTargetPlatform' loaded TargetPlatform 'Android_ETC1'
[2020.01.15-14.42.37:022][  0]LogTemp: Display: Module 'AndroidTargetPlatform' loaded TargetPlatform 'Android_ETC1a'
[2020.01.15-14.42.37:022][  0]LogTemp: Display: Module 'AndroidTargetPlatform' loaded TargetPlatform 'Android_ETC2'
[2020.01.15-14.42.37:022][  0]LogTemp: Display: Module 'AndroidTargetPlatform' loaded TargetPlatform 'Android_PVRTC'
[2020.01.15-14.42.37:022][  0]LogTemp: Display: Module 'AndroidTargetPlatform' loaded TargetPlatform 'AndroidClient'
[2020.01.15-14.42.37:022][  0]LogTemp: Display: Module 'AndroidTargetPlatform' loaded TargetPlatform 'Android_ASTCClient'
[2020.01.15-14.42.37:022][  0]LogTemp: Display: Module 'AndroidTargetPlatform' loaded TargetPlatform 'Android_ATCClient'
[2020.01.15-14.42.37:022][  0]LogTemp: Display: Module 'AndroidTargetPlatform' loaded TargetPlatform 'Android_DXTClient'
[2020.01.15-14.42.37:022][  0]LogTemp: Display: Module 'AndroidTargetPlatform' loaded TargetPlatform 'Android_ETC1Client'
[2020.01.15-14.42.37:022][  0]LogTemp: Display: Module 'AndroidTargetPlatform' loaded TargetPlatform 'Android_ETC1aClient'
[2020.01.15-14.42.37:022][  0]LogTemp: Display: Module 'AndroidTargetPlatform' loaded TargetPlatform 'Android_ETC2Client'
[2020.01.15-14.42.37:022][  0]LogTemp: Display: Module 'AndroidTargetPlatform' loaded TargetPlatform 'Android_PVRTCClient'
[2020.01.15-14.42.37:022][  0]LogTemp: Display: Module 'AndroidTargetPlatform' loaded TargetPlatform 'Android_Multi'
[2020.01.15-14.42.37:022][  0]LogTemp: Display: Module 'AndroidTargetPlatform' loaded TargetPlatform 'Android_MultiClient'
[2020.01.15-14.42.37:023][  0]LogTemp: Display: Module 'HTML5TargetPlatform' loaded TargetPlatform 'HTML5'
[2020.01.15-14.42.37:070][  0]LogTemp: Display: Module 'IOSTargetPlatform' loaded TargetPlatform 'IOSClient'
[2020.01.15-14.42.37:070][  0]LogTemp: Display: Module 'IOSTargetPlatform' loaded TargetPlatform 'IOS'
[2020.01.15-14.42.37:092][  0]LogTemp: Display: Module 'TVOSTargetPlatform' loaded TargetPlatform 'TVOSClient'
[2020.01.15-14.42.37:092][  0]LogTemp: Display: Module 'TVOSTargetPlatform' loaded TargetPlatform 'TVOS'
[2020.01.15-14.42.37:103][  0]LogTemp: Display: Module 'LinuxClientTargetPlatform' loaded TargetPlatform 'LinuxClient'
[2020.01.15-14.42.37:114][  0]LogTemp: Display: Module 'LinuxNoEditorTargetPlatform' loaded TargetPlatform 'LinuxNoEditor'
[2020.01.15-14.42.37:126][  0]LogTemp: Display: Module 'LinuxServerTargetPlatform' loaded TargetPlatform 'LinuxServer'
[2020.01.15-14.42.37:137][  0]LogTemp: Display: Module 'LinuxTargetPlatform' loaded TargetPlatform 'Linux'
[2020.01.15-14.42.37:180][  0]LogTemp: Display: Module 'LuminTargetPlatform' loaded TargetPlatform 'Lumin'
[2020.01.15-14.42.37:180][  0]LogTemp: Display: Module 'LuminTargetPlatform' loaded TargetPlatform 'LuminClient'
[2020.01.15-14.42.37:180][  0]LogTargetPlatformManager: Display: Building Assets For Windows
[2020.01.15-14.42.37:185][  0]LogAudioDebug: Display: Lib vorbis DLL was dynamically loaded.
[2020.01.15-14.42.37:216][  0]LogShaderCompilers: Guid format shader working directory is -4 characters bigger than the processId version (../../../../../../GitHub/PruebaNovarama/TopShooter/Intermediate/Shaders/WorkingDirectory/9688/).
[2020.01.15-14.42.37:216][  0]LogShaderCompilers: Cleaned the shader compiler working directory 'C:/Users/David/AppData/Local/Temp/UnrealShaderWorkingDir/B688C3B94B2F9BEBA19B54A1E3B0DA34/'.
[2020.01.15-14.42.37:217][  0]LogXGEController: Cannot use XGE Controller as Incredibuild is not installed on this machine.
[2020.01.15-14.42.37:217][  0]LogShaderCompilers: Cannot use XGE Shader Compiler as Incredibuild is not installed on this machine.
[2020.01.15-14.42.37:217][  0]LogShaderCompilers: Display: Using Local Shader Compiler.
[2020.01.15-14.42.37:749][  0]LogDerivedDataCache: Display: Max Cache Size: 512 MB
[2020.01.15-14.42.37:811][  0]LogDerivedDataCache: Loaded boot cache 0.06s 71MB C:/Users/David/AppData/Local/UnrealEngine/4.22/DerivedDataCache/Boot.ddc.
[2020.01.15-14.42.37:811][  0]LogDerivedDataCache: Display: Loaded Boot cache: C:/Users/David/AppData/Local/UnrealEngine/4.22/DerivedDataCache/Boot.ddc
[2020.01.15-14.42.37:811][  0]LogDerivedDataCache: FDerivedDataBackendGraph:  Pak pak cache file ../../../../../../GitHub/PruebaNovarama/TopShooter/DerivedDataCache/DDC.ddp not found, will not use a pak cache.
[2020.01.15-14.42.37:811][  0]LogDerivedDataCache: Unable to find inner node Pak for hierarchical cache Hierarchy.
[2020.01.15-14.42.37:811][  0]LogDerivedDataCache: FDerivedDataBackendGraph:  CompressedPak pak cache file ../../../../../../GitHub/PruebaNovarama/TopShooter/DerivedDataCache/Compressed.ddp not found, will not use a pak cache.
[2020.01.15-14.42.37:811][  0]LogDerivedDataCache: Unable to find inner node CompressedPak for hierarchical cache Hierarchy.
[2020.01.15-14.42.37:823][  0]LogDerivedDataCache: Display: Pak cache opened for reading ../../../Engine/DerivedDataCache/Compressed.ddp.
[2020.01.15-14.42.37:823][  0]LogDerivedDataCache: FDerivedDataBackendGraph:  EnterprisePak pak cache file ../../../Enterprise/DerivedDataCache/Compressed.ddp not found, will not use a pak cache.
[2020.01.15-14.42.37:823][  0]LogDerivedDataCache: Unable to find inner node EnterprisePak for hierarchical cache Hierarchy.
[2020.01.15-14.42.37:835][  0]LogDerivedDataCache: Using Local data cache path C:/Users/David/AppData/Local/UnrealEngine/Common/DerivedDataCache: Writable
[2020.01.15-14.42.37:835][  0]LogDerivedDataCache: Shared data cache path not found in *engine.ini, will not use an Shared cache.
[2020.01.15-14.42.37:835][  0]LogDerivedDataCache: Unable to find inner node Shared for hierarchical cache Hierarchy.
[2020.01.15-14.42.37:856][  0]LogMaterial: Verifying Global Shaders for PCD3D_SM5
[2020.01.15-14.42.37:857][  0]LogSlate: Using FreeType 2.6.0
[2020.01.15-14.42.37:857][  0]LogSlate: SlateFontServices - WITH_FREETYPE: 1, WITH_HARFBUZZ: 1
[2020.01.15-14.42.37:933][  0]LogAssetRegistry: FAssetRegistry took 0.0320 seconds to start up
[2020.01.15-14.42.38:222][  0]LogInit: Selected Device Profile: [Windows]
[2020.01.15-14.42.38:339][  0]LogMeshReduction: Using QuadricMeshReduction for automatic static mesh reduction
[2020.01.15-14.42.38:339][  0]LogMeshReduction: Using SimplygonMeshReduction for automatic skeletal mesh reduction
[2020.01.15-14.42.38:339][  0]LogMeshReduction: Using ProxyLODMeshReduction for automatic mesh merging
[2020.01.15-14.42.38:340][  0]LogMeshReduction: No distributed automatic mesh merging module available
[2020.01.15-14.42.38:340][  0]LogMeshMerging: No distributed automatic mesh merging module available
[2020.01.15-14.42.38:349][  0]LogNetVersion: TopShooter 1.0.0, NetCL: 5660361, EngineNetVer: 10, GameNetVer: 0 (Checksum: 1688279238)
[2020.01.15-14.42.38:708][  0]LogPackageLocalizationCache: Processed 10 localized package path(s) for 1 prioritized culture(s) in 0.035842 seconds
[2020.01.15-14.42.38:715][  0]LogUObjectArray: 42205 objects as part of root set at end of initial load.
[2020.01.15-14.42.38:715][  0]LogUObjectAllocator: 7325032 out of 0 bytes used by permanent object pool.
[2020.01.15-14.42.38:715][  0]LogUObjectArray: CloseDisregardForGC: 0/0 objects in disregard for GC pool
[2020.01.15-14.42.39:372][  0]LogTcpMessaging: Initializing TcpMessaging bridge
[2020.01.15-14.42.39:385][  0]LogUdpMessaging: Initializing bridge on interface 0.0.0.0:0 to multicast group 230.0.0.1:6666.
[2020.01.15-14.42.41:021][  0]LogStats: FPlatformStackWalk::StackWalkAndDump -  1.542 s
[2020.01.15-14.42.41:021][  0]LogOutputDevice: Error: === Handled ensure: ===
[2020.01.15-14.42.41:021][  0]LogOutputDevice: Error: 
[2020.01.15-14.42.41:021][  0]LogOutputDevice: Error: Ensure condition failed: AttachmentRules.LocationRule == EAttachmentRule::KeepRelative && AttachmentRules.RotationRule == EAttachmentRule::KeepRelative && AttachmentRules.ScaleRule == EAttachmentRule::KeepRelative [File:D:\Build\++UE4\Sync\Engine\Source\Runtime\Engine\Private\Components\SceneComponent.cpp] [Line: 1786]
[2020.01.15-14.42.41:021][  0]LogOutputDevice: Error: AttachToComponent when called from a constructor is only setting up attachment and will always be treated as KeepRelative. Consider calling SetupAttachment directly instead.
[2020.01.15-14.42.41:021][  0]LogOutputDevice: Error: Stack: 
[2020.01.15-14.42.41:021][  0]LogOutputDevice: Error: [Callstack] 0x00007ffbc025cd89 UE4Editor-Engine.dll!DispatchCheckVerify<bool,<lambda_2fa4c8014e6e2d59bee8e8ac7e5934f3> >() [d:\build\++ue4\sync\engine\source\runtime\core\public\misc\assertionmacros.h:161]
[2020.01.15-14.42.41:021][  0]LogOutputDevice: Error: [Callstack] 0x00007ffbbf094fa1 UE4Editor-Engine.dll!USceneComponent::AttachToComponent() [d:\build\++ue4\sync\engine\source\runtime\engine\private\components\scenecomponent.cpp:1786]
[2020.01.15-14.42.41:021][  0]LogOutputDevice: Error: [Callstack] 0x00007ffbca524084 UE4Editor-TopShooter-6013.dll!AEnemies::AEnemies() [d:\github\pruebanovarama\topshooter\source\topshooter\enemies.cpp:40]
[2020.01.15-14.42.41:021][  0]LogOutputDevice: Error: [Callstack] 0x00007ffbc672610f UE4Editor-CoreUObject.dll!UClass::CreateDefaultObject() [d:\build\++ue4\sync\engine\source\runtime\coreuobject\private\uobject\class.cpp:3076]
[2020.01.15-14.42.41:021][  0]LogOutputDevice: Error: [Callstack] 0x00007ffbc6961056 UE4Editor-CoreUObject.dll!UObjectLoadAllCompiledInDefaultProperties() [d:\build\++ue4\sync\engine\source\runtime\coreuobject\private\uobject\uobjectbase.cpp:793]
[2020.01.15-14.42.41:021][  0]LogOutputDevice: Error: [Callstack] 0x00007ffbc694edef UE4Editor-CoreUObject.dll!ProcessNewlyLoadedUObjects() [d:\build\++ue4\sync\engine\source\runtime\coreuobject\private\uobject\uobjectbase.cpp:869]
[2020.01.15-14.42.41:021][  0]LogOutputDevice: Error: [Callstack] 0x00007ffbc672a727 UE4Editor-CoreUObject.dll!TBaseStaticDelegateInstance<void __cdecl(void)>::ExecuteIfSafe() [d:\build\++ue4\sync\engine\source\runtime\core\public\delegates\delegateinstancesimpl.h:813]
[2020.01.15-14.42.41:021][  0]LogOutputDevice: Error: [Callstack] 0x00007ffbc7144a2b UE4Editor-Core.dll!TBaseMulticastDelegate<void>::Broadcast() [d:\build\++ue4\sync\engine\source\runtime\core\public\delegates\delegatesignatureimpl.inl:977]
[2020.01.15-14.42.41:021][  0]LogOutputDevice: Error: [Callstack] 0x00007ffbc7315cb5 UE4Editor-Core.dll!FModuleManager::LoadModuleWithFailureReason() [d:\build\++ue4\sync\engine\source\runtime\core\private\modules\modulemanager.cpp:530]
[2020.01.15-14.42.41:021][  0]LogOutputDevice: Error: [Callstack] 0x00007ffbd62a8d67 UE4Editor-Projects.dll!FModuleDescriptor::LoadModulesForPhase() [d:\build\++ue4\sync\engine\source\runtime\projects\private\moduledescriptor.cpp:596]
[2020.01.15-14.42.41:021][  0]LogOutputDevice: Error: [Callstack] 0x00007ffbd62a8ff7 UE4Editor-Projects.dll!FProjectManager::LoadModulesForProject() [d:\build\++ue4\sync\engine\source\runtime\projects\private\projectmanager.cpp:63]
[2020.01.15-14.42.41:021][  0]LogOutputDevice: Error: [Callstack] 0x00007ff6c6aa7eb1 UE4Editor.exe!FEngineLoop::LoadStartupModules() [d:\build\++ue4\sync\engine\source\runtime\launch\private\launchengineloop.cpp:3135]
[2020.01.15-14.42.41:021][  0]LogOutputDevice: Error: [Callstack] 0x00007ff6c6aad671 UE4Editor.exe!FEngineLoop::PreInit() [d:\build\++ue4\sync\engine\source\runtime\launch\private\launchengineloop.cpp:2536]
[2020.01.15-14.42.41:021][  0]LogOutputDevice: Error: [Callstack] 0x00007ff6c6aa5377 UE4Editor.exe!GuardedMain() [d:\build\++ue4\sync\engine\source\runtime\launch\private\launch.cpp:129]
[2020.01.15-14.42.41:021][  0]LogOutputDevice: Error: [Callstack] 0x00007ff6c6aa55ca UE4Editor.exe!GuardedMainWrapper() [d:\build\++ue4\sync\engine\source\runtime\launch\private\windows\launchwindows.cpp:145]
[2020.01.15-14.42.41:021][  0]LogOutputDevice: Error: [Callstack] 0x00007ff6c6ab316c UE4Editor.exe!WinMain() [d:\build\++ue4\sync\engine\source\runtime\launch\private\windows\launchwindows.cpp:275]
[2020.01.15-14.42.41:021][  0]LogOutputDevice: Error: [Callstack] 0x00007ff6c6ab5b8e UE4Editor.exe!__scrt_common_main_seh() [d:\agent\_work\3\s\src\vctools\crt\vcstartup\src\startup\exe_common.inl:288]
[2020.01.15-14.42.41:021][  0]LogOutputDevice: Error: [Callstack] 0x00007ffbe89c13d2 KERNEL32.DLL!UnknownFunction []
[2020.01.15-14.42.41:021][  0]LogOutputDevice: Error: [Callstack] 0x00007ffbeacb54f4 ntdll.dll!UnknownFunction []
[2020.01.15-14.42.41:021][  0]LogOutputDevice: Error: 
[2020.01.15-14.42.41:031][  0]LogStats:                SubmitErrorReport -  0.000 s
[2020.01.15-14.42.41:251][  0]LogStats:                    SendNewReport -  0.220 s
[2020.01.15-14.42.41:251][  0]LogStats:             FDebug::EnsureFailed -  1.773 s
[2020.01.15-14.42.41:605][  0]SourceControl: Source control is disabled
[2020.01.15-14.42.41:605][  0]SourceControl: Source control is disabled
[2020.01.15-14.42.41:607][  0]SourceControl: Source control is disabled
[2020.01.15-14.42.41:607][  0]SourceControl: Source control is disabled
[2020.01.15-14.42.41:662][  0]LogAndroidPermission: UAndroidPermissionCallbackProxy::GetInstance
[2020.01.15-14.42.41:767][  0]LogOcInput: OculusInput pre-init called
[2020.01.15-14.42.42:412][  0]LogEngine: Initializing Engine...
[2020.01.15-14.42.42:413][  0]LogHMD: Failed to initialize OpenVR with code 110
[2020.01.15-14.42.42:414][  0]LogStats: UGameplayTagsManager::InitializeManager -  0.000 s
[2020.01.15-14.42.42:633][  0]LogInit: Initializing FReadOnlyCVARCache
[2020.01.15-14.42.42:643][  0]LogAIModule: Creating AISystem for world Untitled
[2020.01.15-14.42.42:685][  0]LogInit: XAudio2 using 'Speakers (Realtek High Definition Audio)' : 2 channels at 48 kHz using 32 bits per sample (channel mask 0x3)
[2020.01.15-14.42.42:694][  0]LogInit: FAudioDevice initialized.
[2020.01.15-14.42.42:694][  0]LogNetVersion: Set ProjectVersion to 1.0.0.0. Version Checksum will be recalculated on next use.
[2020.01.15-14.42.42:768][  0]LogDerivedDataCache: Saved boot cache 0.07s 76MB C:/Users/David/AppData/Local/UnrealEngine/4.22/DerivedDataCache/Boot.ddc.
[2020.01.15-14.42.42:777][  0]LogInit: Texture streaming: Enabled
[2020.01.15-14.42.42:790][  0]LogEngineSessionManager: EngineSessionManager initialized
[2020.01.15-14.42.42:807][  0]LogInit: Transaction tracking system initialized
[2020.01.15-14.42.42:822][  0]BlueprintLog: New page: Editor Load
[2020.01.15-14.42.42:876][  0]LocalizationService: Localization service is disabled
[2020.01.15-14.42.42:968][  0]LogLinker: Warning: Can't find file '/Game/ThirdPersonBP/ThirdPersonOverview'
[2020.01.15-14.42.42:968][  0]LogLinker: Warning: Can't find file '/Game/ThirdPersonBP/ThirdPersonOverview'
[2020.01.15-14.42.42:968][  0]LogUObjectGlobals: Warning: Failed to find object 'Class /Game/ThirdPersonBP/ThirdPersonOverview.ThirdPersonOverview_C'
[2020.01.15-14.42.43:124][  0]LogFileCache: Scanning file cache for directory 'D:/GitHub/PruebaNovarama/TopShooter/Content/' took 0.01s
[2020.01.15-14.42.43:124][  0]LogCook: Display: Max memory allowance for cook 16384mb min free memory 0mb
[2020.01.15-14.42.43:124][  0]LogCook: Display: Mobile HDR setting 1
[2020.01.15-14.42.43:267][  0]SourceControl: Source control is disabled
[2020.01.15-14.42.43:267][  0]Cmd: MAP LOAD FILE="../../../../../../GitHub/PruebaNovarama/TopShooter/Content/TopDownCPP/Maps/TopDownExampleMap.umap" TEMPLATE=0 SHOWPROGRESS=1 FEATURELEVEL=3
[2020.01.15-14.42.43:268][  0]LightingResults: New page: Lighting Build
[2020.01.15-14.42.43:269][  0]MapCheck: New page: Map Check
[2020.01.15-14.42.43:269][  0]LightingResults: New page: Lighting Build
[2020.01.15-14.42.43:293][  0]LogUObjectHash: Compacting FUObjectHashTables data took   2.28ms
[2020.01.15-14.42.43:420][  0]LogAIModule: Creating AISystem for world TopDownExampleMap
[2020.01.15-14.42.43:429][  0]LogEditorServer: Finished looking for orphan Actors (0.000 secs)
[2020.01.15-14.42.43:455][  0]LogUObjectHash: Compacting FUObjectHashTables data took   2.10ms
[2020.01.15-14.42.43:455][  0]Cmd: MAP CHECKDEP NOCLEARLOG
[2020.01.15-14.42.43:455][  0]MapCheck: Map check complete: 0 Error(s), 0 Warning(s), took 0.082ms to complete.
[2020.01.15-14.42.43:455][  0]LogFileHelpers: Loading map 'TopDownExampleMap' took 0.188
[2020.01.15-14.42.43:545][  0]LogSlate: Updating window title bar state: overlay mode, drag disabled, window buttons hidden, title bar hidden
[2020.01.15-14.42.43:552][  0]LogSlate: Updating window title bar state: overlay mode, drag disabled, window buttons hidden, title bar hidden
[2020.01.15-14.42.43:559][  0]LogSlate: Updating window title bar state: overlay mode, drag disabled, window buttons hidden, title bar hidden
[2020.01.15-14.42.43:567][  0]LogSlate: Updating window title bar state: overlay mode, drag disabled, window buttons hidden, title bar hidden
[2020.01.15-14.42.43:570][  0]LogCollectionManager: Loaded 0 collections in 0.000729 seconds
[2020.01.15-14.42.43:585][  0]LogFileCache: Scanning file cache for directory 'D:/GitHub/PruebaNovarama/TopShooter/Saved/Collections/' took 0.01s
[2020.01.15-14.42.43:585][  0]LogFileCache: Scanning file cache for directory 'D:/GitHub/PruebaNovarama/TopShooter/Content/Developers/David/Collections/' took 0.00s
[2020.01.15-14.42.43:585][  0]LogFileCache: Scanning file cache for directory 'D:/GitHub/PruebaNovarama/TopShooter/Content/Collections/' took 0.00s
[2020.01.15-14.42.43:585][  0]LogCollectionManager: Rebuilt the GUID cache for 0 collections in 0.000001 seconds
[2020.01.15-14.42.43:593][  0]LogContentBrowser: Native class hierarchy populated in 0.0085 seconds. Added 2741 classes and 661 folders.
[2020.01.15-14.42.43:597][  0]LogContentBrowser: Native class hierarchy updated for 'WidgetCarousel' in 0.0003 seconds. Added 0 classes and 0 folders.
[2020.01.15-14.42.43:598][  0]LogPakFile: Registered encryption key '00000000000000000000000000000000': 0 pak files mounted, 0 remain pending
[2020.01.15-14.42.43:599][  0]LogPakFile: Registered encryption key '00000000000000000000000000000000': 0 pak files mounted, 0 remain pending
[2020.01.15-14.42.43:600][  0]LogPakFile: Registered encryption key '00000000000000000000000000000000': 0 pak files mounted, 0 remain pending
[2020.01.15-14.42.43:600][  0]LogPakFile: Registered encryption key '00000000000000000000000000000000': 0 pak files mounted, 0 remain pending
[2020.01.15-14.42.43:600][  0]LogPakFile: Registered encryption key '00000000000000000000000000000000': 0 pak files mounted, 0 remain pending
[2020.01.15-14.42.43:601][  0]LogPakFile: Registered encryption key '00000000000000000000000000000000': 0 pak files mounted, 0 remain pending
[2020.01.15-14.42.43:601][  0]LogPakFile: Registered encryption key '00000000000000000000000000000000': 0 pak files mounted, 0 remain pending
[2020.01.15-14.42.43:601][  0]LogPakFile: Registered encryption key '00000000000000000000000000000000': 0 pak files mounted, 0 remain pending
[2020.01.15-14.42.43:602][  0]LogPakFile: Registered encryption key '00000000000000000000000000000000': 0 pak files mounted, 0 remain pending
[2020.01.15-14.42.43:602][  0]LogPakFile: Registered encryption key '00000000000000000000000000000000': 0 pak files mounted, 0 remain pending
[2020.01.15-14.42.43:603][  0]LogPakFile: Registered encryption key '00000000000000000000000000000000': 0 pak files mounted, 0 remain pending
[2020.01.15-14.42.43:603][  0]LogPakFile: Registered encryption key '00000000000000000000000000000000': 0 pak files mounted, 0 remain pending
[2020.01.15-14.42.43:604][  0]LogPakFile: Registered encryption key '00000000000000000000000000000000': 0 pak files mounted, 0 remain pending
[2020.01.15-14.42.43:604][  0]LogPakFile: Registered encryption key '00000000000000000000000000000000': 0 pak files mounted, 0 remain pending
[2020.01.15-14.42.43:604][  0]LogPakFile: Registered encryption key '00000000000000000000000000000000': 0 pak files mounted, 0 remain pending
[2020.01.15-14.42.43:605][  0]LogPakFile: Registered encryption key '00000000000000000000000000000000': 0 pak files mounted, 0 remain pending
[2020.01.15-14.42.43:605][  0]LogPakFile: Registered encryption key '00000000000000000000000000000000': 0 pak files mounted, 0 remain pending
[2020.01.15-14.42.43:605][  0]LogPakFile: Registered encryption key '00000000000000000000000000000000': 0 pak files mounted, 0 remain pending
[2020.01.15-14.42.43:606][  0]LogPakFile: Registered encryption key '00000000000000000000000000000000': 0 pak files mounted, 0 remain pending
[2020.01.15-14.42.43:606][  0]LogPakFile: Registered encryption key '00000000000000000000000000000000': 0 pak files mounted, 0 remain pending
[2020.01.15-14.42.43:606][  0]LogPakFile: Registered encryption key '00000000000000000000000000000000': 0 pak files mounted, 0 remain pending
[2020.01.15-14.42.43:607][  0]LogPakFile: Registered encryption key '00000000000000000000000000000000': 0 pak files mounted, 0 remain pending
[2020.01.15-14.42.43:607][  0]LogPakFile: Registered encryption key '00000000000000000000000000000000': 0 pak files mounted, 0 remain pending
[2020.01.15-14.42.43:607][  0]LogPakFile: Registered encryption key '00000000000000000000000000000000': 0 pak files mounted, 0 remain pending
[2020.01.15-14.42.43:608][  0]LogPakFile: Registered encryption key '00000000000000000000000000000000': 0 pak files mounted, 0 remain pending
[2020.01.15-14.42.43:608][  0]LogPakFile: Registered encryption key '00000000000000000000000000000000': 0 pak files mounted, 0 remain pending
[2020.01.15-14.42.43:626][  0]LogContentBrowser: Native class hierarchy updated for 'AddContentDialog' in 0.0004 seconds. Added 0 classes and 0 folders.
[2020.01.15-14.42.43:632][  0]LogContentBrowser: Native class hierarchy updated for 'SceneOutliner' in 0.0004 seconds. Added 1 classes and 2 folders.
[2020.01.15-14.42.43:639][  0]LogContentBrowser: Native class hierarchy updated for 'WorldBrowser' in 0.0003 seconds. Added 2 classes and 3 folders.
[2020.01.15-14.42.43:704][  0]LogSlate: Took 0.000149 seconds to synchronously load lazily loaded font '../../../Engine/Content/Slate/Fonts/Roboto-Regular.ttf' (155K)
[2020.01.15-14.42.43:706][  0]LogSlate: Took 0.000107 seconds to synchronously load lazily loaded font '../../../Engine/Content/Slate/Fonts/Roboto-Bold.ttf' (160K)
[2020.01.15-14.42.43:711][  0]LogSlate: Took 0.000210 seconds to synchronously load lazily loaded font '../../../Engine/Content/Editor/Slate/Fonts/FontAwesome.ttf' (139K)
[2020.01.15-14.42.43:768][  0]LogRenderer: Reallocating scene render targets to support 1208x572 Format 10 NumSamples 1 (Frame:1).
[2020.01.15-14.42.43:877][  0]LogSlate: Took 0.000168 seconds to synchronously load lazily loaded font '../../../Engine/Content/Slate/Fonts/Roboto-Light.ttf' (167K)
[2020.01.15-14.42.44:004][  0]LogContentBrowser: Native class hierarchy updated for 'HierarchicalLODOutliner' in 0.0003 seconds. Added 0 classes and 0 folders.
[2020.01.15-14.42.44:004][  0]LogLoad: (Engine Initialization) Total time: 8.84 seconds
[2020.01.15-14.42.44:004][  0]LogLoad: (Engine Initialization) Total Blueprint compile time: 0.00 seconds
[2020.01.15-14.42.44:039][  0]LogAssetRegistry: Asset discovery search completed in 6.1285 seconds
[2020.01.15-14.42.44:041][  0]LogCollectionManager: Rebuilt the object cache for 0 collections in 0.000000 seconds (found 0 objects)
[2020.01.15-14.42.44:042][  0]LogCollectionManager: Fixed up redirectors for 0 collections in 0.000068 seconds (updated 0 objects)
[2020.01.15-14.42.44:042][  0]LogContentStreaming: Texture pool size now 1000 MB
[2020.01.15-14.42.45:054][109]LogSlate: Took 0.000178 seconds to synchronously load lazily loaded font '../../../Engine/Content/Slate/Fonts/Roboto-Light.ttf' (167K)
[2020.01.15-14.42.46:411][251]LogSlate: FSceneViewport::OnFocusLost() reason 0
[2020.01.15-14.42.47:260][348]LogAssetEditorManager: Opening Asset editor for BehaviorTree /Game/Enemy/Enemy_Great_Spider/BT_BasicRutine.BT_BasicRutine
[2020.01.15-14.42.47:405][348]LogAssetEditorManager: Opening Asset editor for Blueprint /Game/Enemy/Enemy_Great_Spider/BP_AIController.BP_AIController
[2020.01.15-14.42.47:665][348]LogContentBrowser: Native class hierarchy updated for 'BlueprintGraph' in 0.0006 seconds. Added 121 classes and 0 folders.
[2020.01.15-14.42.48:454][348]LogAssetEditorManager: Opening Asset editor for Blueprint /Game/Enemy/Enemy_Great_Spider/BTService_BlueprintBase_New.BTService_BlueprintBase_New
[2020.01.15-14.42.50:564][560]LogSlate: Took 0.000188 seconds to synchronously load lazily loaded font '../../../Engine/Content/Slate/Fonts/Roboto-BoldCondensed.ttf' (158K)
[2020.01.15-14.42.50:608][561]LogSlate: Took 0.000169 seconds to synchronously load lazily loaded font '../../../Engine/Content/Slate/Fonts/Roboto-Italic.ttf' (157K)
[2020.01.15-14.59.32:552][901]LogScript: Warning: Accessed None trying to read property MyPawn
	UE4ASP_HeroTPP_AnimBlueprint_C /Engine/Transient.World_2:PersistentLevel.SkeletalMeshActor_0.SkeletalMeshComponent0.UE4ASP_HeroTPP_AnimBlueprint_C_0
	Function /Game/AnimStarterPack/UE4ASP_HeroTPP_AnimBlueprint.UE4ASP_HeroTPP_AnimBlueprint_C:ExecuteUbergraph_UE4ASP_HeroTPP_AnimBlueprint:0028
[2020.01.15-14.59.32:553][901]LogScript: Warning: Accessed None trying to read property MyPawn
	UE4ASP_HeroTPP_AnimBlueprint_C /Engine/Transient.World_2:PersistentLevel.SkeletalMeshActor_0.SkeletalMeshComponent0.UE4ASP_HeroTPP_AnimBlueprint_C_0
	Function /Game/AnimStarterPack/UE4ASP_HeroTPP_AnimBlueprint.UE4ASP_HeroTPP_AnimBlueprint_C:ExecuteUbergraph_UE4ASP_HeroTPP_AnimBlueprint:00A0
[2020.01.15-14.59.32:553][901]LogScript: Warning: Accessed None trying to read property MyPawn
	UE4ASP_HeroTPP_AnimBlueprint_C /Engine/Transient.World_2:PersistentLevel.SkeletalMeshActor_0.SkeletalMeshComponent0.UE4ASP_HeroTPP_AnimBlueprint_C_0
	Function /Game/AnimStarterPack/UE4ASP_HeroTPP_AnimBlueprint.UE4ASP_HeroTPP_AnimBlueprint_C:ExecuteUbergraph_UE4ASP_HeroTPP_AnimBlueprint:00D6
[2020.01.15-14.59.34:727][ 97]LogScript: Warning: Accessed None trying to read property Me
	Anim_SpiderEnemy_C /Engine/Transient.World_7:PersistentLevel.SkeletalMeshActor_0.SkeletalMeshComponent0.Anim_SpiderEnemy_C_0
	Function /Game/Enemy/Enemy_Great_Spider/Anim_SpiderEnemy.Anim_SpiderEnemy_C:ExecuteUbergraph_Anim_SpiderEnemy:0111
[2020.01.15-14.59.54:941][283]LogPackageName: SearchForPackageOnDisk took   0.000s, but failed to resolve /Game/MyEnemyController.
[2020.01.15-14.59.54:950][283]LogAssetEditorManager: Opening Asset editor for Blueprint /Game/MyEnemyController.MyEnemyController
[2020.01.15-14.59.55:300][283]LogSlate: Window 'Add Blueprint Class' being destroyed
[2020.01.15-14.59.55:379][284]LogRenderer: Reallocating scene render targets to support 1208x676 Format 10 NumSamples 1 (Frame:1).
[2020.01.15-15.00.12:126][989]LogUObjectHash: Compacting FUObjectHashTables data took   4.24ms
[2020.01.15-15.00.14:130][989]LogSlate: Window 'Delete Assets' being destroyed
[2020.01.15-15.00.14:254][989]LogUObjectHash: Compacting FUObjectHashTables data took   2.04ms
[2020.01.15-15.03.09:599][570]LogHotReload: New module detected: UE4Editor-TopShooter-0174.dll
[2020.01.15-15.43.16:460][496]BlueprintLog: New page: Compile BP_AIController
[2020.01.15-15.43.16:619][496]LogUObjectHash: Compacting FUObjectHashTables data took   3.53ms
[2020.01.15-15.43.16:979][531]Cmd: OBJ SAVEPACKAGE PACKAGE="/Game/Enemy/Enemy_Great_Spider/BP_AIController" FILE="../../../../../../GitHub/PruebaNovarama/TopShooter/Content/Enemy/Enemy_Great_Spider/BP_AIController.uasset" SILENT=true
[2020.01.15-15.43.17:014][531]LogSavePackage: Moving '../../../../../../GitHub/PruebaNovarama/TopShooter/Saved/BP_AIControllerB87B8DFC412AA87E1FAD0D9EE4FFDF1F.tmp' to '../../../../../../GitHub/PruebaNovarama/TopShooter/Content/Enemy/Enemy_Great_Spider/BP_AIController.uasset'
[2020.01.15-15.54.38:074][897]LogHotReload: New module detected: UE4Editor-TopShooter-0179.dll
[2020.01.15-15.54.39:431][902]LogHotReload: Starting Hot-Reload from IDE
[2020.01.15-15.54.39:523][902]LogUObjectHash: Compacting FUObjectHashTables data took   3.35ms
[2020.01.15-15.54.39:523][902]LogBlueprintActionDatabase: Requesting refresh due to module change: TopShooter (unloaded)
[2020.01.15-15.54.39:653][902]LogClass: Could not find existing class EnemyController in package /Script/TopShooter for HotReload, assuming new class
[2020.01.15-15.54.39:653][902]LogClass: Function SightSensor is new.
[2020.01.15-15.54.39:662][902]LogClass: ETypePowerUp HotReload.
[2020.01.15-15.54.39:673][902]LogHotReload: Re-instancing EnemyController after hot-reload.
[2020.01.15-15.54.39:800][902]LogBlueprintActionDatabase: Requesting refresh due to module change: TopShooter (loaded)
[2020.01.15-15.54.39:801][902]LogContentBrowser: Native class hierarchy updated for 'TopShooter' in 0.0004 seconds. Added 9 classes and 2 folders.
[2020.01.15-15.54.39:804][902]Display: HotReload successful (9 functions remapped  0 scriptstructs remapped)
[2020.01.15-15.54.39:917][902]LogUObjectHash: Compacting FUObjectHashTables data took   1.72ms
[2020.01.15-15.54.39:917][902]LogBlueprintActionDatabase: Requesting refresh due to hot reload
[2020.01.15-15.54.39:938][902]LogContentBrowser: Native class hierarchy populated in 0.0091 seconds. Added 2744 classes and 666 folders.
[2020.01.15-15.54.39:940][902]Display: HotReload took  0.5s.
[2020.01.15-15.56.43:653][820]LogHotReload: New module detected: UE4Editor-TopShooter-0180.dll
[2020.01.15-15.56.44:660][824]LogHotReload: Starting Hot-Reload from IDE
[2020.01.15-15.56.44:759][824]LogUObjectHash: Compacting FUObjectHashTables data took   5.42ms
[2020.01.15-15.56.44:761][824]LogBlueprintActionDatabase: Requesting refresh due to module change: TopShooter (unloaded)
[2020.01.15-15.56.44:788][824]LogClass: Could not find existing class EnemyController in package /Script/TopShooter for HotReload, assuming new class
[2020.01.15-15.56.44:788][824]LogClass: Function OnActorDetected is new.
[2020.01.15-15.56.44:788][824]LogClass: Function SightSensor is new.
[2020.01.15-15.56.44:803][824]LogClass: ETypePowerUp HotReload.
[2020.01.15-15.56.44:814][824]LogHotReload: Re-instancing EnemyController after hot-reload.
[2020.01.15-15.56.44:974][824]LogBlueprintActionDatabase: Requesting refresh due to module change: TopShooter (loaded)
[2020.01.15-15.56.44:974][824]LogContentBrowser: Native class hierarchy updated for 'TopShooter' in 0.0004 seconds. Added 9 classes and 2 folders.
[2020.01.15-15.56.44:979][824]Display: HotReload successful (9 functions remapped  0 scriptstructs remapped)
[2020.01.15-15.56.45:075][824]LogUObjectHash: Compacting FUObjectHashTables data took   2.70ms
[2020.01.15-15.56.45:077][824]LogBlueprintActionDatabase: Requesting refresh due to hot reload
[2020.01.15-15.56.45:096][824]LogContentBrowser: Native class hierarchy populated in 0.0093 seconds. Added 2744 classes and 666 folders.
[2020.01.15-15.56.45:098][824]Display: HotReload took  0.4s.
[2020.01.15-15.58.24:514][121]LogHotReload: New module detected: UE4Editor-TopShooter-0181.dll
[2020.01.15-15.58.25:855][126]LogHotReload: Starting Hot-Reload from IDE
[2020.01.15-15.58.25:950][126]LogUObjectHash: Compacting FUObjectHashTables data took   5.24ms
[2020.01.15-15.58.25:952][126]LogBlueprintActionDatabase: Requesting refresh due to module change: TopShooter (unloaded)
[2020.01.15-15.58.25:976][126]LogClass: Could not find existing class EnemyController in package /Script/TopShooter for HotReload, assuming new class
[2020.01.15-15.58.25:976][126]LogClass: Function OnActorDetected is new.
[2020.01.15-15.58.25:988][126]LogClass: ETypePowerUp HotReload.
[2020.01.15-15.58.25:999][126]LogHotReload: Re-instancing EnemyController after hot-reload.
[2020.01.15-15.58.26:160][126]LogBlueprintActionDatabase: Requesting refresh due to module change: TopShooter (loaded)
[2020.01.15-15.58.26:161][126]LogContentBrowser: Native class hierarchy updated for 'TopShooter' in 0.0004 seconds. Added 9 classes and 2 folders.
[2020.01.15-15.58.26:166][126]Display: HotReload successful (9 functions remapped  0 scriptstructs remapped)
[2020.01.15-15.58.26:274][126]LogUObjectHash: Compacting FUObjectHashTables data took   3.19ms
[2020.01.15-15.58.26:276][126]LogBlueprintActionDatabase: Requesting refresh due to hot reload
[2020.01.15-15.58.26:295][126]LogContentBrowser: Native class hierarchy populated in 0.0091 seconds. Added 2744 classes and 666 folders.
[2020.01.15-15.58.26:297][126]Display: HotReload took  0.4s.
[2020.01.15-15.59.27:274][989]LogPackageName: SearchForPackageOnDisk took   0.000s, but failed to resolve /Game/Enemy/Enemy_Great_Spider/BP_AIEnemyController.
[2020.01.15-15.59.27:298][989]LogAssetEditorManager: Opening Asset editor for Blueprint /Game/Enemy/Enemy_Great_Spider/BP_AIEnemyController.BP_AIEnemyController
[2020.01.15-15.59.27:690][989]LogSlate: Window 'Add Blueprint Class' being destroyed
[2020.01.15-16.03.56:043][545]BlueprintLog: New page: Compile BP_AIEnemyController
[2020.01.15-16.03.56:297][545]LogUObjectHash: Compacting FUObjectHashTables data took   5.52ms
[2020.01.15-16.03.56:638][578]LogSavePackage: Moving '../../../../../../GitHub/PruebaNovarama/TopShooter/Saved/BP_AIEnemyControllerB4A3016440305FFA15972CB5EA2655BB.tmp' to '../../../../../../GitHub/PruebaNovarama/TopShooter/Content/Enemy/Enemy_Great_Spider/BP_AIEnemyController.uasset'
[2020.01.15-16.03.56:675][580]LogPackageName: SearchForPackageOnDisk took   0.000s to resolve /Game/Enemy/Enemy_Great_Spider/BP_AIEnemyController.
[2020.01.15-16.09.26:181][755]BlueprintLog: New page: Compile BP_AIEnemyController
[2020.01.15-16.09.26:385][755]LogUObjectHash: Compacting FUObjectHashTables data took   4.21ms
[2020.01.15-16.09.26:725][787]LogSavePackage: Moving '../../../../../../GitHub/PruebaNovarama/TopShooter/Saved/BP_AIEnemyControllerA9AB45BF441340DD0FF34CBECF148045.tmp' to '../../../../../../GitHub/PruebaNovarama/TopShooter/Content/Enemy/Enemy_Great_Spider/BP_AIEnemyController.uasset'
[2020.01.15-16.09.29:120][ 44]LogSavePackage: Moving '../../../../../../GitHub/PruebaNovarama/TopShooter/Saved/BP_AIEnemyController60CC9C0A4968E5561C73DA84B3A4AA24.tmp' to '../../../../../../GitHub/PruebaNovarama/TopShooter/Content/Enemy/Enemy_Great_Spider/BP_AIEnemyController.uasset'
[2020.01.15-16.10.12:225][791]BlueprintLog: New page: Compile BP_AIEnemyController
[2020.01.15-16.10.12:417][791]LogUObjectHash: Compacting FUObjectHashTables data took   4.01ms
[2020.01.15-16.10.13:019][853]LogSavePackage: Moving '../../../../../../GitHub/PruebaNovarama/TopShooter/Saved/BP_AIEnemyController923A16E24293B1364BD119B94F99C5CC.tmp' to '../../../../../../GitHub/PruebaNovarama/TopShooter/Content/Enemy/Enemy_Great_Spider/BP_AIEnemyController.uasset'
[2020.01.15-16.10.14:920][ 55]LogSavePackage: Moving '../../../../../../GitHub/PruebaNovarama/TopShooter/Saved/BP_AIEnemyController9F5055CF4BB551629895338492B16B36.tmp' to '../../../../../../GitHub/PruebaNovarama/TopShooter/Content/Enemy/Enemy_Great_Spider/BP_AIEnemyController.uasset'
[2020.01.15-16.13.11:038][ 53]LogEditorViewport: Clicking on Actor (LMB): BP_Spider_C (BP_Spider)
[2020.01.15-16.13.12:328][174]LogSlate: FSceneViewport::OnFocusLost() reason 0
[2020.01.15-16.13.13:119][268]LogAssetEditorManager: Opening Asset editor for Blueprint /Game/Enemy/Enemy_Great_Spider/BP_Spider.BP_Spider
[2020.01.15-16.13.18:111][590]LogSlate: Prevented a slow task dialog from being summoned while a context menu was open
[2020.01.15-16.13.21:514][828]BlueprintLog: New page: Compile BP_Spider
[2020.01.15-16.13.21:853][828]LogUObjectHash: Compacting FUObjectHashTables data took   4.33ms
[2020.01.15-16.13.22:162][838]Cmd: OBJ SAVEPACKAGE PACKAGE="/Game/Enemy/Enemy_Great_Spider/BP_Spider" FILE="../../../../../../GitHub/PruebaNovarama/TopShooter/Content/Enemy/Enemy_Great_Spider/BP_Spider.uasset" SILENT=true
[2020.01.15-16.13.22:233][838]LogSavePackage: Moving '../../../../../../GitHub/PruebaNovarama/TopShooter/Saved/BP_Spider0CD31CE84B66CB0AC07F77888BCD453D.tmp' to '../../../../../../GitHub/PruebaNovarama/TopShooter/Content/Enemy/Enemy_Great_Spider/BP_Spider.uasset'
[2020.01.15-16.14.29:639][580]LogHotReload: New module detected: UE4Editor-TopShooter-0182.dll
[2020.01.15-16.14.30:657][584]LogHotReload: Starting Hot-Reload from IDE
[2020.01.15-16.14.30:715][584]LogUObjectHash: Compacting FUObjectHashTables data took   4.58ms
[2020.01.15-16.14.30:716][584]LogBlueprintActionDatabase: Requesting refresh due to module change: TopShooter (unloaded)
[2020.01.15-16.14.30:761][584]LogClass: ETypePowerUp HotReload.
[2020.01.15-16.14.30:774][584]LogBlueprintActionDatabase: Requesting refresh due to module change: TopShooter (loaded)
[2020.01.15-16.14.30:775][584]LogContentBrowser: Native class hierarchy updated for 'TopShooter' in 0.0004 seconds. Added 9 classes and 2 folders.
[2020.01.15-16.14.30:780][584]Display: HotReload successful (10 functions remapped  0 scriptstructs remapped)
[2020.01.15-16.14.30:879][584]LogUObjectHash: Compacting FUObjectHashTables data took   2.78ms
[2020.01.15-16.14.30:880][584]LogBlueprintActionDatabase: Requesting refresh due to hot reload
[2020.01.15-16.14.30:898][584]LogContentBrowser: Native class hierarchy populated in 0.0091 seconds. Added 2744 classes and 666 folders.
[2020.01.15-16.14.30:900][584]Display: HotReload took  0.2s.
[2020.01.15-16.14.37:114][928]LogTemp: Repeating last play command: Selected Viewport
[2020.01.15-16.14.37:166][928]LogBlueprintUserMessages: Early PlayInEditor Detection: Level '/Game/TopDownCPP/Maps/TopDownExampleMap.TopDownExampleMap:PersistentLevel' has LevelScriptBlueprint '/Game/TopDownCPP/Maps/TopDownExampleMap.TopDownExampleMap:PersistentLevel.TopDownExampleMap' with GeneratedClass '/Game/TopDownCPP/Maps/TopDownExampleMap.TopDownExampleMap_C' with ClassGeneratedBy '/Game/TopDownCPP/Maps/TopDownExampleMap.TopDownExampleMap:PersistentLevel.TopDownExampleMap'
[2020.01.15-16.14.37:168][928]LogPlayLevel: PlayLevel: No blueprints needed recompiling
[2020.01.15-16.14.37:168][928]PIE: New page: PIE session: TopDownExampleMap (Jan 15, 2020, 6:14:37 PM)
[2020.01.15-16.14.37:181][928]LogPlayLevel: Creating play world package: /Game/TopDownCPP/Maps/UEDPIE_0_TopDownExampleMap
[2020.01.15-16.14.37:201][928]LogPlayLevel: PIE: StaticDuplicateObject took: (0.019689s)
[2020.01.15-16.14.37:201][928]LogAIModule: Creating AISystem for world TopDownExampleMap
[2020.01.15-16.14.37:202][928]LogPlayLevel: PIE: World Init took: (0.000824s)
[2020.01.15-16.14.37:202][928]LogPlayLevel: PIE: Created PIE world by copying editor world from /Game/TopDownCPP/Maps/TopDownExampleMap.TopDownExampleMap to /Game/TopDownCPP/Maps/UEDPIE_0_TopDownExampleMap.TopDownExampleMap (0.020810s)
[2020.01.15-16.14.37:264][928]LogUObjectHash: Compacting FUObjectHashTables data took   4.39ms
[2020.01.15-16.14.37:284][928]LogInit: XAudio2 using 'Speakers (Realtek High Definition Audio)' : 2 channels at 48 kHz using 32 bits per sample (channel mask 0x3)
[2020.01.15-16.14.37:290][928]LogInit: FAudioDevice initialized.
[2020.01.15-16.14.37:333][928]LogLoad: Game class is 'TopShooterGameMode'
[2020.01.15-16.14.37:335][928]LogWorld: Bringing World /Game/TopDownCPP/Maps/UEDPIE_0_TopDownExampleMap.TopDownExampleMap up for play (max tick rate 0) at 2020.01.15-17.14.37
[2020.01.15-16.14.37:336][928]LogWorld: Bringing up level for play took: 0.002006
[2020.01.15-16.14.37:363][928]LogBlueprintActionDatabase: Requesting refresh due to module change: Voice (loaded)
[2020.01.15-16.14.37:366][928]LogBlueprintActionDatabase: Requesting refresh due to module change: MovieSceneCapture (loaded)
[2020.01.15-16.14.37:366][928]LogContentBrowser: Native class hierarchy updated for 'MovieSceneCapture' in 0.0004 seconds. Added 20 classes and 0 folders.
[2020.01.15-16.14.37:369][928]LogActor: Warning: BP_Rifle_C /Game/TopDownCPP/Maps/UEDPIE_0_TopDownExampleMap.TopDownExampleMap:PersistentLevel.BP_Rifle_C_0 has natively added scene component(s), but none of them were set as the actor's RootComponent - picking one arbitrarily
[2020.01.15-16.14.37:369][928]PIE: Play in editor start time for /Game/TopDownCPP/Maps/UEDPIE_0_TopDownExampleMap 0.226
[2020.01.15-16.14.37:369][928]LogBlueprintUserMessages: Late PlayInEditor Detection: Level '/Game/TopDownCPP/Maps/TopDownExampleMap.TopDownExampleMap:PersistentLevel' has LevelScriptBlueprint '/Game/TopDownCPP/Maps/TopDownExampleMap.TopDownExampleMap:PersistentLevel.TopDownExampleMap' with GeneratedClass '/Game/TopDownCPP/Maps/TopDownExampleMap.TopDownExampleMap_C' with ClassGeneratedBy '/Game/TopDownCPP/Maps/TopDownExampleMap.TopDownExampleMap:PersistentLevel.TopDownExampleMap'
[2020.01.15-16.14.47:469][ 81]LogBlueprintUserMessages: Early EndPlayMap Detection: Level '/Game/TopDownCPP/Maps/TopDownExampleMap.TopDownExampleMap:PersistentLevel' has LevelScriptBlueprint '/Game/TopDownCPP/Maps/TopDownExampleMap.TopDownExampleMap:PersistentLevel.TopDownExampleMap' with GeneratedClass '/Game/TopDownCPP/Maps/TopDownExampleMap.TopDownExampleMap_C' with ClassGeneratedBy '/Game/TopDownCPP/Maps/TopDownExampleMap.TopDownExampleMap:PersistentLevel.TopDownExampleMap'
[2020.01.15-16.14.47:483][ 81]LogSlate: Updating window title bar state: overlay mode, drag disabled, window buttons hidden, title bar hidden
[2020.01.15-16.14.47:514][ 81]LogPlayLevel: Display: Shutting down PIE online subsystems
[2020.01.15-16.14.47:514][ 81]LogBlueprintUserMessages: Late EndPlayMap Detection: Level '/Game/TopDownCPP/Maps/TopDownExampleMap.TopDownExampleMap:PersistentLevel' has LevelScriptBlueprint '/Game/TopDownCPP/Maps/TopDownExampleMap.TopDownExampleMap:PersistentLevel.TopDownExampleMap' with GeneratedClass '/Game/TopDownCPP/Maps/TopDownExampleMap.TopDownExampleMap_C' with ClassGeneratedBy '/Game/TopDownCPP/Maps/TopDownExampleMap.TopDownExampleMap:PersistentLevel.TopDownExampleMap'
[2020.01.15-16.14.47:569][ 81]LogSlate: Updating window title bar state: overlay mode, drag disabled, window buttons hidden, title bar hidden
[2020.01.15-16.14.47:607][ 81]LogUObjectHash: Compacting FUObjectHashTables data took   5.96ms
[2020.01.15-16.14.47:630][ 82]LogPlayLevel: Display: Destroying online subsystem :Context_13
[2020.01.15-16.15.42:746][540]LogHotReload: New module detected: UE4Editor-TopShooter-0183.dll
[2020.01.15-16.15.43:753][544]LogHotReload: Starting Hot-Reload from IDE
[2020.01.15-16.15.43:811][544]LogUObjectHash: Compacting FUObjectHashTables data took   3.36ms
[2020.01.15-16.15.43:813][544]LogBlueprintActionDatabase: Requesting refresh due to module change: TopShooter (unloaded)
[2020.01.15-16.15.43:839][544]LogClass: Could not find existing class EnemyController in package /Script/TopShooter for HotReload, assuming new class
[2020.01.15-16.15.43:839][544]LogClass: Function OnActorDetected is new.
[2020.01.15-16.15.43:856][544]LogClass: ETypePowerUp HotReload.
[2020.01.15-16.15.43:868][544]LogHotReload: Re-instancing EnemyController after hot-reload.
[2020.01.15-16.15.44:245][544]LogBlueprintActionDatabase: Requesting refresh due to module change: TopShooter (loaded)
[2020.01.15-16.15.44:245][544]LogContentBrowser: Native class hierarchy updated for 'TopShooter' in 0.0004 seconds. Added 9 classes and 2 folders.
[2020.01.15-16.15.44:251][544]Display: HotReload successful (9 functions remapped  0 scriptstructs remapped)
[2020.01.15-16.15.44:365][544]LogUObjectHash: Compacting FUObjectHashTables data took   4.73ms
[2020.01.15-16.15.44:367][544]LogBlueprintActionDatabase: Requesting refresh due to hot reload
[2020.01.15-16.15.44:385][544]LogContentBrowser: Native class hierarchy populated in 0.0094 seconds. Added 2744 classes and 666 folders.
[2020.01.15-16.15.44:387][544]Display: HotReload took  0.6s.
[2020.01.15-16.16.04:783][606]LogSlate: FSceneViewport::OnFocusLost() reason 2
[2020.01.15-16.19.26:045][755]LogHotReload: New module detected: UE4Editor-TopShooter-0184.dll
[2020.01.15-16.19.27:398][760]LogHotReload: Starting Hot-Reload from IDE
[2020.01.15-16.19.27:505][760]LogUObjectHash: Compacting FUObjectHashTables data took   5.68ms
[2020.01.15-16.19.27:506][760]LogBlueprintActionDatabase: Requesting refresh due to module change: TopShooter (unloaded)
[2020.01.15-16.19.27:550][760]LogClass: ETypePowerUp HotReload.
[2020.01.15-16.19.27:564][760]LogBlueprintActionDatabase: Requesting refresh due to module change: TopShooter (loaded)
[2020.01.15-16.19.27:564][760]LogContentBrowser: Native class hierarchy updated for 'TopShooter' in 0.0004 seconds. Added 9 classes and 2 folders.
[2020.01.15-16.19.27:570][760]Display: HotReload successful (10 functions remapped  0 scriptstructs remapped)
[2020.01.15-16.19.27:720][760]LogUObjectHash: Compacting FUObjectHashTables data took   5.08ms
[2020.01.15-16.19.27:721][760]LogBlueprintActionDatabase: Requesting refresh due to hot reload
[2020.01.15-16.19.27:741][760]LogContentBrowser: Native class hierarchy populated in 0.0094 seconds. Added 2744 classes and 666 folders.
[2020.01.15-16.19.27:742][760]Display: HotReload took  0.3s.
[2020.01.15-16.19.34:554][ 66]LogTemp: Repeating last play command: Selected Viewport
[2020.01.15-16.19.34:586][ 66]LogBlueprintUserMessages: Early PlayInEditor Detection: Level '/Game/TopDownCPP/Maps/TopDownExampleMap.TopDownExampleMap:PersistentLevel' has LevelScriptBlueprint '/Game/TopDownCPP/Maps/TopDownExampleMap.TopDownExampleMap:PersistentLevel.TopDownExampleMap' with GeneratedClass '/Game/TopDownCPP/Maps/TopDownExampleMap.TopDownExampleMap_C' with ClassGeneratedBy '/Game/TopDownCPP/Maps/TopDownExampleMap.TopDownExampleMap:PersistentLevel.TopDownExampleMap'
[2020.01.15-16.19.34:589][ 66]LogPlayLevel: PlayLevel: No blueprints needed recompiling
[2020.01.15-16.19.34:589][ 66]PIE: New page: PIE session: TopDownExampleMap (Jan 15, 2020, 6:19:34 PM)
[2020.01.15-16.19.34:589][ 66]LogPlayLevel: Creating play world package: /Game/TopDownCPP/Maps/UEDPIE_0_TopDownExampleMap
[2020.01.15-16.19.34:606][ 66]LogPlayLevel: PIE: StaticDuplicateObject took: (0.016939s)
[2020.01.15-16.19.34:607][ 66]LogAIModule: Creating AISystem for world TopDownExampleMap
[2020.01.15-16.19.34:608][ 66]LogPlayLevel: PIE: World Init took: (0.001030s)
[2020.01.15-16.19.34:608][ 66]LogPlayLevel: PIE: Created PIE world by copying editor world from /Game/TopDownCPP/Maps/TopDownExampleMap.TopDownExampleMap to /Game/TopDownCPP/Maps/UEDPIE_0_TopDownExampleMap.TopDownExampleMap (0.018206s)
[2020.01.15-16.19.34:697][ 66]LogUObjectHash: Compacting FUObjectHashTables data took   5.35ms
[2020.01.15-16.19.34:715][ 66]LogInit: XAudio2 using 'Speakers (Realtek High Definition Audio)' : 2 channels at 48 kHz using 32 bits per sample (channel mask 0x3)
[2020.01.15-16.19.34:722][ 66]LogInit: FAudioDevice initialized.
[2020.01.15-16.19.34:750][ 66]LogLoad: Game class is 'TopShooterGameMode'
[2020.01.15-16.19.34:752][ 66]LogWorld: Bringing World /Game/TopDownCPP/Maps/UEDPIE_0_TopDownExampleMap.TopDownExampleMap up for play (max tick rate 0) at 2020.01.15-17.19.34
[2020.01.15-16.19.34:753][ 66]LogWorld: Bringing up level for play took: 0.002095
[2020.01.15-16.19.34:767][ 66]LogActor: Warning: BP_Rifle_C /Game/TopDownCPP/Maps/UEDPIE_0_TopDownExampleMap.TopDownExampleMap:PersistentLevel.BP_Rifle_C_0 has natively added scene component(s), but none of them were set as the actor's RootComponent - picking one arbitrarily
[2020.01.15-16.19.34:767][ 66]PIE: Play in editor start time for /Game/TopDownCPP/Maps/UEDPIE_0_TopDownExampleMap -0.375
[2020.01.15-16.19.34:768][ 66]LogBlueprintUserMessages: Late PlayInEditor Detection: Level '/Game/TopDownCPP/Maps/TopDownExampleMap.TopDownExampleMap:PersistentLevel' has LevelScriptBlueprint '/Game/TopDownCPP/Maps/TopDownExampleMap.TopDownExampleMap:PersistentLevel.TopDownExampleMap' with GeneratedClass '/Game/TopDownCPP/Maps/TopDownExampleMap.TopDownExampleMap_C' with ClassGeneratedBy '/Game/TopDownCPP/Maps/TopDownExampleMap.TopDownExampleMap:PersistentLevel.TopDownExampleMap'
[2020.01.15-16.20.10:508][258]LogWindows: Error: === Critical error: ===
[2020.01.15-16.20.10:508][258]LogWindows: Error: 
[2020.01.15-16.20.10:508][258]LogWindows: Error: Unhandled Exception: EXCEPTION_ACCESS_VIOLATION reading address 0x00000110
[2020.01.15-16.20.10:508][258]LogWindows: Error: 
[2020.01.15-16.20.10:508][258]LogWindows: Error: [Callstack] 0x00007ffbb5b588d0 UE4Editor-AIModule.dll!UBlackboardComponent::SetValueAsObject() [d:\build\++ue4\sync\engine\source\runtime\aimodule\private\behaviortree\blackboardcomponent.cpp:613]
[2020.01.15-16.20.10:508][258]LogWindows: Error: [Callstack] 0x00007ffbc7be542f UE4Editor-TopShooter-0184.dll!AEnemyController::OnActorDetected() [d:\github\pruebanovarama\topshooter\source\topshooter\enemycontroller.cpp:81]
[2020.01.15-16.20.10:508][258]LogWindows: Error: [Callstack] 0x00007ffbc7be56df UE4Editor-TopShooter-0184.dll!AEnemyController::execOnActorDetected() [d:\github\pruebanovarama\topshooter\source\topshooter\enemycontroller.h:19]
[2020.01.15-16.20.10:508][258]LogWindows: Error: [Callstack] 0x00007ffbc673bac8 UE4Editor-CoreUObject.dll!UFunction::Invoke() [d:\build\++ue4\sync\engine\source\runtime\coreuobject\private\uobject\class.cpp:4643]
[2020.01.15-16.20.10:508][258]LogWindows: Error: [Callstack] 0x00007ffbc694df07 UE4Editor-CoreUObject.dll!UObject::ProcessEvent() [d:\build\++ue4\sync\engine\source\runtime\coreuobject\private\uobject\scriptcore.cpp:1464]
[2020.01.15-16.20.10:508][258]LogWindows: Error: [Callstack] 0x00007ffbbec89ff3 UE4Editor-Engine.dll!AActor::ProcessEvent() [d:\build\++ue4\sync\engine\source\runtime\engine\private\actor.cpp:769]
[2020.01.15-16.20.10:508][258]LogWindows: Error: [Callstack] 0x00007ffbb5b061d1 UE4Editor-AIModule.dll!TMulticastScriptDelegate<FWeakObjectPtr>::ProcessMulticastDelegate<UObject>() [d:\build\++ue4\sync\engine\source\runtime\core\public\uobject\scriptdelegates.h:488]
[2020.01.15-16.20.10:508][258]LogWindows: Error: [Callstack] 0x00007ffbb5c12b29 UE4Editor-AIModule.dll!UAIPerceptionComponent::ProcessStimuli() [d:\build\++ue4\sync\engine\source\runtime\aimodule\private\perception\aiperceptioncomponent.cpp:475]
[2020.01.15-16.20.10:508][258]LogWindows: Error: [Callstack] 0x00007ffbb5c2ce6c UE4Editor-AIModule.dll!UAIPerceptionSystem::Tick() [d:\build\++ue4\sync\engine\source\runtime\aimodule\private\perception\aiperceptionsystem.cpp:244]
[2020.01.15-16.20.10:508][258]LogWindows: Error: [Callstack] 0x00007ffbbf4ab71b UE4Editor-Engine.dll!FTickableGameObject::TickObjects() [d:\build\++ue4\sync\engine\source\runtime\engine\private\leveltick.cpp:1360]
[2020.01.15-16.20.10:508][258]LogWindows: Error: [Callstack] 0x00007ffbbf4a917a UE4Editor-Engine.dll!UWorld::Tick() [d:\build\++ue4\sync\engine\source\runtime\engine\private\leveltick.cpp:1632]
[2020.01.15-16.20.10:509][258]LogWindows: Error: [Callstack] 0x00007ffbc49e02f7 UE4Editor-UnrealEd.dll!UEditorEngine::Tick() [d:\build\++ue4\sync\engine\source\editor\unrealed\private\editorengine.cpp:1618]
[2020.01.15-16.20.10:509][258]LogWindows: Error: [Callstack] 0x00007ffbc51fd396 UE4Editor-UnrealEd.dll!UUnrealEdEngine::Tick() [d:\build\++ue4\sync\engine\source\editor\unrealed\private\unrealedengine.cpp:403]
[2020.01.15-16.20.10:509][258]LogWindows: Error: [Callstack] 0x00007ff6c6a96bb1 UE4Editor.exe!FEngineLoop::Tick() [d:\build\++ue4\sync\engine\source\runtime\launch\private\launchengineloop.cpp:3967]
[2020.01.15-16.20.10:509][258]LogWindows: Error: [Callstack] 0x00007ff6c6aa554c UE4Editor.exe!GuardedMain() [d:\build\++ue4\sync\engine\source\runtime\launch\private\launch.cpp:168]
[2020.01.15-16.20.10:509][258]LogWindows: Error: [Callstack] 0x00007ff6c6aa55ca UE4Editor.exe!GuardedMainWrapper() [d:\build\++ue4\sync\engine\source\runtime\launch\private\windows\launchwindows.cpp:145]
[2020.01.15-16.20.10:509][258]LogWindows: Error: [Callstack] 0x00007ff6c6ab316c UE4Editor.exe!WinMain() [d:\build\++ue4\sync\engine\source\runtime\launch\private\windows\launchwindows.cpp:275]
[2020.01.15-16.20.10:509][258]LogWindows: Error: [Callstack] 0x00007ff6c6ab5b8e UE4Editor.exe!__scrt_common_main_seh() [d:\agent\_work\3\s\src\vctools\crt\vcstartup\src\startup\exe_common.inl:288]
[2020.01.15-16.20.10:509][258]LogWindows: Error: [Callstack] 0x00007ffbe89c13d2 KERNEL32.DLL!UnknownFunction []
[2020.01.15-16.20.10:509][258]LogWindows: Error: [Callstack] 0x00007ffbeacb54f4 ntdll.dll!UnknownFunction []
[2020.01.15-16.20.10:509][258]LogWindows: Error: 
[2020.01.15-16.20.10:517][258]LogExit: Executing StaticShutdownAfterError
[2020.01.15-16.20.10:537][258]LogWindows: FPlatformMisc::RequestExit(1)
[2020.01.15-16.20.10:565][258]Log file closed, 01/15/20 17:20:10
